[0.535s] Invoking command in '/home/stas/Dron/KNRDron/rosDron/src/drone_detector': CONDA_PROMPT_MODIFIER=(Dron) PYTHONPATH=/home/stas/Dron/KNRDron/rosDron/build/drone_detector/prefix_override:/home/stas/Dron/KNRDron/rosDron/install/drone_detector/lib/python3.10/site-packages:${PYTHONPATH} /usr/bin/python3 setup.py egg_info --egg-base ../../build/drone_detector build --build-base /home/stas/Dron/KNRDron/rosDron/build/drone_detector/build install --record /home/stas/Dron/KNRDron/rosDron/build/drone_detector/install.log --single-version-externally-managed
[0.749s] running egg_info
[0.750s] writing ../../build/drone_detector/drone_detector.egg-info/PKG-INFO
[0.750s] writing dependency_links to ../../build/drone_detector/drone_detector.egg-info/dependency_links.txt
[0.750s] writing entry points to ../../build/drone_detector/drone_detector.egg-info/entry_points.txt
[0.750s] writing requirements to ../../build/drone_detector/drone_detector.egg-info/requires.txt
[0.751s] writing top-level names to ../../build/drone_detector/drone_detector.egg-info/top_level.txt
[0.752s] reading manifest file '../../build/drone_detector/drone_detector.egg-info/SOURCES.txt'
[0.754s] writing manifest file '../../build/drone_detector/drone_detector.egg-info/SOURCES.txt'
[0.754s] running build
[0.754s] running build_py
[0.754s] copying drone_detector/image_subscriber.py -> /home/stas/Dron/KNRDron/rosDron/build/drone_detector/build/lib/drone_detector
[0.754s] copying drone_detector/image_publisher.py -> /home/stas/Dron/KNRDron/rosDron/build/drone_detector/build/lib/drone_detector
[0.755s] running install
[0.755s] /usr/lib/python3/dist-packages/setuptools/command/install.py:34: SetuptoolsDeprecationWarning: setup.py install is deprecated. Use build and pip and other standards-based tools.
[0.755s]   warnings.warn(
[0.755s] running install_lib
[0.756s] copying /home/stas/Dron/KNRDron/rosDron/build/drone_detector/build/lib/drone_detector/image_subscriber.py -> /home/stas/Dron/KNRDron/rosDron/install/drone_detector/lib/python3.10/site-packages/drone_detector
[0.756s] copying /home/stas/Dron/KNRDron/rosDron/build/drone_detector/build/lib/drone_detector/image_publisher.py -> /home/stas/Dron/KNRDron/rosDron/install/drone_detector/lib/python3.10/site-packages/drone_detector
[0.757s] byte-compiling /home/stas/Dron/KNRDron/rosDron/install/drone_detector/lib/python3.10/site-packages/drone_detector/image_subscriber.py to image_subscriber.cpython-310.pyc
[0.757s] byte-compiling /home/stas/Dron/KNRDron/rosDron/install/drone_detector/lib/python3.10/site-packages/drone_detector/image_publisher.py to image_publisher.cpython-310.pyc
[0.758s] running install_data
[0.758s] running install_egg_info
[0.760s] removing '/home/stas/Dron/KNRDron/rosDron/install/drone_detector/lib/python3.10/site-packages/drone_detector-0.0.0-py3.10.egg-info' (and everything under it)
[0.760s] Copying ../../build/drone_detector/drone_detector.egg-info to /home/stas/Dron/KNRDron/rosDron/install/drone_detector/lib/python3.10/site-packages/drone_detector-0.0.0-py3.10.egg-info
[0.761s] running install_scripts
[0.778s] Installing image_publisher script to /home/stas/Dron/KNRDron/rosDron/install/drone_detector/lib/drone_detector
[0.778s] Installing image_subscriber script to /home/stas/Dron/KNRDron/rosDron/install/drone_detector/lib/drone_detector
[0.779s] writing list of installed files to '/home/stas/Dron/KNRDron/rosDron/build/drone_detector/install.log'
[0.798s] Invoked command in '/home/stas/Dron/KNRDron/rosDron/src/drone_detector' returned '0': CONDA_PROMPT_MODIFIER=(Dron) PYTHONPATH=/home/stas/Dron/KNRDron/rosDron/build/drone_detector/prefix_override:/home/stas/Dron/KNRDron/rosDron/install/drone_detector/lib/python3.10/site-packages:${PYTHONPATH} /usr/bin/python3 setup.py egg_info --egg-base ../../build/drone_detector build --build-base /home/stas/Dron/KNRDron/rosDron/build/drone_detector/build install --record /home/stas/Dron/KNRDron/rosDron/build/drone_detector/install.log --single-version-externally-managed
