[0.575s] Invoking command in '/home/stas/Dron/KNRDron/rosDron/src/drone_detector': CONDA_PROMPT_MODIFIER=(Dron) PYTHONPATH=/home/stas/Dron/KNRDron/rosDron/build/drone_detector/prefix_override:/home/stas/Dron/KNRDron/rosDron/install/drone_detector/lib/python3.10/site-packages:${PYTHONPATH} /usr/bin/python3 setup.py egg_info --egg-base ../../build/drone_detector build --build-base /home/stas/Dron/KNRDron/rosDron/build/drone_detector/build install --record /home/stas/Dron/KNRDron/rosDron/build/drone_detector/install.log --single-version-externally-managed
[0.795s] running egg_info
[0.796s] writing ../../build/drone_detector/drone_detector.egg-info/PKG-INFO
[0.796s] writing dependency_links to ../../build/drone_detector/drone_detector.egg-info/dependency_links.txt
[0.796s] writing entry points to ../../build/drone_detector/drone_detector.egg-info/entry_points.txt
[0.796s] writing requirements to ../../build/drone_detector/drone_detector.egg-info/requires.txt
[0.796s] writing top-level names to ../../build/drone_detector/drone_detector.egg-info/top_level.txt
[0.798s] reading manifest file '../../build/drone_detector/drone_detector.egg-info/SOURCES.txt'
[0.799s] writing manifest file '../../build/drone_detector/drone_detector.egg-info/SOURCES.txt'
[0.799s] running build
[0.799s] running build_py
[0.799s] copying drone_detector/detector.py -> /home/stas/Dron/KNRDron/rosDron/build/drone_detector/build/lib/drone_detector
[0.800s] running install
[0.800s] /usr/lib/python3/dist-packages/setuptools/command/install.py:34: SetuptoolsDeprecationWarning: setup.py install is deprecated. Use build and pip and other standards-based tools.
[0.800s]   warnings.warn(
[0.800s] running install_lib
[0.801s] copying /home/stas/Dron/KNRDron/rosDron/build/drone_detector/build/lib/drone_detector/detector.py -> /home/stas/Dron/KNRDron/rosDron/install/drone_detector/lib/python3.10/site-packages/drone_detector
[0.801s] byte-compiling /home/stas/Dron/KNRDron/rosDron/install/drone_detector/lib/python3.10/site-packages/drone_detector/detector.py to detector.cpython-310.pyc
[0.801s] Sorry: IndentationError: unindent does not match any outer indentation level (detector.py, line 12)
[0.801s] running install_data
[0.802s] running install_egg_info
[0.803s] removing '/home/stas/Dron/KNRDron/rosDron/install/drone_detector/lib/python3.10/site-packages/drone_detector-0.0.0-py3.10.egg-info' (and everything under it)
[0.804s] Copying ../../build/drone_detector/drone_detector.egg-info to /home/stas/Dron/KNRDron/rosDron/install/drone_detector/lib/python3.10/site-packages/drone_detector-0.0.0-py3.10.egg-info
[0.804s] running install_scripts
[0.826s] Installing image_publisher script to /home/stas/Dron/KNRDron/rosDron/install/drone_detector/lib/drone_detector
[0.826s] Installing image_subscriber script to /home/stas/Dron/KNRDron/rosDron/install/drone_detector/lib/drone_detector
[0.827s] writing list of installed files to '/home/stas/Dron/KNRDron/rosDron/build/drone_detector/install.log'
