[0.487s] DEBUG:colcon:Command line arguments: ['/usr/bin/colcon', 'build']
[0.487s] DEBUG:colcon:Parsed command line arguments: Namespace(log_base=None, log_level=None, verb_name='build', build_base='build', install_base='install', merge_install=False, symlink_install=False, test_result_base=None, continue_on_error=False, executor='parallel', parallel_workers=8, event_handlers=None, ignore_user_meta=False, metas=['./colcon.meta'], base_paths=['.'], packages_ignore=None, packages_ignore_regex=None, paths=None, packages_up_to=None, packages_up_to_regex=None, packages_above=None, packages_above_and_dependencies=None, packages_above_depth=None, packages_select_by_dep=None, packages_skip_by_dep=None, packages_skip_up_to=None, packages_select_build_failed=False, packages_skip_build_finished=False, packages_select_test_failures=False, packages_skip_test_passed=False, packages_select=None, packages_skip=None, packages_select_regex=None, packages_skip_regex=None, packages_start=None, packages_end=None, allow_overriding=[], cmake_args=None, cmake_target=None, cmake_target_skip_unavailable=False, cmake_clean_cache=False, cmake_clean_first=False, cmake_force_configure=False, ament_cmake_args=None, catkin_cmake_args=None, catkin_skip_building_tests=False, verb_parser=<colcon_defaults.argument_parser.defaults.DefaultArgumentsDecorator object at 0x7f9d2bb4beb0>, verb_extension=<colcon_core.verb.build.BuildVerb object at 0x7f9d2bab3790>, main=<bound method BuildVerb.main of <colcon_core.verb.build.BuildVerb object at 0x7f9d2bab3790>>)
[0.529s] Level 1:colcon.colcon_core.package_discovery:discover_packages(colcon_meta) check parameters
[0.529s] Level 1:colcon.colcon_core.package_discovery:discover_packages(recursive) check parameters
[0.529s] Level 1:colcon.colcon_core.package_discovery:discover_packages(ignore) check parameters
[0.529s] Level 1:colcon.colcon_core.package_discovery:discover_packages(path) check parameters
[0.529s] Level 1:colcon.colcon_core.package_discovery:discover_packages(colcon_meta) discover
[0.529s] Level 1:colcon.colcon_core.package_discovery:discover_packages(recursive) discover
[0.529s] INFO:colcon.colcon_core.package_discovery:Crawling recursively for packages in '/home/stas/Dron/KNRDron/rosDron'
[0.529s] Level 1:colcon.colcon_core.package_identification:_identify(.) by extensions ['ignore', 'ignore_ament_install']
[0.529s] Level 1:colcon.colcon_core.package_identification:_identify(.) by extension 'ignore'
[0.529s] Level 1:colcon.colcon_core.package_identification:_identify(.) by extension 'ignore_ament_install'
[0.529s] Level 1:colcon.colcon_core.package_identification:_identify(.) by extensions ['colcon_pkg']
[0.530s] Level 1:colcon.colcon_core.package_identification:_identify(.) by extension 'colcon_pkg'
[0.530s] Level 1:colcon.colcon_core.package_identification:_identify(.) by extensions ['colcon_meta']
[0.530s] Level 1:colcon.colcon_core.package_identification:_identify(.) by extension 'colcon_meta'
[0.530s] Level 1:colcon.colcon_core.package_identification:_identify(.) by extensions ['ros']
[0.530s] Level 1:colcon.colcon_core.package_identification:_identify(.) by extension 'ros'
[0.545s] Level 1:colcon.colcon_core.package_identification:_identify(.) by extensions ['cmake', 'python']
[0.545s] Level 1:colcon.colcon_core.package_identification:_identify(.) by extension 'cmake'
[0.546s] Level 1:colcon.colcon_core.package_identification:_identify(.) by extension 'python'
[0.546s] Level 1:colcon.colcon_core.package_identification:_identify(.) by extensions ['python_setup_py']
[0.546s] Level 1:colcon.colcon_core.package_identification:_identify(.) by extension 'python_setup_py'
[0.546s] Level 1:colcon.colcon_core.package_identification:_identify(build) by extensions ['ignore', 'ignore_ament_install']
[0.546s] Level 1:colcon.colcon_core.package_identification:_identify(build) by extension 'ignore'
[0.546s] Level 1:colcon.colcon_core.package_identification:_identify(build) ignored
[0.546s] Level 1:colcon.colcon_core.package_identification:_identify(install) by extensions ['ignore', 'ignore_ament_install']
[0.546s] Level 1:colcon.colcon_core.package_identification:_identify(install) by extension 'ignore'
[0.546s] Level 1:colcon.colcon_core.package_identification:_identify(install) ignored
[0.547s] Level 1:colcon.colcon_core.package_identification:_identify(log) by extensions ['ignore', 'ignore_ament_install']
[0.547s] Level 1:colcon.colcon_core.package_identification:_identify(log) by extension 'ignore'
[0.547s] Level 1:colcon.colcon_core.package_identification:_identify(log) ignored
[0.547s] Level 1:colcon.colcon_core.package_identification:_identify(src) by extensions ['ignore', 'ignore_ament_install']
[0.547s] Level 1:colcon.colcon_core.package_identification:_identify(src) by extension 'ignore'
[0.547s] Level 1:colcon.colcon_core.package_identification:_identify(src) by extension 'ignore_ament_install'
[0.547s] Level 1:colcon.colcon_core.package_identification:_identify(src) by extensions ['colcon_pkg']
[0.547s] Level 1:colcon.colcon_core.package_identification:_identify(src) by extension 'colcon_pkg'
[0.547s] Level 1:colcon.colcon_core.package_identification:_identify(src) by extensions ['colcon_meta']
[0.547s] Level 1:colcon.colcon_core.package_identification:_identify(src) by extension 'colcon_meta'
[0.547s] Level 1:colcon.colcon_core.package_identification:_identify(src) by extensions ['ros']
[0.547s] Level 1:colcon.colcon_core.package_identification:_identify(src) by extension 'ros'
[0.548s] Level 1:colcon.colcon_core.package_identification:_identify(src) by extensions ['cmake', 'python']
[0.548s] Level 1:colcon.colcon_core.package_identification:_identify(src) by extension 'cmake'
[0.548s] Level 1:colcon.colcon_core.package_identification:_identify(src) by extension 'python'
[0.548s] Level 1:colcon.colcon_core.package_identification:_identify(src) by extensions ['python_setup_py']
[0.548s] Level 1:colcon.colcon_core.package_identification:_identify(src) by extension 'python_setup_py'
[0.548s] Level 1:colcon.colcon_core.package_identification:_identify(src/drone_detector) by extensions ['ignore', 'ignore_ament_install']
[0.548s] Level 1:colcon.colcon_core.package_identification:_identify(src/drone_detector) by extension 'ignore'
[0.548s] Level 1:colcon.colcon_core.package_identification:_identify(src/drone_detector) by extension 'ignore_ament_install'
[0.548s] Level 1:colcon.colcon_core.package_identification:_identify(src/drone_detector) by extensions ['colcon_pkg']
[0.548s] Level 1:colcon.colcon_core.package_identification:_identify(src/drone_detector) by extension 'colcon_pkg'
[0.548s] Level 1:colcon.colcon_core.package_identification:_identify(src/drone_detector) by extensions ['colcon_meta']
[0.548s] Level 1:colcon.colcon_core.package_identification:_identify(src/drone_detector) by extension 'colcon_meta'
[0.548s] Level 1:colcon.colcon_core.package_identification:_identify(src/drone_detector) by extensions ['ros']
[0.549s] Level 1:colcon.colcon_core.package_identification:_identify(src/drone_detector) by extension 'ros'
[0.552s] DEBUG:colcon.colcon_core.package_identification:Package 'src/drone_detector' with type 'ros.ament_python' and name 'drone_detector'
[0.552s] Level 1:colcon.colcon_core.package_discovery:discover_packages(recursive) using defaults
[0.552s] Level 1:colcon.colcon_core.package_discovery:discover_packages(ignore) discover
[0.552s] Level 1:colcon.colcon_core.package_discovery:discover_packages(ignore) using defaults
[0.552s] Level 1:colcon.colcon_core.package_discovery:discover_packages(path) discover
[0.552s] Level 1:colcon.colcon_core.package_discovery:discover_packages(path) using defaults
[0.584s] Level 1:colcon.colcon_core.package_discovery:discover_packages(prefix_path) check parameters
[0.585s] Level 1:colcon.colcon_core.package_discovery:discover_packages(prefix_path) discover
[0.588s] DEBUG:colcon.colcon_installed_package_information.package_discovery:Found 3 installed packages in /home/stas/ros2_ws/install
[0.590s] DEBUG:colcon.colcon_installed_package_information.package_discovery:Found 271 installed packages in /opt/ros/humble
[0.592s] Level 1:colcon.colcon_core.package_discovery:discover_packages(prefix_path) using defaults
[0.677s] Level 5:colcon.colcon_core.verb:set package 'drone_detector' build argument 'cmake_args' from command line to 'None'
[0.677s] Level 5:colcon.colcon_core.verb:set package 'drone_detector' build argument 'cmake_target' from command line to 'None'
[0.677s] Level 5:colcon.colcon_core.verb:set package 'drone_detector' build argument 'cmake_target_skip_unavailable' from command line to 'False'
[0.677s] Level 5:colcon.colcon_core.verb:set package 'drone_detector' build argument 'cmake_clean_cache' from command line to 'False'
[0.677s] Level 5:colcon.colcon_core.verb:set package 'drone_detector' build argument 'cmake_clean_first' from command line to 'False'
[0.677s] Level 5:colcon.colcon_core.verb:set package 'drone_detector' build argument 'cmake_force_configure' from command line to 'False'
[0.677s] Level 5:colcon.colcon_core.verb:set package 'drone_detector' build argument 'ament_cmake_args' from command line to 'None'
[0.678s] Level 5:colcon.colcon_core.verb:set package 'drone_detector' build argument 'catkin_cmake_args' from command line to 'None'
[0.678s] Level 5:colcon.colcon_core.verb:set package 'drone_detector' build argument 'catkin_skip_building_tests' from command line to 'False'
[0.678s] DEBUG:colcon.colcon_core.verb:Building package 'drone_detector' with the following arguments: {'ament_cmake_args': None, 'build_base': '/home/stas/Dron/KNRDron/rosDron/build/drone_detector', 'catkin_cmake_args': None, 'catkin_skip_building_tests': False, 'cmake_args': None, 'cmake_clean_cache': False, 'cmake_clean_first': False, 'cmake_force_configure': False, 'cmake_target': None, 'cmake_target_skip_unavailable': False, 'install_base': '/home/stas/Dron/KNRDron/rosDron/install/drone_detector', 'merge_install': False, 'path': '/home/stas/Dron/KNRDron/rosDron/src/drone_detector', 'symlink_install': False, 'test_result_base': None}
[0.679s] INFO:colcon.colcon_core.executor:Executing jobs using 'parallel' executor
[0.683s] DEBUG:colcon.colcon_parallel_executor.executor.parallel:run_until_complete
[0.683s] INFO:colcon.colcon_ros.task.ament_python.build:Building ROS package in '/home/stas/Dron/KNRDron/rosDron/src/drone_detector' with build type 'ament_python'
[0.683s] Level 1:colcon.colcon_core.shell:create_environment_hook('drone_detector', 'ament_prefix_path')
[0.689s] INFO:colcon.colcon_core.plugin_system:Skipping extension 'colcon_core.shell.bat': Not used on non-Windows systems
[0.689s] INFO:colcon.colcon_core.shell:Creating environment hook '/home/stas/Dron/KNRDron/rosDron/install/drone_detector/share/drone_detector/hook/ament_prefix_path.ps1'
[0.690s] INFO:colcon.colcon_core.shell:Creating environment descriptor '/home/stas/Dron/KNRDron/rosDron/install/drone_detector/share/drone_detector/hook/ament_prefix_path.dsv'
[0.690s] INFO:colcon.colcon_core.shell:Creating environment hook '/home/stas/Dron/KNRDron/rosDron/install/drone_detector/share/drone_detector/hook/ament_prefix_path.sh'
[0.693s] INFO:colcon.colcon_core.shell:Skip shell extension 'powershell' for command environment: Not usable outside of PowerShell
[0.693s] DEBUG:colcon.colcon_core.shell:Skip shell extension 'dsv' for command environment
[1.217s] INFO:colcon.colcon_core.task.python.build:Building Python package in '/home/stas/Dron/KNRDron/rosDron/src/drone_detector'
[1.219s] INFO:colcon.colcon_core.shell:Skip shell extension 'powershell' for command environment: Not usable outside of PowerShell
[1.219s] DEBUG:colcon.colcon_core.shell:Skip shell extension 'dsv' for command environment
[1.793s] DEBUG:colcon.colcon_core.event_handler.log_command:Invoking command in '/home/stas/Dron/KNRDron/rosDron/src/drone_detector': CONDA_PROMPT_MODIFIER=(Dron) PYTHONPATH=/home/stas/Dron/KNRDron/rosDron/build/drone_detector/prefix_override:/home/stas/Dron/KNRDron/rosDron/install/drone_detector/lib/python3.10/site-packages:${PYTHONPATH} /usr/bin/python3 setup.py egg_info --egg-base ../../build/drone_detector build --build-base /home/stas/Dron/KNRDron/rosDron/build/drone_detector/build install --record /home/stas/Dron/KNRDron/rosDron/build/drone_detector/install.log --single-version-externally-managed
[2.182s] DEBUG:colcon.colcon_core.event_handler.log_command:Invoked command in '/home/stas/Dron/KNRDron/rosDron/src/drone_detector' returned '0': CONDA_PROMPT_MODIFIER=(Dron) PYTHONPATH=/home/stas/Dron/KNRDron/rosDron/build/drone_detector/prefix_override:/home/stas/Dron/KNRDron/rosDron/install/drone_detector/lib/python3.10/site-packages:${PYTHONPATH} /usr/bin/python3 setup.py egg_info --egg-base ../../build/drone_detector build --build-base /home/stas/Dron/KNRDron/rosDron/build/drone_detector/build install --record /home/stas/Dron/KNRDron/rosDron/build/drone_detector/install.log --single-version-externally-managed
[2.187s] Level 1:colcon.colcon_core.environment:checking '/home/stas/Dron/KNRDron/rosDron/install/drone_detector' for CMake module files
[2.188s] Level 1:colcon.colcon_core.environment:checking '/home/stas/Dron/KNRDron/rosDron/install/drone_detector' for CMake config files
[2.189s] Level 1:colcon.colcon_core.environment:checking '/home/stas/Dron/KNRDron/rosDron/install/drone_detector/lib'
[2.189s] Level 1:colcon.colcon_core.environment:checking '/home/stas/Dron/KNRDron/rosDron/install/drone_detector/bin'
[2.189s] Level 1:colcon.colcon_core.environment:checking '/home/stas/Dron/KNRDron/rosDron/install/drone_detector/lib/pkgconfig/drone_detector.pc'
[2.190s] Level 1:colcon.colcon_core.environment:checking '/home/stas/Dron/KNRDron/rosDron/install/drone_detector/lib/python3.10/site-packages'
[2.190s] Level 1:colcon.colcon_core.shell:create_environment_hook('drone_detector', 'pythonpath')
[2.192s] INFO:colcon.colcon_core.shell:Creating environment hook '/home/stas/Dron/KNRDron/rosDron/install/drone_detector/share/drone_detector/hook/pythonpath.ps1'
[2.192s] INFO:colcon.colcon_core.shell:Creating environment descriptor '/home/stas/Dron/KNRDron/rosDron/install/drone_detector/share/drone_detector/hook/pythonpath.dsv'
[2.192s] INFO:colcon.colcon_core.shell:Creating environment hook '/home/stas/Dron/KNRDron/rosDron/install/drone_detector/share/drone_detector/hook/pythonpath.sh'
[2.193s] Level 1:colcon.colcon_core.environment:checking '/home/stas/Dron/KNRDron/rosDron/install/drone_detector/bin'
[2.193s] Level 1:colcon.colcon_core.environment:create_environment_scripts_only(drone_detector)
[2.195s] INFO:colcon.colcon_core.shell:Creating package script '/home/stas/Dron/KNRDron/rosDron/install/drone_detector/share/drone_detector/package.ps1'
[2.196s] INFO:colcon.colcon_core.shell:Creating package descriptor '/home/stas/Dron/KNRDron/rosDron/install/drone_detector/share/drone_detector/package.dsv'
[2.197s] INFO:colcon.colcon_core.shell:Creating package script '/home/stas/Dron/KNRDron/rosDron/install/drone_detector/share/drone_detector/package.sh'
[2.198s] INFO:colcon.colcon_core.shell:Creating package script '/home/stas/Dron/KNRDron/rosDron/install/drone_detector/share/drone_detector/package.bash'
[2.199s] INFO:colcon.colcon_core.shell:Creating package script '/home/stas/Dron/KNRDron/rosDron/install/drone_detector/share/drone_detector/package.zsh'
[2.200s] Level 1:colcon.colcon_core.environment:create_file_with_runtime_dependencies(/home/stas/Dron/KNRDron/rosDron/install/drone_detector/share/colcon-core/packages/drone_detector)
[2.201s] DEBUG:colcon.colcon_parallel_executor.executor.parallel:closing loop
[2.201s] DEBUG:colcon.colcon_parallel_executor.executor.parallel:loop closed
[2.201s] DEBUG:colcon.colcon_parallel_executor.executor.parallel:run_until_complete finished with '0'
[2.201s] DEBUG:colcon.colcon_core.event_reactor:joining thread
[2.208s] INFO:colcon.colcon_core.plugin_system:Skipping extension 'colcon_notification.desktop_notification.terminal_notifier': Not used on non-Darwin systems
[2.208s] INFO:colcon.colcon_core.plugin_system:Skipping extension 'colcon_notification.desktop_notification.win32': Not used on non-Windows systems
[2.209s] INFO:colcon.colcon_notification.desktop_notification:Sending desktop notification using 'notify2'
[2.234s] DEBUG:colcon.colcon_core.event_reactor:joined thread
[2.241s] INFO:colcon.colcon_core.shell:Creating prefix script '/home/stas/Dron/KNRDron/rosDron/install/local_setup.ps1'
[2.245s] INFO:colcon.colcon_core.shell:Creating prefix util module '/home/stas/Dron/KNRDron/rosDron/install/_local_setup_util_ps1.py'
[2.251s] INFO:colcon.colcon_core.shell:Creating prefix chain script '/home/stas/Dron/KNRDron/rosDron/install/setup.ps1'
[2.258s] INFO:colcon.colcon_core.shell:Creating prefix script '/home/stas/Dron/KNRDron/rosDron/install/local_setup.sh'
[2.261s] INFO:colcon.colcon_core.shell:Creating prefix util module '/home/stas/Dron/KNRDron/rosDron/install/_local_setup_util_sh.py'
[2.263s] INFO:colcon.colcon_core.shell:Creating prefix chain script '/home/stas/Dron/KNRDron/rosDron/install/setup.sh'
[2.269s] INFO:colcon.colcon_core.shell:Creating prefix script '/home/stas/Dron/KNRDron/rosDron/install/local_setup.bash'
[2.271s] INFO:colcon.colcon_core.shell:Creating prefix chain script '/home/stas/Dron/KNRDron/rosDron/install/setup.bash'
[2.278s] INFO:colcon.colcon_core.shell:Creating prefix script '/home/stas/Dron/KNRDron/rosDron/install/local_setup.zsh'
[2.279s] INFO:colcon.colcon_core.shell:Creating prefix chain script '/home/stas/Dron/KNRDron/rosDron/install/setup.zsh'
