[2.544s] DEBUG:colcon:Command line arguments: ['/usr/bin/colcon', 'list', '-p', '--base-paths', '/home/stas/Dron/KNRDron/rosDron']
[2.544s] DEBUG:colcon:Parsed command line arguments: Namespace(log_base=None, log_level=None, verb_name='list', build_base='build', ignore_user_meta=False, metas=['./colcon.meta'], base_paths=['/home/stas/Dron/KNRDron/rosDron'], packages_ignore=None, packages_ignore_regex=None, paths=None, packages_up_to=None, packages_up_to_regex=None, packages_above=None, packages_above_and_dependencies=None, packages_above_depth=None, packages_select_by_dep=None, packages_skip_by_dep=None, packages_skip_up_to=None, packages_select_build_failed=False, packages_skip_build_finished=False, packages_select_test_failures=False, packages_skip_test_passed=False, packages_select=None, packages_skip=None, packages_select_regex=None, packages_skip_regex=None, packages_start=None, packages_end=None, allow_overriding=[], topological_order=False, names_only=False, paths_only=True, topological_graph=False, topological_graph_dot=False, topological_graph_density=False, topological_graph_legend=False, topological_graph_dot_cluster=False, topological_graph_dot_include_skipped=False, verb_parser=<colcon_defaults.argument_parser.defaults.DefaultArgumentsDecorator object at 0x7efe3e5e85e0>, verb_extension=<colcon_package_information.verb.list.ListVerb object at 0x7efe3e55c1f0>, main=<bound method ListVerb.main of <colcon_package_information.verb.list.ListVerb object at 0x7efe3e55c1f0>>)
[2.573s] Level 1:colcon.colcon_core.package_discovery:discover_packages(colcon_meta) check parameters
[2.573s] Level 1:colcon.colcon_core.package_discovery:discover_packages(recursive) check parameters
[2.573s] Level 1:colcon.colcon_core.package_discovery:discover_packages(ignore) check parameters
[2.573s] Level 1:colcon.colcon_core.package_discovery:discover_packages(path) check parameters
[2.573s] Level 1:colcon.colcon_core.package_discovery:discover_packages(recursive) discover
[2.573s] INFO:colcon.colcon_core.package_discovery:Crawling recursively for packages in '/home/stas/Dron/KNRDron/rosDron'
[2.573s] Level 1:colcon.colcon_core.package_identification:_identify(/home/stas/Dron/KNRDron/rosDron) by extensions ['ignore', 'ignore_ament_install']
[2.573s] Level 1:colcon.colcon_core.package_identification:_identify(/home/stas/Dron/KNRDron/rosDron) by extension 'ignore'
[2.573s] Level 1:colcon.colcon_core.package_identification:_identify(/home/stas/Dron/KNRDron/rosDron) by extension 'ignore_ament_install'
[2.573s] Level 1:colcon.colcon_core.package_identification:_identify(/home/stas/Dron/KNRDron/rosDron) by extensions ['colcon_pkg']
[2.574s] Level 1:colcon.colcon_core.package_identification:_identify(/home/stas/Dron/KNRDron/rosDron) by extension 'colcon_pkg'
[2.574s] Level 1:colcon.colcon_core.package_identification:_identify(/home/stas/Dron/KNRDron/rosDron) by extensions ['colcon_meta']
[2.574s] Level 1:colcon.colcon_core.package_identification:_identify(/home/stas/Dron/KNRDron/rosDron) by extension 'colcon_meta'
[2.574s] Level 1:colcon.colcon_core.package_identification:_identify(/home/stas/Dron/KNRDron/rosDron) by extensions ['ros']
[2.574s] Level 1:colcon.colcon_core.package_identification:_identify(/home/stas/Dron/KNRDron/rosDron) by extension 'ros'
[2.596s] Level 1:colcon.colcon_core.package_identification:_identify(/home/stas/Dron/KNRDron/rosDron) by extensions ['cmake', 'python']
[2.596s] Level 1:colcon.colcon_core.package_identification:_identify(/home/stas/Dron/KNRDron/rosDron) by extension 'cmake'
[2.596s] Level 1:colcon.colcon_core.package_identification:_identify(/home/stas/Dron/KNRDron/rosDron) by extension 'python'
[2.596s] Level 1:colcon.colcon_core.package_identification:_identify(/home/stas/Dron/KNRDron/rosDron) by extensions ['python_setup_py']
[2.596s] Level 1:colcon.colcon_core.package_identification:_identify(/home/stas/Dron/KNRDron/rosDron) by extension 'python_setup_py'
[2.596s] Level 1:colcon.colcon_core.package_identification:_identify(/home/stas/Dron/KNRDron/rosDron/build) by extensions ['ignore', 'ignore_ament_install']
[2.597s] Level 1:colcon.colcon_core.package_identification:_identify(/home/stas/Dron/KNRDron/rosDron/build) by extension 'ignore'
[2.597s] Level 1:colcon.colcon_core.package_identification:_identify(/home/stas/Dron/KNRDron/rosDron/build) ignored
[2.597s] Level 1:colcon.colcon_core.package_identification:_identify(/home/stas/Dron/KNRDron/rosDron/install) by extensions ['ignore', 'ignore_ament_install']
[2.597s] Level 1:colcon.colcon_core.package_identification:_identify(/home/stas/Dron/KNRDron/rosDron/install) by extension 'ignore'
[2.597s] Level 1:colcon.colcon_core.package_identification:_identify(/home/stas/Dron/KNRDron/rosDron/install) ignored
[2.597s] Level 1:colcon.colcon_core.package_identification:_identify(/home/stas/Dron/KNRDron/rosDron/log) by extensions ['ignore', 'ignore_ament_install']
[2.597s] Level 1:colcon.colcon_core.package_identification:_identify(/home/stas/Dron/KNRDron/rosDron/log) by extension 'ignore'
[2.597s] Level 1:colcon.colcon_core.package_identification:_identify(/home/stas/Dron/KNRDron/rosDron/log) ignored
[2.597s] Level 1:colcon.colcon_core.package_identification:_identify(/home/stas/Dron/KNRDron/rosDron/src) by extensions ['ignore', 'ignore_ament_install']
[2.597s] Level 1:colcon.colcon_core.package_identification:_identify(/home/stas/Dron/KNRDron/rosDron/src) by extension 'ignore'
[2.597s] Level 1:colcon.colcon_core.package_identification:_identify(/home/stas/Dron/KNRDron/rosDron/src) by extension 'ignore_ament_install'
[2.597s] Level 1:colcon.colcon_core.package_identification:_identify(/home/stas/Dron/KNRDron/rosDron/src) by extensions ['colcon_pkg']
[2.597s] Level 1:colcon.colcon_core.package_identification:_identify(/home/stas/Dron/KNRDron/rosDron/src) by extension 'colcon_pkg'
[2.597s] Level 1:colcon.colcon_core.package_identification:_identify(/home/stas/Dron/KNRDron/rosDron/src) by extensions ['colcon_meta']
[2.597s] Level 1:colcon.colcon_core.package_identification:_identify(/home/stas/Dron/KNRDron/rosDron/src) by extension 'colcon_meta'
[2.598s] Level 1:colcon.colcon_core.package_identification:_identify(/home/stas/Dron/KNRDron/rosDron/src) by extensions ['ros']
[2.598s] Level 1:colcon.colcon_core.package_identification:_identify(/home/stas/Dron/KNRDron/rosDron/src) by extension 'ros'
[2.598s] Level 1:colcon.colcon_core.package_identification:_identify(/home/stas/Dron/KNRDron/rosDron/src) by extensions ['cmake', 'python']
[2.598s] Level 1:colcon.colcon_core.package_identification:_identify(/home/stas/Dron/KNRDron/rosDron/src) by extension 'cmake'
[2.598s] Level 1:colcon.colcon_core.package_identification:_identify(/home/stas/Dron/KNRDron/rosDron/src) by extension 'python'
[2.598s] Level 1:colcon.colcon_core.package_identification:_identify(/home/stas/Dron/KNRDron/rosDron/src) by extensions ['python_setup_py']
[2.598s] Level 1:colcon.colcon_core.package_identification:_identify(/home/stas/Dron/KNRDron/rosDron/src) by extension 'python_setup_py'
[2.598s] Level 1:colcon.colcon_core.package_identification:_identify(/home/stas/Dron/KNRDron/rosDron/src/drone_detector) by extensions ['ignore', 'ignore_ament_install']
[2.598s] Level 1:colcon.colcon_core.package_identification:_identify(/home/stas/Dron/KNRDron/rosDron/src/drone_detector) by extension 'ignore'
[2.598s] Level 1:colcon.colcon_core.package_identification:_identify(/home/stas/Dron/KNRDron/rosDron/src/drone_detector) by extension 'ignore_ament_install'
[2.598s] Level 1:colcon.colcon_core.package_identification:_identify(/home/stas/Dron/KNRDron/rosDron/src/drone_detector) by extensions ['colcon_pkg']
[2.598s] Level 1:colcon.colcon_core.package_identification:_identify(/home/stas/Dron/KNRDron/rosDron/src/drone_detector) by extension 'colcon_pkg'
[2.598s] Level 1:colcon.colcon_core.package_identification:_identify(/home/stas/Dron/KNRDron/rosDron/src/drone_detector) by extensions ['colcon_meta']
[2.598s] Level 1:colcon.colcon_core.package_identification:_identify(/home/stas/Dron/KNRDron/rosDron/src/drone_detector) by extension 'colcon_meta'
[2.598s] Level 1:colcon.colcon_core.package_identification:_identify(/home/stas/Dron/KNRDron/rosDron/src/drone_detector) by extensions ['ros']
[2.598s] Level 1:colcon.colcon_core.package_identification:_identify(/home/stas/Dron/KNRDron/rosDron/src/drone_detector) by extension 'ros'
[2.601s] DEBUG:colcon.colcon_core.package_identification:Package '/home/stas/Dron/KNRDron/rosDron/src/drone_detector' with type 'ros.ament_python' and name 'drone_detector'
[2.601s] Level 1:colcon.colcon_core.package_discovery:discover_packages(recursive) using defaults
