[0.278s] Invoking command in '/home/stas/Dron/KNRDron/rosDron/build/drone_interfaces': CMAKE_PREFIX_PATH=${CMAKE_PREFIX_PATH}:/home/stas/ros2_ws/install/turtlesim_pd_pkg:/home/stas/ros2_ws/install/my_py_pkg:/opt/ros/humble CONDA_PROMPT_MODIFIER=(Dron) /usr/bin/cmake /home/stas/Dron/KNRDron/rosDron/src/drone_interfaces -DCMAKE_INSTALL_PREFIX=/home/stas/Dron/KNRDron/rosDron/install/drone_interfaces
[0.288s] -- Found ament_cmake: 1.3.3 (/opt/ros/humble/share/ament_cmake/cmake)
[0.425s] -- Found rosidl_default_generators: 1.2.0 (/opt/ros/humble/share/rosidl_default_generators/cmake)
[0.428s] -- Using all available rosidl_typesupport_c: rosidl_typesupport_fastrtps_c;rosidl_typesupport_introspection_c
[0.432s] -- Found rosidl_adapter: 3.1.4 (/opt/ros/humble/share/rosidl_adapter/cmake)
[0.468s] -- Using all available rosidl_typesupport_cpp: rosidl_typesupport_fastrtps_cpp;rosidl_typesupport_introspection_cpp
[0.799s] -- Found ament_cmake_ros: 0.10.0 (/opt/ros/humble/share/ament_cmake_ros/cmake)
[1.031s] -- Using all available rosidl_typesupport_c: rosidl_typesupport_fastrtps_c;rosidl_typesupport_introspection_c
[1.371s] -- Using all available rosidl_typesupport_cpp: rosidl_typesupport_fastrtps_cpp;rosidl_typesupport_introspection_cpp
[1.419s] -- Found PythonInterp: /home/stas/miniconda3/envs/Dron/bin/python3 (found suitable version "3.10.9", minimum required is "3.6") 
[1.437s] -- Found python_cmake_module: 0.10.0 (/opt/ros/humble/share/python_cmake_module/cmake)
[1.519s] -- Found PythonLibs: /home/stas/miniconda3/envs/Dron/lib/libpython3.10.so (found suitable version "3.10.9", minimum required is "3.5") 
[1.519s] -- Using PYTHON_EXECUTABLE: /home/stas/miniconda3/envs/Dron/bin/python3
[1.520s] -- Using PYTHON_INCLUDE_DIRS: /home/stas/miniconda3/envs/Dron/include/python3.10
[1.520s] -- Using PYTHON_LIBRARIES: /home/stas/miniconda3/envs/Dron/lib/libpython3.10.so
[1.552s] -- Found PythonExtra: .so  
[1.771s] -- Using numpy include directory: /home/stas/miniconda3/envs/Dron/lib/python3.10/site-packages/numpy/core/include
[1.805s] -- Found ament_lint_auto: 0.12.5 (/opt/ros/humble/share/ament_lint_auto/cmake)
[2.086s] -- Added test 'lint_cmake' to check CMake code style
[2.097s] -- Added test 'xmllint' to check XML markup files
[2.103s] -- Configuring done
[2.197s] -- Generating done
[2.203s] -- Build files have been written to: /home/stas/Dron/KNRDron/rosDron/build/drone_interfaces
[2.210s] Invoked command in '/home/stas/Dron/KNRDron/rosDron/build/drone_interfaces' returned '0': CMAKE_PREFIX_PATH=${CMAKE_PREFIX_PATH}:/home/stas/ros2_ws/install/turtlesim_pd_pkg:/home/stas/ros2_ws/install/my_py_pkg:/opt/ros/humble CONDA_PROMPT_MODIFIER=(Dron) /usr/bin/cmake /home/stas/Dron/KNRDron/rosDron/src/drone_interfaces -DCMAKE_INSTALL_PREFIX=/home/stas/Dron/KNRDron/rosDron/install/drone_interfaces
[2.212s] Invoking command in '/home/stas/Dron/KNRDron/rosDron/build/drone_interfaces': CMAKE_PREFIX_PATH=${CMAKE_PREFIX_PATH}:/home/stas/ros2_ws/install/turtlesim_pd_pkg:/home/stas/ros2_ws/install/my_py_pkg:/opt/ros/humble CONDA_PROMPT_MODIFIER=(Dron) /usr/bin/cmake --build /home/stas/Dron/KNRDron/rosDron/build/drone_interfaces -- -j8 -l8
[2.244s] [  3%] [34m[1mGenerating C code for ROS interfaces[0m
[2.253s] [  6%] [34m[1mGenerating C++ code for ROS interfaces[0m
[2.259s] [  6%] Built target ament_cmake_python_copy_drone_interfaces
[2.298s] Traceback (most recent call last):
[2.298s]   File "/opt/ros/humble/share/rosidl_generator_c/cmake/../../../lib/rosidl_generator_c/rosidl_generator_c", line 8, in <module>
[2.298s]     from rosidl_generator_c import generate_c
[2.299s]   File "/opt/ros/humble/local/lib/python3.10/dist-packages/rosidl_generator_c/__init__.py", line 15, in <module>
[2.299s]     from rosidl_cmake import convert_camel_case_to_lower_case_underscore
[2.299s]   File "/opt/ros/humble/local/lib/python3.10/dist-packages/rosidl_cmake/__init__.py", line 24, in <module>
[2.299s]     from rosidl_parser.parser import parse_idl_file
[2.299s]   File "/opt/ros/humble/local/lib/python3.10/dist-packages/rosidl_parser/parser.py", line 20, in <module>
[2.299s]     from lark import Lark
[2.299s] ModuleNotFoundError: No module named 'lark'
[2.308s] gmake[2]: *** [CMakeFiles/drone_interfaces__rosidl_generator_c.dir/build.make:87: rosidl_generator_c/drone_interfaces/msg/detection.h] Error 1
[2.308s] gmake[1]: *** [CMakeFiles/Makefile2:212: CMakeFiles/drone_interfaces__rosidl_generator_c.dir/all] Error 2
[2.309s] gmake[1]: *** Waiting for unfinished jobs....
[2.311s] Traceback (most recent call last):
[2.311s]   File "/opt/ros/humble/share/rosidl_generator_cpp/cmake/../../../lib/rosidl_generator_cpp/rosidl_generator_cpp", line 8, in <module>
[2.311s]     from rosidl_generator_cpp import generate_cpp
[2.311s]   File "/opt/ros/humble/local/lib/python3.10/dist-packages/rosidl_generator_cpp/__init__.py", line 17, in <module>
[2.311s]     from rosidl_cmake import generate_files
[2.311s]   File "/opt/ros/humble/local/lib/python3.10/dist-packages/rosidl_cmake/__init__.py", line 24, in <module>
[2.311s]     from rosidl_parser.parser import parse_idl_file
[2.311s]   File "/opt/ros/humble/local/lib/python3.10/dist-packages/rosidl_parser/parser.py", line 20, in <module>
[2.312s]     from lark import Lark
[2.312s] ModuleNotFoundError: No module named 'lark'
[2.319s] gmake[2]: *** [CMakeFiles/drone_interfaces__cpp.dir/build.make:91: rosidl_generator_cpp/drone_interfaces/msg/detection.hpp] Error 1
[2.319s] gmake[1]: *** [CMakeFiles/Makefile2:317: CMakeFiles/drone_interfaces__cpp.dir/all] Error 2
[2.419s] running egg_info
[2.420s] creating drone_interfaces.egg-info
[2.428s] writing drone_interfaces.egg-info/PKG-INFO
[2.429s] writing dependency_links to drone_interfaces.egg-info/dependency_links.txt
[2.429s] writing top-level names to drone_interfaces.egg-info/top_level.txt
[2.429s] writing manifest file 'drone_interfaces.egg-info/SOURCES.txt'
[2.454s] reading manifest file 'drone_interfaces.egg-info/SOURCES.txt'
[2.454s] writing manifest file 'drone_interfaces.egg-info/SOURCES.txt'
[2.484s] [  6%] Built target ament_cmake_python_build_drone_interfaces_egg
[2.486s] gmake: *** [Makefile:146: all] Error 2
[2.488s] Invoked command in '/home/stas/Dron/KNRDron/rosDron/build/drone_interfaces' returned '2': CMAKE_PREFIX_PATH=${CMAKE_PREFIX_PATH}:/home/stas/ros2_ws/install/turtlesim_pd_pkg:/home/stas/ros2_ws/install/my_py_pkg:/opt/ros/humble CONDA_PROMPT_MODIFIER=(Dron) /usr/bin/cmake --build /home/stas/Dron/KNRDron/rosDron/build/drone_interfaces -- -j8 -l8
