[0.576s] Invoking command in '/home/stas/Dron/KNRDron/rosDron/src/drone_detector': CONDA_PROMPT_MODIFIER=(base) PYTHONPATH=/home/stas/Dron/KNRDron/rosDron/build/drone_detector/prefix_override:/home/stas/Dron/KNRDron/rosDron/install/drone_detector/lib/python3.10/site-packages:${PYTHONPATH} /usr/bin/python3 setup.py egg_info --egg-base ../../build/drone_detector build --build-base /home/stas/Dron/KNRDron/rosDron/build/drone_detector/build install --record /home/stas/Dron/KNRDron/rosDron/build/drone_detector/install.log --single-version-externally-managed
[0.782s] running egg_info
[0.783s] writing ../../build/drone_detector/drone_detector.egg-info/PKG-INFO
[0.783s] writing dependency_links to ../../build/drone_detector/drone_detector.egg-info/dependency_links.txt
[0.784s] writing entry points to ../../build/drone_detector/drone_detector.egg-info/entry_points.txt
[0.784s] writing requirements to ../../build/drone_detector/drone_detector.egg-info/requires.txt
[0.784s] writing top-level names to ../../build/drone_detector/drone_detector.egg-info/top_level.txt
[0.785s] reading manifest file '../../build/drone_detector/drone_detector.egg-info/SOURCES.txt'
[0.786s] writing manifest file '../../build/drone_detector/drone_detector.egg-info/SOURCES.txt'
[0.786s] running build
[0.786s] running build_py
[0.786s] running install
[0.787s] /usr/lib/python3/dist-packages/setuptools/command/install.py:34: SetuptoolsDeprecationWarning: setup.py install is deprecated. Use build and pip and other standards-based tools.
[0.787s]   warnings.warn(
[0.787s] running install_lib
[0.788s] byte-compiling /home/stas/Dron/KNRDron/rosDron/install/drone_detector/lib/python3.10/site-packages/drone_detector/detector.py to detector.cpython-310.pyc
[0.788s] Sorry: IndentationError: unindent does not match any outer indentation level (detector.py, line 12)
[0.788s] running install_data
[0.788s] running install_egg_info
[0.789s] removing '/home/stas/Dron/KNRDron/rosDron/install/drone_detector/lib/python3.10/site-packages/drone_detector-0.0.0-py3.10.egg-info' (and everything under it)
[0.790s] Copying ../../build/drone_detector/drone_detector.egg-info to /home/stas/Dron/KNRDron/rosDron/install/drone_detector/lib/python3.10/site-packages/drone_detector-0.0.0-py3.10.egg-info
[0.790s] running install_scripts
[0.809s] Installing image_publisher script to /home/stas/Dron/KNRDron/rosDron/install/drone_detector/lib/drone_detector
[0.809s] Installing image_subscriber script to /home/stas/Dron/KNRDron/rosDron/install/drone_detector/lib/drone_detector
[0.809s] writing list of installed files to '/home/stas/Dron/KNRDron/rosDron/build/drone_detector/install.log'
