[0.244s] Invoking command in '/home/stas/Dron/KNRDron/rosDron/build/drone_interfaces': CMAKE_PREFIX_PATH=${CMAKE_PREFIX_PATH}:/home/stas/ros2_ws/install/turtlesim_pd_pkg:/home/stas/ros2_ws/install/my_py_pkg:/opt/ros/humble CONDA_PROMPT_MODIFIER=(Dron) /usr/bin/cmake --build /home/stas/Dron/KNRDron/rosDron/build/drone_interfaces -- -j8 -l8
[0.277s] [  3%] [34m[1mGenerating C code for ROS interfaces[0m
[0.287s] [  6%] [34m[1mGenerating C++ code for ROS interfaces[0m
[0.294s] [  6%] Built target ament_cmake_python_copy_drone_interfaces
[0.328s] Traceback (most recent call last):
[0.328s]   File "/opt/ros/humble/share/rosidl_generator_c/cmake/../../../lib/rosidl_generator_c/rosidl_generator_c", line 8, in <module>
[0.328s]     from rosidl_generator_c import generate_c
[0.328s]   File "/opt/ros/humble/local/lib/python3.10/dist-packages/rosidl_generator_c/__init__.py", line 15, in <module>
[0.328s]     from rosidl_cmake import convert_camel_case_to_lower_case_underscore
[0.328s]   File "/opt/ros/humble/local/lib/python3.10/dist-packages/rosidl_cmake/__init__.py", line 24, in <module>
[0.329s]     from rosidl_parser.parser import parse_idl_file
[0.329s]   File "/opt/ros/humble/local/lib/python3.10/dist-packages/rosidl_parser/parser.py", line 20, in <module>
[0.329s]     from lark import Lark
[0.329s] ModuleNotFoundError: No module named 'lark'
[0.336s] gmake[2]: *** [CMakeFiles/drone_interfaces__rosidl_generator_c.dir/build.make:87: rosidl_generator_c/drone_interfaces/msg/detection.h] Error 1
[0.336s] gmake[1]: *** [CMakeFiles/Makefile2:212: CMakeFiles/drone_interfaces__rosidl_generator_c.dir/all] Error 2
[0.336s] gmake[1]: *** Waiting for unfinished jobs....
[0.338s] Traceback (most recent call last):
[0.338s]   File "/opt/ros/humble/share/rosidl_generator_cpp/cmake/../../../lib/rosidl_generator_cpp/rosidl_generator_cpp", line 8, in <module>
[0.338s]     from rosidl_generator_cpp import generate_cpp
[0.338s]   File "/opt/ros/humble/local/lib/python3.10/dist-packages/rosidl_generator_cpp/__init__.py", line 17, in <module>
[0.338s]     from rosidl_cmake import generate_files
[0.338s]   File "/opt/ros/humble/local/lib/python3.10/dist-packages/rosidl_cmake/__init__.py", line 24, in <module>
[0.338s]     from rosidl_parser.parser import parse_idl_file
[0.339s]   File "/opt/ros/humble/local/lib/python3.10/dist-packages/rosidl_parser/parser.py", line 20, in <module>
[0.339s]     from lark import Lark
[0.339s] ModuleNotFoundError: No module named 'lark'
[0.345s] gmake[2]: *** [CMakeFiles/drone_interfaces__cpp.dir/build.make:91: rosidl_generator_cpp/drone_interfaces/msg/detection.hpp] Error 1
[0.346s] gmake[1]: *** [CMakeFiles/Makefile2:317: CMakeFiles/drone_interfaces__cpp.dir/all] Error 2
[0.456s] running egg_info
[0.466s] writing drone_interfaces.egg-info/PKG-INFO
[0.466s] writing dependency_links to drone_interfaces.egg-info/dependency_links.txt
[0.466s] writing top-level names to drone_interfaces.egg-info/top_level.txt
[0.491s] reading manifest file 'drone_interfaces.egg-info/SOURCES.txt'
[0.492s] writing manifest file 'drone_interfaces.egg-info/SOURCES.txt'
[0.519s] [  6%] Built target ament_cmake_python_build_drone_interfaces_egg
[0.520s] gmake: *** [Makefile:146: all] Error 2
[0.524s] Invoked command in '/home/stas/Dron/KNRDron/rosDron/build/drone_interfaces' returned '2': CMAKE_PREFIX_PATH=${CMAKE_PREFIX_PATH}:/home/stas/ros2_ws/install/turtlesim_pd_pkg:/home/stas/ros2_ws/install/my_py_pkg:/opt/ros/humble CONDA_PROMPT_MODIFIER=(Dron) /usr/bin/cmake --build /home/stas/Dron/KNRDron/rosDron/build/drone_interfaces -- -j8 -l8
