-- Found ament_cmake: 1.3.3 (/opt/ros/humble/share/ament_cmake/cmake)
-- Found rosidl_default_generators: 1.2.0 (/opt/ros/humble/share/rosidl_default_generators/cmake)
-- Using all available rosidl_typesupport_c: rosidl_typesupport_fastrtps_c;rosidl_typesupport_introspection_c
-- Found rosidl_adapter: 3.1.4 (/opt/ros/humble/share/rosidl_adapter/cmake)
-- Using all available rosidl_typesupport_cpp: rosidl_typesupport_fastrtps_cpp;rosidl_typesupport_introspection_cpp
-- Found ament_cmake_ros: 0.10.0 (/opt/ros/humble/share/ament_cmake_ros/cmake)
-- Using all available rosidl_typesupport_c: rosidl_typesupport_fastrtps_c;rosidl_typesupport_introspection_c
-- Using all available rosidl_typesupport_cpp: rosidl_typesupport_fastrtps_cpp;rosidl_typesupport_introspection_cpp
-- Found python_cmake_module: 0.10.0 (/opt/ros/humble/share/python_cmake_module/cmake)
-- Using PYTHON_EXECUTABLE: /home/stas/miniconda3/envs/Dron/bin/python3
-- Using PYTHON_INCLUDE_DIRS: /home/stas/miniconda3/envs/Dron/include/python3.10
-- Using PYTHON_LIBRARIES: /home/stas/miniconda3/envs/Dron/lib/libpython3.10.so
-- Using numpy include directory: /home/stas/miniconda3/envs/Dron/lib/python3.10/site-packages/numpy/core/include
-- Found ament_lint_auto: 0.12.5 (/opt/ros/humble/share/ament_lint_auto/cmake)
-- Added test 'lint_cmake' to check CMake code style
-- Added test 'xmllint' to check XML markup files
-- Configuring done
-- Generating done
-- Build files have been written to: /home/stas/Dron/KNRDron/rosDron/build/drone_interfaces
[  2%] [34m[1mGenerating C code for ROS interfaces[0m
[  5%] [34m[1mGenerating C++ code for ROS interfaces[0m
[  5%] Built target ament_cmake_python_copy_drone_interfaces
[  5%] Built target drone_interfaces__cpp
[ 10%] [34m[1mGenerating C++ introspection for ROS interfaces[0m
[ 10%] [34m[1mGenerating C++ type support for eProsima Fast-RTPS[0m
[ 12%] [34m[1mGenerating C++ type support dispatch for ROS interfaces[0m
[35m[1mConsolidate compiler generated dependencies of target drone_interfaces__rosidl_generator_c[0m
[ 15%] [32mBuilding C object CMakeFiles/drone_interfaces__rosidl_generator_c.dir/rosidl_generator_c/drone_interfaces/msg/detail/detections_list__functions.c.o[0m
[ 17%] [32mBuilding C object CMakeFiles/drone_interfaces__rosidl_generator_c.dir/rosidl_generator_c/drone_interfaces/msg/detail/detection__functions.c.o[0m
[35m[1mConsolidate compiler generated dependencies of target drone_interfaces__rosidl_typesupport_cpp[0m
[ 20%] [32mBuilding CXX object CMakeFiles/drone_interfaces__rosidl_typesupport_cpp.dir/rosidl_typesupport_cpp/drone_interfaces/msg/detections_list__type_support.cpp.o[0m
[ 23%] [32mBuilding CXX object CMakeFiles/drone_interfaces__rosidl_typesupport_cpp.dir/rosidl_typesupport_cpp/drone_interfaces/msg/detection__type_support.cpp.o[0m
[35m[1mConsolidate compiler generated dependencies of target drone_interfaces__rosidl_typesupport_introspection_cpp[0m
[ 25%] [32mBuilding CXX object CMakeFiles/drone_interfaces__rosidl_typesupport_introspection_cpp.dir/rosidl_typesupport_introspection_cpp/drone_interfaces/msg/detail/detections_list__type_support.cpp.o[0m
[ 28%] [32mBuilding CXX object CMakeFiles/drone_interfaces__rosidl_typesupport_introspection_cpp.dir/rosidl_typesupport_introspection_cpp/drone_interfaces/msg/detail/detection__type_support.cpp.o[0m
[35m[1mConsolidate compiler generated dependencies of target drone_interfaces__rosidl_typesupport_fastrtps_cpp[0m
[ 30%] [32mBuilding CXX object CMakeFiles/drone_interfaces__rosidl_typesupport_fastrtps_cpp.dir/rosidl_typesupport_fastrtps_cpp/drone_interfaces/msg/detail/dds_fastrtps/detection__type_support.cpp.o[0m
running egg_info
writing drone_interfaces.egg-info/PKG-INFO
writing dependency_links to drone_interfaces.egg-info/dependency_links.txt
writing top-level names to drone_interfaces.egg-info/top_level.txt
reading manifest file 'drone_interfaces.egg-info/SOURCES.txt'
writing manifest file 'drone_interfaces.egg-info/SOURCES.txt'
[ 30%] Built target ament_cmake_python_build_drone_interfaces_egg
[ 33%] [32mBuilding CXX object CMakeFiles/drone_interfaces__rosidl_typesupport_fastrtps_cpp.dir/rosidl_typesupport_fastrtps_cpp/drone_interfaces/msg/detail/dds_fastrtps/detections_list__type_support.cpp.o[0m
[ 35%] [32m[1mLinking C shared library libdrone_interfaces__rosidl_generator_c.so[0m
[ 35%] Built target drone_interfaces__rosidl_generator_c
[ 38%] [34m[1mGenerating C introspection for ROS interfaces[0m
[ 41%] [34m[1mGenerating C type support for eProsima Fast-RTPS[0m
[ 43%] [34m[1mGenerating C type support dispatch for ROS interfaces[0m
[ 46%] [32m[1mLinking CXX shared library libdrone_interfaces__rosidl_typesupport_cpp.so[0m
[ 46%] Built target drone_interfaces__rosidl_typesupport_cpp
[ 48%] [32m[1mLinking CXX shared library libdrone_interfaces__rosidl_typesupport_introspection_cpp.so[0m
[ 51%] [32m[1mLinking CXX shared library libdrone_interfaces__rosidl_typesupport_fastrtps_cpp.so[0m
[35m[1mConsolidate compiler generated dependencies of target drone_interfaces__rosidl_typesupport_fastrtps_c[0m
[ 53%] [32mBuilding CXX object CMakeFiles/drone_interfaces__rosidl_typesupport_fastrtps_c.dir/rosidl_typesupport_fastrtps_c/drone_interfaces/msg/detail/detections_list__type_support_c.cpp.o[0m
[ 56%] [32mBuilding CXX object CMakeFiles/drone_interfaces__rosidl_typesupport_fastrtps_c.dir/rosidl_typesupport_fastrtps_c/drone_interfaces/msg/detail/detection__type_support_c.cpp.o[0m
[ 56%] Built target drone_interfaces__rosidl_typesupport_introspection_cpp
[ 56%] Built target drone_interfaces__rosidl_typesupport_fastrtps_cpp
[35m[1mConsolidate compiler generated dependencies of target drone_interfaces__rosidl_typesupport_introspection_c[0m
[35m[1mConsolidate compiler generated dependencies of target drone_interfaces__rosidl_typesupport_c[0m
[ 58%] [32mBuilding CXX object CMakeFiles/drone_interfaces__rosidl_typesupport_c.dir/rosidl_typesupport_c/drone_interfaces/msg/detections_list__type_support.cpp.o[0m
[ 61%] [32mBuilding C object CMakeFiles/drone_interfaces__rosidl_typesupport_introspection_c.dir/rosidl_typesupport_introspection_c/drone_interfaces/msg/detail/detection__type_support.c.o[0m
[ 64%] [32mBuilding C object CMakeFiles/drone_interfaces__rosidl_typesupport_introspection_c.dir/rosidl_typesupport_introspection_c/drone_interfaces/msg/detail/detections_list__type_support.c.o[0m
[ 66%] [32mBuilding CXX object CMakeFiles/drone_interfaces__rosidl_typesupport_c.dir/rosidl_typesupport_c/drone_interfaces/msg/detection__type_support.cpp.o[0m
[ 69%] [32m[1mLinking C shared library libdrone_interfaces__rosidl_typesupport_introspection_c.so[0m
[ 71%] [32m[1mLinking CXX shared library libdrone_interfaces__rosidl_typesupport_c.so[0m
[ 71%] Built target drone_interfaces__rosidl_typesupport_introspection_c
[ 71%] Built target drone_interfaces__rosidl_typesupport_c
[ 74%] [32m[1mLinking CXX shared library libdrone_interfaces__rosidl_typesupport_fastrtps_c.so[0m
[ 74%] Built target drone_interfaces__rosidl_typesupport_fastrtps_c
[ 74%] Built target drone_interfaces
[ 76%] [34m[1mGenerating Python code for ROS interfaces[0m
[ 76%] Built target drone_interfaces__py
[35m[1mConsolidate compiler generated dependencies of target drone_interfaces__rosidl_generator_py[0m
[ 82%] [32mBuilding C object CMakeFiles/drone_interfaces__rosidl_generator_py.dir/rosidl_generator_py/drone_interfaces/msg/_detections_list_s.c.o[0m
[ 82%] [32mBuilding C object CMakeFiles/drone_interfaces__rosidl_generator_py.dir/rosidl_generator_py/drone_interfaces/msg/_detection_s.c.o[0m
[ 84%] [32m[1mLinking C shared library rosidl_generator_py/drone_interfaces/libdrone_interfaces__rosidl_generator_py.so[0m
[ 84%] Built target drone_interfaces__rosidl_generator_py
[35m[1mConsolidate compiler generated dependencies of target drone_interfaces__rosidl_typesupport_introspection_c__pyext[0m
[35m[1mConsolidate compiler generated dependencies of target drone_interfaces__rosidl_typesupport_fastrtps_c__pyext[0m
[35m[1mConsolidate compiler generated dependencies of target drone_interfaces__rosidl_typesupport_c__pyext[0m
[ 87%] [32mBuilding C object CMakeFiles/drone_interfaces__rosidl_typesupport_fastrtps_c__pyext.dir/rosidl_generator_py/drone_interfaces/_drone_interfaces_s.ep.rosidl_typesupport_fastrtps_c.c.o[0m
[ 89%] [32mBuilding C object CMakeFiles/drone_interfaces__rosidl_typesupport_introspection_c__pyext.dir/rosidl_generator_py/drone_interfaces/_drone_interfaces_s.ep.rosidl_typesupport_introspection_c.c.o[0m
[ 92%] [32mBuilding C object CMakeFiles/drone_interfaces__rosidl_typesupport_c__pyext.dir/rosidl_generator_py/drone_interfaces/_drone_interfaces_s.ep.rosidl_typesupport_c.c.o[0m
[ 94%] [32m[1mLinking C shared library rosidl_generator_py/drone_interfaces/drone_interfaces_s__rosidl_typesupport_introspection_c.cpython-310-x86_64-linux-gnu.so[0m
[ 97%] [32m[1mLinking C shared library rosidl_generator_py/drone_interfaces/drone_interfaces_s__rosidl_typesupport_fastrtps_c.cpython-310-x86_64-linux-gnu.so[0m
[ 97%] Built target drone_interfaces__rosidl_typesupport_fastrtps_c__pyext
[ 97%] Built target drone_interfaces__rosidl_typesupport_introspection_c__pyext
[100%] [32m[1mLinking C shared library rosidl_generator_py/drone_interfaces/drone_interfaces_s__rosidl_typesupport_c.cpython-310-x86_64-linux-gnu.so[0m
[100%] Built target drone_interfaces__rosidl_typesupport_c__pyext
-- Install configuration: ""
-- Installing: /home/stas/Dron/KNRDron/rosDron/install/drone_interfaces/share/ament_index/resource_index/rosidl_interfaces/drone_interfaces
-- Up-to-date: /home/stas/Dron/KNRDron/rosDron/install/drone_interfaces/include/drone_interfaces/drone_interfaces
-- Up-to-date: /home/stas/Dron/KNRDron/rosDron/install/drone_interfaces/include/drone_interfaces/drone_interfaces/msg
-- Up-to-date: /home/stas/Dron/KNRDron/rosDron/install/drone_interfaces/include/drone_interfaces/drone_interfaces/msg/rosidl_generator_c__visibility_control.h
-- Installing: /home/stas/Dron/KNRDron/rosDron/install/drone_interfaces/include/drone_interfaces/drone_interfaces/msg/detections_list.h
-- Installing: /home/stas/Dron/KNRDron/rosDron/install/drone_interfaces/include/drone_interfaces/drone_interfaces/msg/detection.h
-- Up-to-date: /home/stas/Dron/KNRDron/rosDron/install/drone_interfaces/include/drone_interfaces/drone_interfaces/msg/detail
-- Installing: /home/stas/Dron/KNRDron/rosDron/install/drone_interfaces/include/drone_interfaces/drone_interfaces/msg/detail/detections_list__functions.c
-- Installing: /home/stas/Dron/KNRDron/rosDron/install/drone_interfaces/include/drone_interfaces/drone_interfaces/msg/detail/detections_list__functions.h
-- Installing: /home/stas/Dron/KNRDron/rosDron/install/drone_interfaces/include/drone_interfaces/drone_interfaces/msg/detail/detection__functions.c
-- Installing: /home/stas/Dron/KNRDron/rosDron/install/drone_interfaces/include/drone_interfaces/drone_interfaces/msg/detail/detection__type_support.h
-- Installing: /home/stas/Dron/KNRDron/rosDron/install/drone_interfaces/include/drone_interfaces/drone_interfaces/msg/detail/detection__struct.h
-- Installing: /home/stas/Dron/KNRDron/rosDron/install/drone_interfaces/include/drone_interfaces/drone_interfaces/msg/detail/detections_list__type_support.h
-- Installing: /home/stas/Dron/KNRDron/rosDron/install/drone_interfaces/include/drone_interfaces/drone_interfaces/msg/detail/detections_list__struct.h
-- Installing: /home/stas/Dron/KNRDron/rosDron/install/drone_interfaces/include/drone_interfaces/drone_interfaces/msg/detail/detection__functions.h
-- Up-to-date: /home/stas/Dron/KNRDron/rosDron/install/drone_interfaces/share/drone_interfaces/environment/library_path.sh
-- Installing: /home/stas/Dron/KNRDron/rosDron/install/drone_interfaces/share/drone_interfaces/environment/library_path.dsv
-- Installing: /home/stas/Dron/KNRDron/rosDron/install/drone_interfaces/lib/libdrone_interfaces__rosidl_generator_c.so
-- Set runtime path of "/home/stas/Dron/KNRDron/rosDron/install/drone_interfaces/lib/libdrone_interfaces__rosidl_generator_c.so" to ""
-- Up-to-date: /home/stas/Dron/KNRDron/rosDron/install/drone_interfaces/include/drone_interfaces/drone_interfaces
-- Up-to-date: /home/stas/Dron/KNRDron/rosDron/install/drone_interfaces/include/drone_interfaces/drone_interfaces/msg
-- Up-to-date: /home/stas/Dron/KNRDron/rosDron/install/drone_interfaces/include/drone_interfaces/drone_interfaces/msg/rosidl_typesupport_fastrtps_c__visibility_control.h
-- Up-to-date: /home/stas/Dron/KNRDron/rosDron/install/drone_interfaces/include/drone_interfaces/drone_interfaces/msg/detail
-- Installing: /home/stas/Dron/KNRDron/rosDron/install/drone_interfaces/include/drone_interfaces/drone_interfaces/msg/detail/detection__rosidl_typesupport_fastrtps_c.h
-- Installing: /home/stas/Dron/KNRDron/rosDron/install/drone_interfaces/include/drone_interfaces/drone_interfaces/msg/detail/detections_list__rosidl_typesupport_fastrtps_c.h
-- Installing: /home/stas/Dron/KNRDron/rosDron/install/drone_interfaces/lib/libdrone_interfaces__rosidl_typesupport_fastrtps_c.so
-- Set runtime path of "/home/stas/Dron/KNRDron/rosDron/install/drone_interfaces/lib/libdrone_interfaces__rosidl_typesupport_fastrtps_c.so" to ""
-- Up-to-date: /home/stas/Dron/KNRDron/rosDron/install/drone_interfaces/include/drone_interfaces/drone_interfaces
-- Up-to-date: /home/stas/Dron/KNRDron/rosDron/install/drone_interfaces/include/drone_interfaces/drone_interfaces/msg
-- Up-to-date: /home/stas/Dron/KNRDron/rosDron/install/drone_interfaces/include/drone_interfaces/drone_interfaces/msg/rosidl_typesupport_introspection_c__visibility_control.h
-- Up-to-date: /home/stas/Dron/KNRDron/rosDron/install/drone_interfaces/include/drone_interfaces/drone_interfaces/msg/detail
-- Installing: /home/stas/Dron/KNRDron/rosDron/install/drone_interfaces/include/drone_interfaces/drone_interfaces/msg/detail/detection__rosidl_typesupport_introspection_c.h
-- Installing: /home/stas/Dron/KNRDron/rosDron/install/drone_interfaces/include/drone_interfaces/drone_interfaces/msg/detail/detection__type_support.c
-- Installing: /home/stas/Dron/KNRDron/rosDron/install/drone_interfaces/include/drone_interfaces/drone_interfaces/msg/detail/detections_list__type_support.c
-- Installing: /home/stas/Dron/KNRDron/rosDron/install/drone_interfaces/include/drone_interfaces/drone_interfaces/msg/detail/detections_list__rosidl_typesupport_introspection_c.h
-- Installing: /home/stas/Dron/KNRDron/rosDron/install/drone_interfaces/lib/libdrone_interfaces__rosidl_typesupport_introspection_c.so
-- Set runtime path of "/home/stas/Dron/KNRDron/rosDron/install/drone_interfaces/lib/libdrone_interfaces__rosidl_typesupport_introspection_c.so" to ""
-- Installing: /home/stas/Dron/KNRDron/rosDron/install/drone_interfaces/lib/libdrone_interfaces__rosidl_typesupport_c.so
-- Set runtime path of "/home/stas/Dron/KNRDron/rosDron/install/drone_interfaces/lib/libdrone_interfaces__rosidl_typesupport_c.so" to ""
-- Up-to-date: /home/stas/Dron/KNRDron/rosDron/install/drone_interfaces/include/drone_interfaces/drone_interfaces
-- Up-to-date: /home/stas/Dron/KNRDron/rosDron/install/drone_interfaces/include/drone_interfaces/drone_interfaces/msg
-- Installing: /home/stas/Dron/KNRDron/rosDron/install/drone_interfaces/include/drone_interfaces/drone_interfaces/msg/detection.hpp
-- Up-to-date: /home/stas/Dron/KNRDron/rosDron/install/drone_interfaces/include/drone_interfaces/drone_interfaces/msg/detail
-- Installing: /home/stas/Dron/KNRDron/rosDron/install/drone_interfaces/include/drone_interfaces/drone_interfaces/msg/detail/detection__builder.hpp
-- Installing: /home/stas/Dron/KNRDron/rosDron/install/drone_interfaces/include/drone_interfaces/drone_interfaces/msg/detail/detections_list__traits.hpp
-- Installing: /home/stas/Dron/KNRDron/rosDron/install/drone_interfaces/include/drone_interfaces/drone_interfaces/msg/detail/detections_list__builder.hpp
-- Installing: /home/stas/Dron/KNRDron/rosDron/install/drone_interfaces/include/drone_interfaces/drone_interfaces/msg/detail/detection__traits.hpp
-- Installing: /home/stas/Dron/KNRDron/rosDron/install/drone_interfaces/include/drone_interfaces/drone_interfaces/msg/detail/detections_list__struct.hpp
-- Installing: /home/stas/Dron/KNRDron/rosDron/install/drone_interfaces/include/drone_interfaces/drone_interfaces/msg/detail/detection__struct.hpp
-- Installing: /home/stas/Dron/KNRDron/rosDron/install/drone_interfaces/include/drone_interfaces/drone_interfaces/msg/detections_list.hpp
-- Up-to-date: /home/stas/Dron/KNRDron/rosDron/install/drone_interfaces/include/drone_interfaces/drone_interfaces
-- Up-to-date: /home/stas/Dron/KNRDron/rosDron/install/drone_interfaces/include/drone_interfaces/drone_interfaces/msg
-- Up-to-date: /home/stas/Dron/KNRDron/rosDron/install/drone_interfaces/include/drone_interfaces/drone_interfaces/msg/detail
-- Up-to-date: /home/stas/Dron/KNRDron/rosDron/install/drone_interfaces/include/drone_interfaces/drone_interfaces/msg/detail/dds_fastrtps
-- Installing: /home/stas/Dron/KNRDron/rosDron/install/drone_interfaces/include/drone_interfaces/drone_interfaces/msg/detail/detection__rosidl_typesupport_fastrtps_cpp.hpp
-- Installing: /home/stas/Dron/KNRDron/rosDron/install/drone_interfaces/include/drone_interfaces/drone_interfaces/msg/detail/detections_list__rosidl_typesupport_fastrtps_cpp.hpp
-- Up-to-date: /home/stas/Dron/KNRDron/rosDron/install/drone_interfaces/include/drone_interfaces/drone_interfaces/msg/rosidl_typesupport_fastrtps_cpp__visibility_control.h
-- Installing: /home/stas/Dron/KNRDron/rosDron/install/drone_interfaces/lib/libdrone_interfaces__rosidl_typesupport_fastrtps_cpp.so
-- Set runtime path of "/home/stas/Dron/KNRDron/rosDron/install/drone_interfaces/lib/libdrone_interfaces__rosidl_typesupport_fastrtps_cpp.so" to ""
-- Up-to-date: /home/stas/Dron/KNRDron/rosDron/install/drone_interfaces/include/drone_interfaces/drone_interfaces
-- Up-to-date: /home/stas/Dron/KNRDron/rosDron/install/drone_interfaces/include/drone_interfaces/drone_interfaces/msg
-- Up-to-date: /home/stas/Dron/KNRDron/rosDron/install/drone_interfaces/include/drone_interfaces/drone_interfaces/msg/detail
-- Installing: /home/stas/Dron/KNRDron/rosDron/install/drone_interfaces/include/drone_interfaces/drone_interfaces/msg/detail/detections_list__type_support.cpp
-- Installing: /home/stas/Dron/KNRDron/rosDron/install/drone_interfaces/include/drone_interfaces/drone_interfaces/msg/detail/detection__rosidl_typesupport_introspection_cpp.hpp
-- Installing: /home/stas/Dron/KNRDron/rosDron/install/drone_interfaces/include/drone_interfaces/drone_interfaces/msg/detail/detections_list__rosidl_typesupport_introspection_cpp.hpp
-- Installing: /home/stas/Dron/KNRDron/rosDron/install/drone_interfaces/include/drone_interfaces/drone_interfaces/msg/detail/detection__type_support.cpp
-- Installing: /home/stas/Dron/KNRDron/rosDron/install/drone_interfaces/lib/libdrone_interfaces__rosidl_typesupport_introspection_cpp.so
-- Set runtime path of "/home/stas/Dron/KNRDron/rosDron/install/drone_interfaces/lib/libdrone_interfaces__rosidl_typesupport_introspection_cpp.so" to ""
-- Installing: /home/stas/Dron/KNRDron/rosDron/install/drone_interfaces/lib/libdrone_interfaces__rosidl_typesupport_cpp.so
-- Set runtime path of "/home/stas/Dron/KNRDron/rosDron/install/drone_interfaces/lib/libdrone_interfaces__rosidl_typesupport_cpp.so" to ""
-- Up-to-date: /home/stas/Dron/KNRDron/rosDron/install/drone_interfaces/share/drone_interfaces/environment/pythonpath.sh
-- Installing: /home/stas/Dron/KNRDron/rosDron/install/drone_interfaces/share/drone_interfaces/environment/pythonpath.dsv
-- Up-to-date: /home/stas/Dron/KNRDron/rosDron/install/drone_interfaces/lib/python3.10/site-packages/drone_interfaces-0.0.0-py3.10.egg-info
-- Installing: /home/stas/Dron/KNRDron/rosDron/install/drone_interfaces/lib/python3.10/site-packages/drone_interfaces-0.0.0-py3.10.egg-info/top_level.txt
-- Installing: /home/stas/Dron/KNRDron/rosDron/install/drone_interfaces/lib/python3.10/site-packages/drone_interfaces-0.0.0-py3.10.egg-info/dependency_links.txt
-- Installing: /home/stas/Dron/KNRDron/rosDron/install/drone_interfaces/lib/python3.10/site-packages/drone_interfaces-0.0.0-py3.10.egg-info/SOURCES.txt
-- Installing: /home/stas/Dron/KNRDron/rosDron/install/drone_interfaces/lib/python3.10/site-packages/drone_interfaces-0.0.0-py3.10.egg-info/PKG-INFO
-- Up-to-date: /home/stas/Dron/KNRDron/rosDron/install/drone_interfaces/lib/python3.10/site-packages/drone_interfaces
-- Installing: /home/stas/Dron/KNRDron/rosDron/install/drone_interfaces/lib/python3.10/site-packages/drone_interfaces/drone_interfaces_s__rosidl_typesupport_c.cpython-310-x86_64-linux-gnu.so
-- Installing: /home/stas/Dron/KNRDron/rosDron/install/drone_interfaces/lib/python3.10/site-packages/drone_interfaces/_drone_interfaces_s.ep.rosidl_typesupport_c.c
-- Installing: /home/stas/Dron/KNRDron/rosDron/install/drone_interfaces/lib/python3.10/site-packages/drone_interfaces/_drone_interfaces_s.ep.rosidl_typesupport_fastrtps_c.c
-- Installing: /home/stas/Dron/KNRDron/rosDron/install/drone_interfaces/lib/python3.10/site-packages/drone_interfaces/drone_interfaces_s__rosidl_typesupport_fastrtps_c.cpython-310-x86_64-linux-gnu.so
-- Installing: /home/stas/Dron/KNRDron/rosDron/install/drone_interfaces/lib/python3.10/site-packages/drone_interfaces/drone_interfaces_s__rosidl_typesupport_introspection_c.cpython-310-x86_64-linux-gnu.so
-- Installing: /home/stas/Dron/KNRDron/rosDron/install/drone_interfaces/lib/python3.10/site-packages/drone_interfaces/__init__.py
-- Installing: /home/stas/Dron/KNRDron/rosDron/install/drone_interfaces/lib/python3.10/site-packages/drone_interfaces/libdrone_interfaces__rosidl_generator_py.so
-- Installing: /home/stas/Dron/KNRDron/rosDron/install/drone_interfaces/lib/python3.10/site-packages/drone_interfaces/_drone_interfaces_s.ep.rosidl_typesupport_introspection_c.c
-- Up-to-date: /home/stas/Dron/KNRDron/rosDron/install/drone_interfaces/lib/python3.10/site-packages/drone_interfaces/msg
-- Installing: /home/stas/Dron/KNRDron/rosDron/install/drone_interfaces/lib/python3.10/site-packages/drone_interfaces/msg/_detection_s.c
-- Installing: /home/stas/Dron/KNRDron/rosDron/install/drone_interfaces/lib/python3.10/site-packages/drone_interfaces/msg/_detection.py
-- Installing: /home/stas/Dron/KNRDron/rosDron/install/drone_interfaces/lib/python3.10/site-packages/drone_interfaces/msg/_detections_list.py
-- Installing: /home/stas/Dron/KNRDron/rosDron/install/drone_interfaces/lib/python3.10/site-packages/drone_interfaces/msg/_detections_list_s.c
-- Installing: /home/stas/Dron/KNRDron/rosDron/install/drone_interfaces/lib/python3.10/site-packages/drone_interfaces/msg/__init__.py
Listing '/home/stas/Dron/KNRDron/rosDron/install/drone_interfaces/lib/python3.10/site-packages/drone_interfaces'...
Compiling '/home/stas/Dron/KNRDron/rosDron/install/drone_interfaces/lib/python3.10/site-packages/drone_interfaces/__init__.py'...
Listing '/home/stas/Dron/KNRDron/rosDron/install/drone_interfaces/lib/python3.10/site-packages/drone_interfaces/msg'...
Compiling '/home/stas/Dron/KNRDron/rosDron/install/drone_interfaces/lib/python3.10/site-packages/drone_interfaces/msg/__init__.py'...
Compiling '/home/stas/Dron/KNRDron/rosDron/install/drone_interfaces/lib/python3.10/site-packages/drone_interfaces/msg/_detection.py'...
Compiling '/home/stas/Dron/KNRDron/rosDron/install/drone_interfaces/lib/python3.10/site-packages/drone_interfaces/msg/_detections_list.py'...
-- Installing: /home/stas/Dron/KNRDron/rosDron/install/drone_interfaces/lib/python3.10/site-packages/drone_interfaces/drone_interfaces_s__rosidl_typesupport_fastrtps_c.cpython-310-x86_64-linux-gnu.so
-- Set runtime path of "/home/stas/Dron/KNRDron/rosDron/install/drone_interfaces/lib/python3.10/site-packages/drone_interfaces/drone_interfaces_s__rosidl_typesupport_fastrtps_c.cpython-310-x86_64-linux-gnu.so" to ""
-- Installing: /home/stas/Dron/KNRDron/rosDron/install/drone_interfaces/lib/python3.10/site-packages/drone_interfaces/drone_interfaces_s__rosidl_typesupport_introspection_c.cpython-310-x86_64-linux-gnu.so
-- Set runtime path of "/home/stas/Dron/KNRDron/rosDron/install/drone_interfaces/lib/python3.10/site-packages/drone_interfaces/drone_interfaces_s__rosidl_typesupport_introspection_c.cpython-310-x86_64-linux-gnu.so" to ""
-- Installing: /home/stas/Dron/KNRDron/rosDron/install/drone_interfaces/lib/python3.10/site-packages/drone_interfaces/drone_interfaces_s__rosidl_typesupport_c.cpython-310-x86_64-linux-gnu.so
-- Set runtime path of "/home/stas/Dron/KNRDron/rosDron/install/drone_interfaces/lib/python3.10/site-packages/drone_interfaces/drone_interfaces_s__rosidl_typesupport_c.cpython-310-x86_64-linux-gnu.so" to ""
-- Installing: /home/stas/Dron/KNRDron/rosDron/install/drone_interfaces/lib/libdrone_interfaces__rosidl_generator_py.so
-- Set runtime path of "/home/stas/Dron/KNRDron/rosDron/install/drone_interfaces/lib/libdrone_interfaces__rosidl_generator_py.so" to ""
-- Up-to-date: /home/stas/Dron/KNRDron/rosDron/install/drone_interfaces/share/drone_interfaces/msg/Detection.idl
-- Installing: /home/stas/Dron/KNRDron/rosDron/install/drone_interfaces/share/drone_interfaces/msg/DetectionsList.idl
-- Up-to-date: /home/stas/Dron/KNRDron/rosDron/install/drone_interfaces/share/drone_interfaces/msg/Detection.msg
-- Installing: /home/stas/Dron/KNRDron/rosDron/install/drone_interfaces/share/drone_interfaces/msg/DetectionsList.msg
-- Up-to-date: /home/stas/Dron/KNRDron/rosDron/install/drone_interfaces/share/ament_index/resource_index/package_run_dependencies/drone_interfaces
-- Up-to-date: /home/stas/Dron/KNRDron/rosDron/install/drone_interfaces/share/ament_index/resource_index/parent_prefix_path/drone_interfaces
-- Up-to-date: /home/stas/Dron/KNRDron/rosDron/install/drone_interfaces/share/drone_interfaces/environment/ament_prefix_path.sh
-- Installing: /home/stas/Dron/KNRDron/rosDron/install/drone_interfaces/share/drone_interfaces/environment/ament_prefix_path.dsv
-- Up-to-date: /home/stas/Dron/KNRDron/rosDron/install/drone_interfaces/share/drone_interfaces/environment/path.sh
-- Installing: /home/stas/Dron/KNRDron/rosDron/install/drone_interfaces/share/drone_interfaces/environment/path.dsv
-- Up-to-date: /home/stas/Dron/KNRDron/rosDron/install/drone_interfaces/share/drone_interfaces/local_setup.bash
-- Up-to-date: /home/stas/Dron/KNRDron/rosDron/install/drone_interfaces/share/drone_interfaces/local_setup.sh
-- Up-to-date: /home/stas/Dron/KNRDron/rosDron/install/drone_interfaces/share/drone_interfaces/local_setup.zsh
-- Installing: /home/stas/Dron/KNRDron/rosDron/install/drone_interfaces/share/drone_interfaces/local_setup.dsv
-- Installing: /home/stas/Dron/KNRDron/rosDron/install/drone_interfaces/share/drone_interfaces/package.dsv
-- Up-to-date: /home/stas/Dron/KNRDron/rosDron/install/drone_interfaces/share/ament_index/resource_index/packages/drone_interfaces
-- Up-to-date: /home/stas/Dron/KNRDron/rosDron/install/drone_interfaces/share/drone_interfaces/cmake/export_drone_interfaces__rosidl_generator_cExport.cmake
-- Up-to-date: /home/stas/Dron/KNRDron/rosDron/install/drone_interfaces/share/drone_interfaces/cmake/export_drone_interfaces__rosidl_generator_cExport-noconfig.cmake
-- Up-to-date: /home/stas/Dron/KNRDron/rosDron/install/drone_interfaces/share/drone_interfaces/cmake/export_drone_interfaces__rosidl_typesupport_fastrtps_cExport.cmake
-- Up-to-date: /home/stas/Dron/KNRDron/rosDron/install/drone_interfaces/share/drone_interfaces/cmake/export_drone_interfaces__rosidl_typesupport_fastrtps_cExport-noconfig.cmake
-- Up-to-date: /home/stas/Dron/KNRDron/rosDron/install/drone_interfaces/share/drone_interfaces/cmake/drone_interfaces__rosidl_typesupport_introspection_cExport.cmake
-- Up-to-date: /home/stas/Dron/KNRDron/rosDron/install/drone_interfaces/share/drone_interfaces/cmake/drone_interfaces__rosidl_typesupport_introspection_cExport-noconfig.cmake
-- Up-to-date: /home/stas/Dron/KNRDron/rosDron/install/drone_interfaces/share/drone_interfaces/cmake/drone_interfaces__rosidl_typesupport_cExport.cmake
-- Up-to-date: /home/stas/Dron/KNRDron/rosDron/install/drone_interfaces/share/drone_interfaces/cmake/drone_interfaces__rosidl_typesupport_cExport-noconfig.cmake
-- Up-to-date: /home/stas/Dron/KNRDron/rosDron/install/drone_interfaces/share/drone_interfaces/cmake/export_drone_interfaces__rosidl_generator_cppExport.cmake
-- Up-to-date: /home/stas/Dron/KNRDron/rosDron/install/drone_interfaces/share/drone_interfaces/cmake/export_drone_interfaces__rosidl_typesupport_fastrtps_cppExport.cmake
-- Up-to-date: /home/stas/Dron/KNRDron/rosDron/install/drone_interfaces/share/drone_interfaces/cmake/export_drone_interfaces__rosidl_typesupport_fastrtps_cppExport-noconfig.cmake
-- Up-to-date: /home/stas/Dron/KNRDron/rosDron/install/drone_interfaces/share/drone_interfaces/cmake/drone_interfaces__rosidl_typesupport_introspection_cppExport.cmake
-- Up-to-date: /home/stas/Dron/KNRDron/rosDron/install/drone_interfaces/share/drone_interfaces/cmake/drone_interfaces__rosidl_typesupport_introspection_cppExport-noconfig.cmake
-- Up-to-date: /home/stas/Dron/KNRDron/rosDron/install/drone_interfaces/share/drone_interfaces/cmake/drone_interfaces__rosidl_typesupport_cppExport.cmake
-- Up-to-date: /home/stas/Dron/KNRDron/rosDron/install/drone_interfaces/share/drone_interfaces/cmake/drone_interfaces__rosidl_typesupport_cppExport-noconfig.cmake
-- Up-to-date: /home/stas/Dron/KNRDron/rosDron/install/drone_interfaces/share/drone_interfaces/cmake/export_drone_interfaces__rosidl_generator_pyExport.cmake
-- Up-to-date: /home/stas/Dron/KNRDron/rosDron/install/drone_interfaces/share/drone_interfaces/cmake/export_drone_interfaces__rosidl_generator_pyExport-noconfig.cmake
-- Installing: /home/stas/Dron/KNRDron/rosDron/install/drone_interfaces/share/drone_interfaces/cmake/rosidl_cmake-extras.cmake
-- Up-to-date: /home/stas/Dron/KNRDron/rosDron/install/drone_interfaces/share/drone_interfaces/cmake/ament_cmake_export_include_directories-extras.cmake
-- Up-to-date: /home/stas/Dron/KNRDron/rosDron/install/drone_interfaces/share/drone_interfaces/cmake/ament_cmake_export_libraries-extras.cmake
-- Up-to-date: /home/stas/Dron/KNRDron/rosDron/install/drone_interfaces/share/drone_interfaces/cmake/ament_cmake_export_targets-extras.cmake
-- Up-to-date: /home/stas/Dron/KNRDron/rosDron/install/drone_interfaces/share/drone_interfaces/cmake/rosidl_cmake_export_typesupport_targets-extras.cmake
-- Up-to-date: /home/stas/Dron/KNRDron/rosDron/install/drone_interfaces/share/drone_interfaces/cmake/ament_cmake_export_dependencies-extras.cmake
-- Up-to-date: /home/stas/Dron/KNRDron/rosDron/install/drone_interfaces/share/drone_interfaces/cmake/rosidl_cmake_export_typesupport_libraries-extras.cmake
-- Up-to-date: /home/stas/Dron/KNRDron/rosDron/install/drone_interfaces/share/drone_interfaces/cmake/drone_interfacesConfig.cmake
-- Up-to-date: /home/stas/Dron/KNRDron/rosDron/install/drone_interfaces/share/drone_interfaces/cmake/drone_interfacesConfig-version.cmake
-- Up-to-date: /home/stas/Dron/KNRDron/rosDron/install/drone_interfaces/share/drone_interfaces/package.xml
