[0.228s] Invoking command in '/home/stas/Dron/KNRDron/rosDron/build/drone_interfaces': CMAKE_PREFIX_PATH=${CMAKE_PREFIX_PATH}:/home/stas/ros2_ws/install/turtlesim_pd_pkg:/home/stas/ros2_ws/install/my_py_pkg:/opt/ros/humble CONDA_PROMPT_MODIFIER=(base) /usr/bin/cmake --build /home/stas/Dron/KNRDron/rosDron/build/drone_interfaces -- -j8 -l8
[0.247s] -- Found ament_cmake: 1.3.3 (/opt/ros/humble/share/ament_cmake/cmake)
[0.362s] -- Found rosidl_default_generators: 1.2.0 (/opt/ros/humble/share/rosidl_default_generators/cmake)
[0.364s] -- Using all available rosidl_typesupport_c: rosidl_typesupport_fastrtps_c;rosidl_typesupport_introspection_c
[0.366s] -- Found rosidl_adapter: 3.1.4 (/opt/ros/humble/share/rosidl_adapter/cmake)
[0.394s] -- Using all available rosidl_typesupport_cpp: rosidl_typesupport_fastrtps_cpp;rosidl_typesupport_introspection_cpp
[0.768s] -- Found ament_cmake_ros: 0.10.0 (/opt/ros/humble/share/ament_cmake_ros/cmake)
[0.938s] -- Using all available rosidl_typesupport_c: rosidl_typesupport_fastrtps_c;rosidl_typesupport_introspection_c
[1.136s] -- Using all available rosidl_typesupport_cpp: rosidl_typesupport_fastrtps_cpp;rosidl_typesupport_introspection_cpp
[1.179s] -- Found python_cmake_module: 0.10.0 (/opt/ros/humble/share/python_cmake_module/cmake)
[1.243s] -- Using PYTHON_EXECUTABLE: /home/stas/miniconda3/envs/Dron/bin/python3
[1.243s] -- Using PYTHON_INCLUDE_DIRS: /home/stas/miniconda3/envs/Dron/include/python3.10
[1.243s] -- Using PYTHON_LIBRARIES: /home/stas/miniconda3/envs/Dron/lib/libpython3.10.so
[1.457s] -- Using numpy include directory: /home/stas/miniconda3/envs/Dron/lib/python3.10/site-packages/numpy/core/include
[1.463s] -- Found ament_lint_auto: 0.12.5 (/opt/ros/humble/share/ament_lint_auto/cmake)
[1.542s] -- Added test 'lint_cmake' to check CMake code style
[1.547s] -- Added test 'xmllint' to check XML markup files
[1.568s] -- Configuring done
[1.636s] -- Generating done
[1.641s] -- Build files have been written to: /home/stas/Dron/KNRDron/rosDron/build/drone_interfaces
[1.661s] [  2%] [34m[1mGenerating C code for ROS interfaces[0m
[1.671s] [  5%] [34m[1mGenerating C++ code for ROS interfaces[0m
[1.721s] [  5%] Built target ament_cmake_python_copy_drone_interfaces
[2.283s] [  5%] Built target drone_interfaces__cpp
[2.291s] [ 10%] [34m[1mGenerating C++ introspection for ROS interfaces[0m
[2.292s] [ 10%] [34m[1mGenerating C++ type support for eProsima Fast-RTPS[0m
[2.293s] [ 12%] [34m[1mGenerating C++ type support dispatch for ROS interfaces[0m
[2.340s] [35m[1mConsolidate compiler generated dependencies of target drone_interfaces__rosidl_generator_c[0m
[2.353s] [ 15%] [32mBuilding C object CMakeFiles/drone_interfaces__rosidl_generator_c.dir/rosidl_generator_c/drone_interfaces/msg/detail/detections_list__functions.c.o[0m
[2.355s] [ 17%] [32mBuilding C object CMakeFiles/drone_interfaces__rosidl_generator_c.dir/rosidl_generator_c/drone_interfaces/msg/detail/detection__functions.c.o[0m
[2.536s] [35m[1mConsolidate compiler generated dependencies of target drone_interfaces__rosidl_typesupport_cpp[0m
[2.548s] [ 20%] [32mBuilding CXX object CMakeFiles/drone_interfaces__rosidl_typesupport_cpp.dir/rosidl_typesupport_cpp/drone_interfaces/msg/detections_list__type_support.cpp.o[0m
[2.549s] [ 23%] [32mBuilding CXX object CMakeFiles/drone_interfaces__rosidl_typesupport_cpp.dir/rosidl_typesupport_cpp/drone_interfaces/msg/detection__type_support.cpp.o[0m
[2.665s] [35m[1mConsolidate compiler generated dependencies of target drone_interfaces__rosidl_typesupport_introspection_cpp[0m
[2.677s] [ 25%] [32mBuilding CXX object CMakeFiles/drone_interfaces__rosidl_typesupport_introspection_cpp.dir/rosidl_typesupport_introspection_cpp/drone_interfaces/msg/detail/detections_list__type_support.cpp.o[0m
[2.677s] [ 28%] [32mBuilding CXX object CMakeFiles/drone_interfaces__rosidl_typesupport_introspection_cpp.dir/rosidl_typesupport_introspection_cpp/drone_interfaces/msg/detail/detection__type_support.cpp.o[0m
[2.683s] [35m[1mConsolidate compiler generated dependencies of target drone_interfaces__rosidl_typesupport_fastrtps_cpp[0m
[2.695s] [ 30%] [32mBuilding CXX object CMakeFiles/drone_interfaces__rosidl_typesupport_fastrtps_cpp.dir/rosidl_typesupport_fastrtps_cpp/drone_interfaces/msg/detail/dds_fastrtps/detection__type_support.cpp.o[0m
[3.053s] running egg_info
[3.062s] writing drone_interfaces.egg-info/PKG-INFO
[3.062s] writing dependency_links to drone_interfaces.egg-info/dependency_links.txt
[3.063s] writing top-level names to drone_interfaces.egg-info/top_level.txt
[3.086s] reading manifest file 'drone_interfaces.egg-info/SOURCES.txt'
[3.087s] writing manifest file 'drone_interfaces.egg-info/SOURCES.txt'
[3.108s] [ 30%] Built target ament_cmake_python_build_drone_interfaces_egg
[3.115s] [ 33%] [32mBuilding CXX object CMakeFiles/drone_interfaces__rosidl_typesupport_fastrtps_cpp.dir/rosidl_typesupport_fastrtps_cpp/drone_interfaces/msg/detail/dds_fastrtps/detections_list__type_support.cpp.o[0m
[3.718s] [ 35%] [32m[1mLinking C shared library libdrone_interfaces__rosidl_generator_c.so[0m
[4.098s] [ 35%] Built target drone_interfaces__rosidl_generator_c
[4.112s] [ 38%] [34m[1mGenerating C introspection for ROS interfaces[0m
[4.133s] [ 41%] [34m[1mGenerating C type support for eProsima Fast-RTPS[0m
[4.264s] [ 43%] [34m[1mGenerating C type support dispatch for ROS interfaces[0m
[4.266s] [ 46%] [32m[1mLinking CXX shared library libdrone_interfaces__rosidl_typesupport_cpp.so[0m
[4.363s] [ 46%] Built target drone_interfaces__rosidl_typesupport_cpp
[4.412s] [ 48%] [32m[1mLinking CXX shared library libdrone_interfaces__rosidl_typesupport_introspection_cpp.so[0m
[4.429s] [ 51%] [32m[1mLinking CXX shared library libdrone_interfaces__rosidl_typesupport_fastrtps_cpp.so[0m
[4.505s] [35m[1mConsolidate compiler generated dependencies of target drone_interfaces__rosidl_typesupport_fastrtps_c[0m
[4.524s] [ 53%] [32mBuilding CXX object CMakeFiles/drone_interfaces__rosidl_typesupport_fastrtps_c.dir/rosidl_typesupport_fastrtps_c/drone_interfaces/msg/detail/detections_list__type_support_c.cpp.o[0m
[4.524s] [ 56%] [32mBuilding CXX object CMakeFiles/drone_interfaces__rosidl_typesupport_fastrtps_c.dir/rosidl_typesupport_fastrtps_c/drone_interfaces/msg/detail/detection__type_support_c.cpp.o[0m
[4.529s] [ 56%] Built target drone_interfaces__rosidl_typesupport_introspection_cpp
[4.566s] [ 56%] Built target drone_interfaces__rosidl_typesupport_fastrtps_cpp
[4.580s] [35m[1mConsolidate compiler generated dependencies of target drone_interfaces__rosidl_typesupport_introspection_c[0m
[4.580s] [35m[1mConsolidate compiler generated dependencies of target drone_interfaces__rosidl_typesupport_c[0m
[4.593s] [ 58%] [32mBuilding CXX object CMakeFiles/drone_interfaces__rosidl_typesupport_c.dir/rosidl_typesupport_c/drone_interfaces/msg/detections_list__type_support.cpp.o[0m
[4.594s] [ 61%] [32mBuilding C object CMakeFiles/drone_interfaces__rosidl_typesupport_introspection_c.dir/rosidl_typesupport_introspection_c/drone_interfaces/msg/detail/detection__type_support.c.o[0m
[4.595s] [ 64%] [32mBuilding C object CMakeFiles/drone_interfaces__rosidl_typesupport_introspection_c.dir/rosidl_typesupport_introspection_c/drone_interfaces/msg/detail/detections_list__type_support.c.o[0m
[4.595s] [ 66%] [32mBuilding CXX object CMakeFiles/drone_interfaces__rosidl_typesupport_c.dir/rosidl_typesupport_c/drone_interfaces/msg/detection__type_support.cpp.o[0m
[4.655s] [ 69%] [32m[1mLinking C shared library libdrone_interfaces__rosidl_typesupport_introspection_c.so[0m
[4.657s] [ 71%] [32m[1mLinking CXX shared library libdrone_interfaces__rosidl_typesupport_c.so[0m
[4.685s] [ 71%] Built target drone_interfaces__rosidl_typesupport_introspection_c
[4.706s] [ 71%] Built target drone_interfaces__rosidl_typesupport_c
[4.961s] [ 74%] [32m[1mLinking CXX shared library libdrone_interfaces__rosidl_typesupport_fastrtps_c.so[0m
[5.025s] [ 74%] Built target drone_interfaces__rosidl_typesupport_fastrtps_c
[5.054s] [ 74%] Built target drone_interfaces
[5.071s] [ 76%] [34m[1mGenerating Python code for ROS interfaces[0m
[5.414s] [ 76%] Built target drone_interfaces__py
[5.423s] [35m[1mConsolidate compiler generated dependencies of target drone_interfaces__rosidl_generator_py[0m
[5.472s] [ 82%] [32mBuilding C object CMakeFiles/drone_interfaces__rosidl_generator_py.dir/rosidl_generator_py/drone_interfaces/msg/_detections_list_s.c.o[0m
[5.472s] [ 82%] [32mBuilding C object CMakeFiles/drone_interfaces__rosidl_generator_py.dir/rosidl_generator_py/drone_interfaces/msg/_detection_s.c.o[0m
[5.784s] [ 84%] [32m[1mLinking C shared library rosidl_generator_py/drone_interfaces/libdrone_interfaces__rosidl_generator_py.so[0m
[5.821s] [ 84%] Built target drone_interfaces__rosidl_generator_py
[5.830s] [35m[1mConsolidate compiler generated dependencies of target drone_interfaces__rosidl_typesupport_introspection_c__pyext[0m
[5.830s] [35m[1mConsolidate compiler generated dependencies of target drone_interfaces__rosidl_typesupport_fastrtps_c__pyext[0m
[5.830s] [35m[1mConsolidate compiler generated dependencies of target drone_interfaces__rosidl_typesupport_c__pyext[0m
[5.842s] [ 87%] [32mBuilding C object CMakeFiles/drone_interfaces__rosidl_typesupport_fastrtps_c__pyext.dir/rosidl_generator_py/drone_interfaces/_drone_interfaces_s.ep.rosidl_typesupport_fastrtps_c.c.o[0m
[5.842s] [ 89%] [32mBuilding C object CMakeFiles/drone_interfaces__rosidl_typesupport_introspection_c__pyext.dir/rosidl_generator_py/drone_interfaces/_drone_interfaces_s.ep.rosidl_typesupport_introspection_c.c.o[0m
[5.846s] [ 92%] [32mBuilding C object CMakeFiles/drone_interfaces__rosidl_typesupport_c__pyext.dir/rosidl_generator_py/drone_interfaces/_drone_interfaces_s.ep.rosidl_typesupport_c.c.o[0m
[5.936s] [ 94%] [32m[1mLinking C shared library rosidl_generator_py/drone_interfaces/drone_interfaces_s__rosidl_typesupport_introspection_c.cpython-310-x86_64-linux-gnu.so[0m
[5.937s] [ 97%] [32m[1mLinking C shared library rosidl_generator_py/drone_interfaces/drone_interfaces_s__rosidl_typesupport_fastrtps_c.cpython-310-x86_64-linux-gnu.so[0m
[5.970s] [ 97%] Built target drone_interfaces__rosidl_typesupport_fastrtps_c__pyext
[5.970s] [ 97%] Built target drone_interfaces__rosidl_typesupport_introspection_c__pyext
[5.970s] [100%] [32m[1mLinking C shared library rosidl_generator_py/drone_interfaces/drone_interfaces_s__rosidl_typesupport_c.cpython-310-x86_64-linux-gnu.so[0m
[5.998s] [100%] Built target drone_interfaces__rosidl_typesupport_c__pyext
[6.007s] Invoked command in '/home/stas/Dron/KNRDron/rosDron/build/drone_interfaces' returned '0': CMAKE_PREFIX_PATH=${CMAKE_PREFIX_PATH}:/home/stas/ros2_ws/install/turtlesim_pd_pkg:/home/stas/ros2_ws/install/my_py_pkg:/opt/ros/humble CONDA_PROMPT_MODIFIER=(base) /usr/bin/cmake --build /home/stas/Dron/KNRDron/rosDron/build/drone_interfaces -- -j8 -l8
[6.076s] Invoking command in '/home/stas/Dron/KNRDron/rosDron/build/drone_interfaces': CMAKE_PREFIX_PATH=${CMAKE_PREFIX_PATH}:/home/stas/ros2_ws/install/turtlesim_pd_pkg:/home/stas/ros2_ws/install/my_py_pkg:/opt/ros/humble CONDA_PROMPT_MODIFIER=(base) /usr/bin/cmake --install /home/stas/Dron/KNRDron/rosDron/build/drone_interfaces
[6.083s] -- Install configuration: ""
[6.083s] -- Installing: /home/stas/Dron/KNRDron/rosDron/install/drone_interfaces/share/ament_index/resource_index/rosidl_interfaces/drone_interfaces
[6.084s] -- Up-to-date: /home/stas/Dron/KNRDron/rosDron/install/drone_interfaces/include/drone_interfaces/drone_interfaces
[6.084s] -- Up-to-date: /home/stas/Dron/KNRDron/rosDron/install/drone_interfaces/include/drone_interfaces/drone_interfaces/msg
[6.084s] -- Up-to-date: /home/stas/Dron/KNRDron/rosDron/install/drone_interfaces/include/drone_interfaces/drone_interfaces/msg/rosidl_generator_c__visibility_control.h
[6.084s] -- Installing: /home/stas/Dron/KNRDron/rosDron/install/drone_interfaces/include/drone_interfaces/drone_interfaces/msg/detections_list.h
[6.084s] -- Installing: /home/stas/Dron/KNRDron/rosDron/install/drone_interfaces/include/drone_interfaces/drone_interfaces/msg/detection.h
[6.084s] -- Up-to-date: /home/stas/Dron/KNRDron/rosDron/install/drone_interfaces/include/drone_interfaces/drone_interfaces/msg/detail
[6.084s] -- Installing: /home/stas/Dron/KNRDron/rosDron/install/drone_interfaces/include/drone_interfaces/drone_interfaces/msg/detail/detections_list__functions.c
[6.084s] -- Installing: /home/stas/Dron/KNRDron/rosDron/install/drone_interfaces/include/drone_interfaces/drone_interfaces/msg/detail/detections_list__functions.h
[6.084s] -- Installing: /home/stas/Dron/KNRDron/rosDron/install/drone_interfaces/include/drone_interfaces/drone_interfaces/msg/detail/detection__functions.c
[6.084s] -- Installing: /home/stas/Dron/KNRDron/rosDron/install/drone_interfaces/include/drone_interfaces/drone_interfaces/msg/detail/detection__type_support.h
[6.085s] -- Installing: /home/stas/Dron/KNRDron/rosDron/install/drone_interfaces/include/drone_interfaces/drone_interfaces/msg/detail/detection__struct.h
[6.085s] -- Installing: /home/stas/Dron/KNRDron/rosDron/install/drone_interfaces/include/drone_interfaces/drone_interfaces/msg/detail/detections_list__type_support.h
[6.085s] -- Installing: /home/stas/Dron/KNRDron/rosDron/install/drone_interfaces/include/drone_interfaces/drone_interfaces/msg/detail/detections_list__struct.h
[6.085s] -- Installing: /home/stas/Dron/KNRDron/rosDron/install/drone_interfaces/include/drone_interfaces/drone_interfaces/msg/detail/detection__functions.h
[6.085s] -- Up-to-date: /home/stas/Dron/KNRDron/rosDron/install/drone_interfaces/share/drone_interfaces/environment/library_path.sh
[6.085s] -- Installing: /home/stas/Dron/KNRDron/rosDron/install/drone_interfaces/share/drone_interfaces/environment/library_path.dsv
[6.087s] -- Installing: /home/stas/Dron/KNRDron/rosDron/install/drone_interfaces/lib/libdrone_interfaces__rosidl_generator_c.so
[6.087s] -- Set runtime path of "/home/stas/Dron/KNRDron/rosDron/install/drone_interfaces/lib/libdrone_interfaces__rosidl_generator_c.so" to ""
[6.087s] -- Up-to-date: /home/stas/Dron/KNRDron/rosDron/install/drone_interfaces/include/drone_interfaces/drone_interfaces
[6.087s] -- Up-to-date: /home/stas/Dron/KNRDron/rosDron/install/drone_interfaces/include/drone_interfaces/drone_interfaces/msg
[6.087s] -- Up-to-date: /home/stas/Dron/KNRDron/rosDron/install/drone_interfaces/include/drone_interfaces/drone_interfaces/msg/rosidl_typesupport_fastrtps_c__visibility_control.h
[6.088s] -- Up-to-date: /home/stas/Dron/KNRDron/rosDron/install/drone_interfaces/include/drone_interfaces/drone_interfaces/msg/detail
[6.088s] -- Installing: /home/stas/Dron/KNRDron/rosDron/install/drone_interfaces/include/drone_interfaces/drone_interfaces/msg/detail/detection__rosidl_typesupport_fastrtps_c.h
[6.088s] -- Installing: /home/stas/Dron/KNRDron/rosDron/install/drone_interfaces/include/drone_interfaces/drone_interfaces/msg/detail/detections_list__rosidl_typesupport_fastrtps_c.h
[6.088s] -- Installing: /home/stas/Dron/KNRDron/rosDron/install/drone_interfaces/lib/libdrone_interfaces__rosidl_typesupport_fastrtps_c.so
[6.089s] -- Set runtime path of "/home/stas/Dron/KNRDron/rosDron/install/drone_interfaces/lib/libdrone_interfaces__rosidl_typesupport_fastrtps_c.so" to ""
[6.089s] -- Up-to-date: /home/stas/Dron/KNRDron/rosDron/install/drone_interfaces/include/drone_interfaces/drone_interfaces
[6.089s] -- Up-to-date: /home/stas/Dron/KNRDron/rosDron/install/drone_interfaces/include/drone_interfaces/drone_interfaces/msg
[6.089s] -- Up-to-date: /home/stas/Dron/KNRDron/rosDron/install/drone_interfaces/include/drone_interfaces/drone_interfaces/msg/rosidl_typesupport_introspection_c__visibility_control.h
[6.089s] -- Up-to-date: /home/stas/Dron/KNRDron/rosDron/install/drone_interfaces/include/drone_interfaces/drone_interfaces/msg/detail
[6.089s] -- Installing: /home/stas/Dron/KNRDron/rosDron/install/drone_interfaces/include/drone_interfaces/drone_interfaces/msg/detail/detection__rosidl_typesupport_introspection_c.h
[6.089s] -- Installing: /home/stas/Dron/KNRDron/rosDron/install/drone_interfaces/include/drone_interfaces/drone_interfaces/msg/detail/detection__type_support.c
[6.089s] -- Installing: /home/stas/Dron/KNRDron/rosDron/install/drone_interfaces/include/drone_interfaces/drone_interfaces/msg/detail/detections_list__type_support.c
[6.089s] -- Installing: /home/stas/Dron/KNRDron/rosDron/install/drone_interfaces/include/drone_interfaces/drone_interfaces/msg/detail/detections_list__rosidl_typesupport_introspection_c.h
[6.110s] -- Installing: /home/stas/Dron/KNRDron/rosDron/install/drone_interfaces/lib/libdrone_interfaces__rosidl_typesupport_introspection_c.so
[6.110s] -- Set runtime path of "/home/stas/Dron/KNRDron/rosDron/install/drone_interfaces/lib/libdrone_interfaces__rosidl_typesupport_introspection_c.so" to ""
[6.110s] -- Installing: /home/stas/Dron/KNRDron/rosDron/install/drone_interfaces/lib/libdrone_interfaces__rosidl_typesupport_c.so
[6.111s] -- Set runtime path of "/home/stas/Dron/KNRDron/rosDron/install/drone_interfaces/lib/libdrone_interfaces__rosidl_typesupport_c.so" to ""
[6.111s] -- Up-to-date: /home/stas/Dron/KNRDron/rosDron/install/drone_interfaces/include/drone_interfaces/drone_interfaces
[6.111s] -- Up-to-date: /home/stas/Dron/KNRDron/rosDron/install/drone_interfaces/include/drone_interfaces/drone_interfaces/msg
[6.111s] -- Installing: /home/stas/Dron/KNRDron/rosDron/install/drone_interfaces/include/drone_interfaces/drone_interfaces/msg/detection.hpp
[6.111s] -- Up-to-date: /home/stas/Dron/KNRDron/rosDron/install/drone_interfaces/include/drone_interfaces/drone_interfaces/msg/detail
[6.111s] -- Installing: /home/stas/Dron/KNRDron/rosDron/install/drone_interfaces/include/drone_interfaces/drone_interfaces/msg/detail/detection__builder.hpp
[6.111s] -- Installing: /home/stas/Dron/KNRDron/rosDron/install/drone_interfaces/include/drone_interfaces/drone_interfaces/msg/detail/detections_list__traits.hpp
[6.112s] -- Installing: /home/stas/Dron/KNRDron/rosDron/install/drone_interfaces/include/drone_interfaces/drone_interfaces/msg/detail/detections_list__builder.hpp
[6.112s] -- Installing: /home/stas/Dron/KNRDron/rosDron/install/drone_interfaces/include/drone_interfaces/drone_interfaces/msg/detail/detection__traits.hpp
[6.112s] -- Installing: /home/stas/Dron/KNRDron/rosDron/install/drone_interfaces/include/drone_interfaces/drone_interfaces/msg/detail/detections_list__struct.hpp
[6.112s] -- Installing: /home/stas/Dron/KNRDron/rosDron/install/drone_interfaces/include/drone_interfaces/drone_interfaces/msg/detail/detection__struct.hpp
[6.112s] -- Installing: /home/stas/Dron/KNRDron/rosDron/install/drone_interfaces/include/drone_interfaces/drone_interfaces/msg/detections_list.hpp
[6.112s] -- Up-to-date: /home/stas/Dron/KNRDron/rosDron/install/drone_interfaces/include/drone_interfaces/drone_interfaces
[6.112s] -- Up-to-date: /home/stas/Dron/KNRDron/rosDron/install/drone_interfaces/include/drone_interfaces/drone_interfaces/msg
[6.112s] -- Up-to-date: /home/stas/Dron/KNRDron/rosDron/install/drone_interfaces/include/drone_interfaces/drone_interfaces/msg/detail
[6.112s] -- Up-to-date: /home/stas/Dron/KNRDron/rosDron/install/drone_interfaces/include/drone_interfaces/drone_interfaces/msg/detail/dds_fastrtps
[6.112s] -- Installing: /home/stas/Dron/KNRDron/rosDron/install/drone_interfaces/include/drone_interfaces/drone_interfaces/msg/detail/detection__rosidl_typesupport_fastrtps_cpp.hpp
[6.112s] -- Installing: /home/stas/Dron/KNRDron/rosDron/install/drone_interfaces/include/drone_interfaces/drone_interfaces/msg/detail/detections_list__rosidl_typesupport_fastrtps_cpp.hpp
[6.112s] -- Up-to-date: /home/stas/Dron/KNRDron/rosDron/install/drone_interfaces/include/drone_interfaces/drone_interfaces/msg/rosidl_typesupport_fastrtps_cpp__visibility_control.h
[6.113s] -- Installing: /home/stas/Dron/KNRDron/rosDron/install/drone_interfaces/lib/libdrone_interfaces__rosidl_typesupport_fastrtps_cpp.so
[6.114s] -- Set runtime path of "/home/stas/Dron/KNRDron/rosDron/install/drone_interfaces/lib/libdrone_interfaces__rosidl_typesupport_fastrtps_cpp.so" to ""
[6.114s] -- Up-to-date: /home/stas/Dron/KNRDron/rosDron/install/drone_interfaces/include/drone_interfaces/drone_interfaces
[6.114s] -- Up-to-date: /home/stas/Dron/KNRDron/rosDron/install/drone_interfaces/include/drone_interfaces/drone_interfaces/msg
[6.114s] -- Up-to-date: /home/stas/Dron/KNRDron/rosDron/install/drone_interfaces/include/drone_interfaces/drone_interfaces/msg/detail
[6.114s] -- Installing: /home/stas/Dron/KNRDron/rosDron/install/drone_interfaces/include/drone_interfaces/drone_interfaces/msg/detail/detections_list__type_support.cpp
[6.114s] -- Installing: /home/stas/Dron/KNRDron/rosDron/install/drone_interfaces/include/drone_interfaces/drone_interfaces/msg/detail/detection__rosidl_typesupport_introspection_cpp.hpp
[6.114s] -- Installing: /home/stas/Dron/KNRDron/rosDron/install/drone_interfaces/include/drone_interfaces/drone_interfaces/msg/detail/detections_list__rosidl_typesupport_introspection_cpp.hpp
[6.114s] -- Installing: /home/stas/Dron/KNRDron/rosDron/install/drone_interfaces/include/drone_interfaces/drone_interfaces/msg/detail/detection__type_support.cpp
[6.115s] -- Installing: /home/stas/Dron/KNRDron/rosDron/install/drone_interfaces/lib/libdrone_interfaces__rosidl_typesupport_introspection_cpp.so
[6.115s] -- Set runtime path of "/home/stas/Dron/KNRDron/rosDron/install/drone_interfaces/lib/libdrone_interfaces__rosidl_typesupport_introspection_cpp.so" to ""
[6.116s] -- Installing: /home/stas/Dron/KNRDron/rosDron/install/drone_interfaces/lib/libdrone_interfaces__rosidl_typesupport_cpp.so
[6.117s] -- Set runtime path of "/home/stas/Dron/KNRDron/rosDron/install/drone_interfaces/lib/libdrone_interfaces__rosidl_typesupport_cpp.so" to ""
[6.117s] -- Up-to-date: /home/stas/Dron/KNRDron/rosDron/install/drone_interfaces/share/drone_interfaces/environment/pythonpath.sh
[6.117s] -- Installing: /home/stas/Dron/KNRDron/rosDron/install/drone_interfaces/share/drone_interfaces/environment/pythonpath.dsv
[6.117s] -- Up-to-date: /home/stas/Dron/KNRDron/rosDron/install/drone_interfaces/lib/python3.10/site-packages/drone_interfaces-0.0.0-py3.10.egg-info
[6.117s] -- Installing: /home/stas/Dron/KNRDron/rosDron/install/drone_interfaces/lib/python3.10/site-packages/drone_interfaces-0.0.0-py3.10.egg-info/top_level.txt
[6.117s] -- Installing: /home/stas/Dron/KNRDron/rosDron/install/drone_interfaces/lib/python3.10/site-packages/drone_interfaces-0.0.0-py3.10.egg-info/dependency_links.txt
[6.118s] -- Installing: /home/stas/Dron/KNRDron/rosDron/install/drone_interfaces/lib/python3.10/site-packages/drone_interfaces-0.0.0-py3.10.egg-info/SOURCES.txt
[6.118s] -- Installing: /home/stas/Dron/KNRDron/rosDron/install/drone_interfaces/lib/python3.10/site-packages/drone_interfaces-0.0.0-py3.10.egg-info/PKG-INFO
[6.118s] -- Up-to-date: /home/stas/Dron/KNRDron/rosDron/install/drone_interfaces/lib/python3.10/site-packages/drone_interfaces
[6.118s] -- Installing: /home/stas/Dron/KNRDron/rosDron/install/drone_interfaces/lib/python3.10/site-packages/drone_interfaces/drone_interfaces_s__rosidl_typesupport_c.cpython-310-x86_64-linux-gnu.so
[6.118s] -- Installing: /home/stas/Dron/KNRDron/rosDron/install/drone_interfaces/lib/python3.10/site-packages/drone_interfaces/_drone_interfaces_s.ep.rosidl_typesupport_c.c
[6.118s] -- Installing: /home/stas/Dron/KNRDron/rosDron/install/drone_interfaces/lib/python3.10/site-packages/drone_interfaces/_drone_interfaces_s.ep.rosidl_typesupport_fastrtps_c.c
[6.118s] -- Installing: /home/stas/Dron/KNRDron/rosDron/install/drone_interfaces/lib/python3.10/site-packages/drone_interfaces/drone_interfaces_s__rosidl_typesupport_fastrtps_c.cpython-310-x86_64-linux-gnu.so
[6.118s] -- Installing: /home/stas/Dron/KNRDron/rosDron/install/drone_interfaces/lib/python3.10/site-packages/drone_interfaces/drone_interfaces_s__rosidl_typesupport_introspection_c.cpython-310-x86_64-linux-gnu.so
[6.118s] -- Installing: /home/stas/Dron/KNRDron/rosDron/install/drone_interfaces/lib/python3.10/site-packages/drone_interfaces/__init__.py
[6.119s] -- Installing: /home/stas/Dron/KNRDron/rosDron/install/drone_interfaces/lib/python3.10/site-packages/drone_interfaces/libdrone_interfaces__rosidl_generator_py.so
[6.119s] -- Installing: /home/stas/Dron/KNRDron/rosDron/install/drone_interfaces/lib/python3.10/site-packages/drone_interfaces/_drone_interfaces_s.ep.rosidl_typesupport_introspection_c.c
[6.119s] -- Up-to-date: /home/stas/Dron/KNRDron/rosDron/install/drone_interfaces/lib/python3.10/site-packages/drone_interfaces/msg
[6.119s] -- Installing: /home/stas/Dron/KNRDron/rosDron/install/drone_interfaces/lib/python3.10/site-packages/drone_interfaces/msg/_detection_s.c
[6.119s] -- Installing: /home/stas/Dron/KNRDron/rosDron/install/drone_interfaces/lib/python3.10/site-packages/drone_interfaces/msg/_detection.py
[6.119s] -- Installing: /home/stas/Dron/KNRDron/rosDron/install/drone_interfaces/lib/python3.10/site-packages/drone_interfaces/msg/_detections_list.py
[6.119s] -- Installing: /home/stas/Dron/KNRDron/rosDron/install/drone_interfaces/lib/python3.10/site-packages/drone_interfaces/msg/_detections_list_s.c
[6.119s] -- Installing: /home/stas/Dron/KNRDron/rosDron/install/drone_interfaces/lib/python3.10/site-packages/drone_interfaces/msg/__init__.py
[6.151s] Listing '/home/stas/Dron/KNRDron/rosDron/install/drone_interfaces/lib/python3.10/site-packages/drone_interfaces'...
[6.151s] Compiling '/home/stas/Dron/KNRDron/rosDron/install/drone_interfaces/lib/python3.10/site-packages/drone_interfaces/__init__.py'...
[6.151s] Listing '/home/stas/Dron/KNRDron/rosDron/install/drone_interfaces/lib/python3.10/site-packages/drone_interfaces/msg'...
[6.151s] Compiling '/home/stas/Dron/KNRDron/rosDron/install/drone_interfaces/lib/python3.10/site-packages/drone_interfaces/msg/__init__.py'...
[6.151s] Compiling '/home/stas/Dron/KNRDron/rosDron/install/drone_interfaces/lib/python3.10/site-packages/drone_interfaces/msg/_detection.py'...
[6.151s] Compiling '/home/stas/Dron/KNRDron/rosDron/install/drone_interfaces/lib/python3.10/site-packages/drone_interfaces/msg/_detections_list.py'...
[6.155s] -- Installing: /home/stas/Dron/KNRDron/rosDron/install/drone_interfaces/lib/python3.10/site-packages/drone_interfaces/drone_interfaces_s__rosidl_typesupport_fastrtps_c.cpython-310-x86_64-linux-gnu.so
[6.155s] -- Set runtime path of "/home/stas/Dron/KNRDron/rosDron/install/drone_interfaces/lib/python3.10/site-packages/drone_interfaces/drone_interfaces_s__rosidl_typesupport_fastrtps_c.cpython-310-x86_64-linux-gnu.so" to ""
[6.156s] -- Installing: /home/stas/Dron/KNRDron/rosDron/install/drone_interfaces/lib/python3.10/site-packages/drone_interfaces/drone_interfaces_s__rosidl_typesupport_introspection_c.cpython-310-x86_64-linux-gnu.so
[6.156s] -- Set runtime path of "/home/stas/Dron/KNRDron/rosDron/install/drone_interfaces/lib/python3.10/site-packages/drone_interfaces/drone_interfaces_s__rosidl_typesupport_introspection_c.cpython-310-x86_64-linux-gnu.so" to ""
[6.156s] -- Installing: /home/stas/Dron/KNRDron/rosDron/install/drone_interfaces/lib/python3.10/site-packages/drone_interfaces/drone_interfaces_s__rosidl_typesupport_c.cpython-310-x86_64-linux-gnu.so
[6.157s] -- Set runtime path of "/home/stas/Dron/KNRDron/rosDron/install/drone_interfaces/lib/python3.10/site-packages/drone_interfaces/drone_interfaces_s__rosidl_typesupport_c.cpython-310-x86_64-linux-gnu.so" to ""
[6.168s] -- Installing: /home/stas/Dron/KNRDron/rosDron/install/drone_interfaces/lib/libdrone_interfaces__rosidl_generator_py.so
[6.169s] -- Set runtime path of "/home/stas/Dron/KNRDron/rosDron/install/drone_interfaces/lib/libdrone_interfaces__rosidl_generator_py.so" to ""
[6.169s] -- Up-to-date: /home/stas/Dron/KNRDron/rosDron/install/drone_interfaces/share/drone_interfaces/msg/Detection.idl
[6.169s] -- Installing: /home/stas/Dron/KNRDron/rosDron/install/drone_interfaces/share/drone_interfaces/msg/DetectionsList.idl
[6.169s] -- Up-to-date: /home/stas/Dron/KNRDron/rosDron/install/drone_interfaces/share/drone_interfaces/msg/Detection.msg
[6.169s] -- Installing: /home/stas/Dron/KNRDron/rosDron/install/drone_interfaces/share/drone_interfaces/msg/DetectionsList.msg
[6.169s] -- Up-to-date: /home/stas/Dron/KNRDron/rosDron/install/drone_interfaces/share/ament_index/resource_index/package_run_dependencies/drone_interfaces
[6.169s] -- Up-to-date: /home/stas/Dron/KNRDron/rosDron/install/drone_interfaces/share/ament_index/resource_index/parent_prefix_path/drone_interfaces
[6.170s] -- Up-to-date: /home/stas/Dron/KNRDron/rosDron/install/drone_interfaces/share/drone_interfaces/environment/ament_prefix_path.sh
[6.170s] -- Installing: /home/stas/Dron/KNRDron/rosDron/install/drone_interfaces/share/drone_interfaces/environment/ament_prefix_path.dsv
[6.170s] -- Up-to-date: /home/stas/Dron/KNRDron/rosDron/install/drone_interfaces/share/drone_interfaces/environment/path.sh
[6.170s] -- Installing: /home/stas/Dron/KNRDron/rosDron/install/drone_interfaces/share/drone_interfaces/environment/path.dsv
[6.170s] -- Up-to-date: /home/stas/Dron/KNRDron/rosDron/install/drone_interfaces/share/drone_interfaces/local_setup.bash
[6.170s] -- Up-to-date: /home/stas/Dron/KNRDron/rosDron/install/drone_interfaces/share/drone_interfaces/local_setup.sh
[6.170s] -- Up-to-date: /home/stas/Dron/KNRDron/rosDron/install/drone_interfaces/share/drone_interfaces/local_setup.zsh
[6.170s] -- Installing: /home/stas/Dron/KNRDron/rosDron/install/drone_interfaces/share/drone_interfaces/local_setup.dsv
[6.170s] -- Installing: /home/stas/Dron/KNRDron/rosDron/install/drone_interfaces/share/drone_interfaces/package.dsv
[6.171s] -- Up-to-date: /home/stas/Dron/KNRDron/rosDron/install/drone_interfaces/share/ament_index/resource_index/packages/drone_interfaces
[6.171s] -- Up-to-date: /home/stas/Dron/KNRDron/rosDron/install/drone_interfaces/share/drone_interfaces/cmake/export_drone_interfaces__rosidl_generator_cExport.cmake
[6.171s] -- Up-to-date: /home/stas/Dron/KNRDron/rosDron/install/drone_interfaces/share/drone_interfaces/cmake/export_drone_interfaces__rosidl_generator_cExport-noconfig.cmake
[6.171s] -- Up-to-date: /home/stas/Dron/KNRDron/rosDron/install/drone_interfaces/share/drone_interfaces/cmake/export_drone_interfaces__rosidl_typesupport_fastrtps_cExport.cmake
[6.171s] -- Up-to-date: /home/stas/Dron/KNRDron/rosDron/install/drone_interfaces/share/drone_interfaces/cmake/export_drone_interfaces__rosidl_typesupport_fastrtps_cExport-noconfig.cmake
[6.172s] -- Up-to-date: /home/stas/Dron/KNRDron/rosDron/install/drone_interfaces/share/drone_interfaces/cmake/drone_interfaces__rosidl_typesupport_introspection_cExport.cmake
[6.172s] -- Up-to-date: /home/stas/Dron/KNRDron/rosDron/install/drone_interfaces/share/drone_interfaces/cmake/drone_interfaces__rosidl_typesupport_introspection_cExport-noconfig.cmake
[6.172s] -- Up-to-date: /home/stas/Dron/KNRDron/rosDron/install/drone_interfaces/share/drone_interfaces/cmake/drone_interfaces__rosidl_typesupport_cExport.cmake
[6.172s] -- Up-to-date: /home/stas/Dron/KNRDron/rosDron/install/drone_interfaces/share/drone_interfaces/cmake/drone_interfaces__rosidl_typesupport_cExport-noconfig.cmake
[6.172s] -- Up-to-date: /home/stas/Dron/KNRDron/rosDron/install/drone_interfaces/share/drone_interfaces/cmake/export_drone_interfaces__rosidl_generator_cppExport.cmake
[6.173s] -- Up-to-date: /home/stas/Dron/KNRDron/rosDron/install/drone_interfaces/share/drone_interfaces/cmake/export_drone_interfaces__rosidl_typesupport_fastrtps_cppExport.cmake
[6.173s] -- Up-to-date: /home/stas/Dron/KNRDron/rosDron/install/drone_interfaces/share/drone_interfaces/cmake/export_drone_interfaces__rosidl_typesupport_fastrtps_cppExport-noconfig.cmake
[6.173s] -- Up-to-date: /home/stas/Dron/KNRDron/rosDron/install/drone_interfaces/share/drone_interfaces/cmake/drone_interfaces__rosidl_typesupport_introspection_cppExport.cmake
[6.173s] -- Up-to-date: /home/stas/Dron/KNRDron/rosDron/install/drone_interfaces/share/drone_interfaces/cmake/drone_interfaces__rosidl_typesupport_introspection_cppExport-noconfig.cmake
[6.173s] -- Up-to-date: /home/stas/Dron/KNRDron/rosDron/install/drone_interfaces/share/drone_interfaces/cmake/drone_interfaces__rosidl_typesupport_cppExport.cmake
[6.173s] -- Up-to-date: /home/stas/Dron/KNRDron/rosDron/install/drone_interfaces/share/drone_interfaces/cmake/drone_interfaces__rosidl_typesupport_cppExport-noconfig.cmake
[6.174s] -- Up-to-date: /home/stas/Dron/KNRDron/rosDron/install/drone_interfaces/share/drone_interfaces/cmake/export_drone_interfaces__rosidl_generator_pyExport.cmake
[6.174s] -- Up-to-date: /home/stas/Dron/KNRDron/rosDron/install/drone_interfaces/share/drone_interfaces/cmake/export_drone_interfaces__rosidl_generator_pyExport-noconfig.cmake
[6.174s] -- Installing: /home/stas/Dron/KNRDron/rosDron/install/drone_interfaces/share/drone_interfaces/cmake/rosidl_cmake-extras.cmake
[6.174s] -- Up-to-date: /home/stas/Dron/KNRDron/rosDron/install/drone_interfaces/share/drone_interfaces/cmake/ament_cmake_export_include_directories-extras.cmake
[6.174s] -- Up-to-date: /home/stas/Dron/KNRDron/rosDron/install/drone_interfaces/share/drone_interfaces/cmake/ament_cmake_export_libraries-extras.cmake
[6.174s] -- Up-to-date: /home/stas/Dron/KNRDron/rosDron/install/drone_interfaces/share/drone_interfaces/cmake/ament_cmake_export_targets-extras.cmake
[6.174s] -- Up-to-date: /home/stas/Dron/KNRDron/rosDron/install/drone_interfaces/share/drone_interfaces/cmake/rosidl_cmake_export_typesupport_targets-extras.cmake
[6.174s] -- Up-to-date: /home/stas/Dron/KNRDron/rosDron/install/drone_interfaces/share/drone_interfaces/cmake/ament_cmake_export_dependencies-extras.cmake
[6.175s] -- Up-to-date: /home/stas/Dron/KNRDron/rosDron/install/drone_interfaces/share/drone_interfaces/cmake/rosidl_cmake_export_typesupport_libraries-extras.cmake
[6.175s] -- Up-to-date: /home/stas/Dron/KNRDron/rosDron/install/drone_interfaces/share/drone_interfaces/cmake/drone_interfacesConfig.cmake
[6.175s] -- Up-to-date: /home/stas/Dron/KNRDron/rosDron/install/drone_interfaces/share/drone_interfaces/cmake/drone_interfacesConfig-version.cmake
[6.175s] -- Up-to-date: /home/stas/Dron/KNRDron/rosDron/install/drone_interfaces/share/drone_interfaces/package.xml
[6.180s] Invoked command in '/home/stas/Dron/KNRDron/rosDron/build/drone_interfaces' returned '0': CMAKE_PREFIX_PATH=${CMAKE_PREFIX_PATH}:/home/stas/ros2_ws/install/turtlesim_pd_pkg:/home/stas/ros2_ws/install/my_py_pkg:/opt/ros/humble CONDA_PROMPT_MODIFIER=(base) /usr/bin/cmake --install /home/stas/Dron/KNRDron/rosDron/build/drone_interfaces
