/home/stas/Dron/KNRDron/rosDron/install/drone_detector/lib/python3.10/site-packages/drone_detector/image_subscriber.py
/home/stas/Dron/KNRDron/rosDron/install/drone_detector/lib/python3.10/site-packages/drone_detector/detection.py
/home/stas/Dron/KNRDron/rosDron/install/drone_detector/lib/python3.10/site-packages/drone_detector/detector.py
/home/stas/Dron/KNRDron/rosDron/install/drone_detector/lib/python3.10/site-packages/drone_detector/__init__.py
/home/stas/Dron/KNRDron/rosDron/install/drone_detector/lib/python3.10/site-packages/drone_detector/image_publisher.py
/home/stas/Dron/KNRDron/rosDron/install/drone_detector/lib/python3.10/site-packages/drone_detector/__pycache__/image_subscriber.cpython-310.pyc
/home/stas/Dron/KNRDron/rosDron/install/drone_detector/lib/python3.10/site-packages/drone_detector/__pycache__/detection.cpython-310.pyc
/home/stas/Dron/KNRDron/rosDron/install/drone_detector/lib/python3.10/site-packages/drone_detector/__pycache__/detector.cpython-310.pyc
/home/stas/Dron/KNRDron/rosDron/install/drone_detector/lib/python3.10/site-packages/drone_detector/__pycache__/__init__.cpython-310.pyc
/home/stas/Dron/KNRDron/rosDron/install/drone_detector/lib/python3.10/site-packages/drone_detector/__pycache__/image_publisher.cpython-310.pyc
/home/stas/Dron/KNRDron/rosDron/install/drone_detector/share/ament_index/resource_index/packages/drone_detector
/home/stas/Dron/KNRDron/rosDron/install/drone_detector/share/drone_detector/package.xml
/home/stas/Dron/KNRDron/rosDron/install/drone_detector/share/drone_detector/image_demo.launch.py
/home/stas/Dron/KNRDron/rosDron/install/drone_detector/lib/drone_detector/car_counting.mp4
/home/stas/Dron/KNRDron/rosDron/install/drone_detector/lib/python3.10/site-packages/drone_detector-0.0.0-py3.10.egg-info/requires.txt
/home/stas/Dron/KNRDron/rosDron/install/drone_detector/lib/python3.10/site-packages/drone_detector-0.0.0-py3.10.egg-info/top_level.txt
/home/stas/Dron/KNRDron/rosDron/install/drone_detector/lib/python3.10/site-packages/drone_detector-0.0.0-py3.10.egg-info/dependency_links.txt
/home/stas/Dron/KNRDron/rosDron/install/drone_detector/lib/python3.10/site-packages/drone_detector-0.0.0-py3.10.egg-info/SOURCES.txt
/home/stas/Dron/KNRDron/rosDron/install/drone_detector/lib/python3.10/site-packages/drone_detector-0.0.0-py3.10.egg-info/zip-safe
/home/stas/Dron/KNRDron/rosDron/install/drone_detector/lib/python3.10/site-packages/drone_detector-0.0.0-py3.10.egg-info/entry_points.txt
/home/stas/Dron/KNRDron/rosDron/install/drone_detector/lib/python3.10/site-packages/drone_detector-0.0.0-py3.10.egg-info/PKG-INFO
/home/stas/Dron/KNRDron/rosDron/install/drone_detector/lib/drone_detector/image_publisher
/home/stas/Dron/KNRDron/rosDron/install/drone_detector/lib/drone_detector/image_subscriber
