running egg_info
creating ../../build/drone_detector/drone_detector.egg-info
writing ../../build/drone_detector/drone_detector.egg-info/PKG-INFO
writing dependency_links to ../../build/drone_detector/drone_detector.egg-info/dependency_links.txt
writing entry points to ../../build/drone_detector/drone_detector.egg-info/entry_points.txt
writing requirements to ../../build/drone_detector/drone_detector.egg-info/requires.txt
writing top-level names to ../../build/drone_detector/drone_detector.egg-info/top_level.txt
writing manifest file '../../build/drone_detector/drone_detector.egg-info/SOURCES.txt'
reading manifest file '../../build/drone_detector/drone_detector.egg-info/SOURCES.txt'
writing manifest file '../../build/drone_detector/drone_detector.egg-info/SOURCES.txt'
running build
running build_py
creating /home/stas/Dron/KNRDron/rosDron/build/drone_detector/build
creating /home/stas/Dron/KNRDron/rosDron/build/drone_detector/build/lib
creating /home/stas/Dron/KNRDron/rosDron/build/drone_detector/build/lib/drone_detector
copying drone_detector/__init__.py -> /home/stas/Dron/KNRDron/rosDron/build/drone_detector/build/lib/drone_detector
running install
/usr/lib/python3/dist-packages/setuptools/command/install.py:34: SetuptoolsDeprecationWarning: setup.py install is deprecated. Use build and pip and other standards-based tools.
  warnings.warn(
running install_lib
creating /home/stas/Dron/KNRDron/rosDron/install/drone_detector/lib/python3.10/site-packages/drone_detector
copying /home/stas/Dron/KNRDron/rosDron/build/drone_detector/build/lib/drone_detector/__init__.py -> /home/stas/Dron/KNRDron/rosDron/install/drone_detector/lib/python3.10/site-packages/drone_detector
byte-compiling /home/stas/Dron/KNRDron/rosDron/install/drone_detector/lib/python3.10/site-packages/drone_detector/__init__.py to __init__.cpython-310.pyc
running install_data
creating /home/stas/Dron/KNRDron/rosDron/install/drone_detector/share/ament_index
creating /home/stas/Dron/KNRDron/rosDron/install/drone_detector/share/ament_index/resource_index
creating /home/stas/Dron/KNRDron/rosDron/install/drone_detector/share/ament_index/resource_index/packages
copying resource/drone_detector -> /home/stas/Dron/KNRDron/rosDron/install/drone_detector/share/ament_index/resource_index/packages
copying package.xml -> /home/stas/Dron/KNRDron/rosDron/install/drone_detector/share/drone_detector
running install_egg_info
Copying ../../build/drone_detector/drone_detector.egg-info to /home/stas/Dron/KNRDron/rosDron/install/drone_detector/lib/python3.10/site-packages/drone_detector-0.0.0-py3.10.egg-info
running install_scripts
writing list of installed files to '/home/stas/Dron/KNRDron/rosDron/build/drone_detector/install.log'
