[1.394s] Invoking command in '/home/stas/Dron/KNRDron/rosDron/src/drone_detector': CONDA_PROMPT_MODIFIER=(Dron) PYTHONPATH=/home/stas/Dron/KNRDron/rosDron/build/drone_detector/prefix_override:/home/stas/Dron/KNRDron/rosDron/install/drone_detector/lib/python3.10/site-packages:${PYTHONPATH} /usr/bin/python3 setup.py egg_info --egg-base ../../build/drone_detector build --build-base /home/stas/Dron/KNRDron/rosDron/build/drone_detector/build install --record /home/stas/Dron/KNRDron/rosDron/build/drone_detector/install.log --single-version-externally-managed
[1.813s] running egg_info
[1.814s] creating ../../build/drone_detector/drone_detector.egg-info
[1.814s] writing ../../build/drone_detector/drone_detector.egg-info/PKG-INFO
[1.815s] writing dependency_links to ../../build/drone_detector/drone_detector.egg-info/dependency_links.txt
[1.815s] writing entry points to ../../build/drone_detector/drone_detector.egg-info/entry_points.txt
[1.815s] writing requirements to ../../build/drone_detector/drone_detector.egg-info/requires.txt
[1.815s] writing top-level names to ../../build/drone_detector/drone_detector.egg-info/top_level.txt
[1.815s] writing manifest file '../../build/drone_detector/drone_detector.egg-info/SOURCES.txt'
[1.817s] reading manifest file '../../build/drone_detector/drone_detector.egg-info/SOURCES.txt'
[1.818s] writing manifest file '../../build/drone_detector/drone_detector.egg-info/SOURCES.txt'
[1.819s] running build
[1.819s] running build_py
[1.819s] creating /home/stas/Dron/KNRDron/rosDron/build/drone_detector/build
[1.819s] creating /home/stas/Dron/KNRDron/rosDron/build/drone_detector/build/lib
[1.819s] creating /home/stas/Dron/KNRDron/rosDron/build/drone_detector/build/lib/drone_detector
[1.819s] copying drone_detector/__init__.py -> /home/stas/Dron/KNRDron/rosDron/build/drone_detector/build/lib/drone_detector
[1.819s] running install
[1.819s] /usr/lib/python3/dist-packages/setuptools/command/install.py:34: SetuptoolsDeprecationWarning: setup.py install is deprecated. Use build and pip and other standards-based tools.
[1.820s]   warnings.warn(
[1.820s] running install_lib
[1.821s] creating /home/stas/Dron/KNRDron/rosDron/install/drone_detector/lib/python3.10/site-packages/drone_detector
[1.821s] copying /home/stas/Dron/KNRDron/rosDron/build/drone_detector/build/lib/drone_detector/__init__.py -> /home/stas/Dron/KNRDron/rosDron/install/drone_detector/lib/python3.10/site-packages/drone_detector
[1.821s] byte-compiling /home/stas/Dron/KNRDron/rosDron/install/drone_detector/lib/python3.10/site-packages/drone_detector/__init__.py to __init__.cpython-310.pyc
[1.822s] running install_data
[1.822s] creating /home/stas/Dron/KNRDron/rosDron/install/drone_detector/share/ament_index
[1.822s] creating /home/stas/Dron/KNRDron/rosDron/install/drone_detector/share/ament_index/resource_index
[1.823s] creating /home/stas/Dron/KNRDron/rosDron/install/drone_detector/share/ament_index/resource_index/packages
[1.823s] copying resource/drone_detector -> /home/stas/Dron/KNRDron/rosDron/install/drone_detector/share/ament_index/resource_index/packages
[1.823s] copying package.xml -> /home/stas/Dron/KNRDron/rosDron/install/drone_detector/share/drone_detector
[1.823s] running install_egg_info
[1.825s] Copying ../../build/drone_detector/drone_detector.egg-info to /home/stas/Dron/KNRDron/rosDron/install/drone_detector/lib/python3.10/site-packages/drone_detector-0.0.0-py3.10.egg-info
[1.826s] running install_scripts
[1.855s] writing list of installed files to '/home/stas/Dron/KNRDron/rosDron/build/drone_detector/install.log'
[1.884s] Invoked command in '/home/stas/Dron/KNRDron/rosDron/src/drone_detector' returned '0': CONDA_PROMPT_MODIFIER=(Dron) PYTHONPATH=/home/stas/Dron/KNRDron/rosDron/build/drone_detector/prefix_override:/home/stas/Dron/KNRDron/rosDron/install/drone_detector/lib/python3.10/site-packages:${PYTHONPATH} /usr/bin/python3 setup.py egg_info --egg-base ../../build/drone_detector build --build-base /home/stas/Dron/KNRDron/rosDron/build/drone_detector/build install --record /home/stas/Dron/KNRDron/rosDron/build/drone_detector/install.log --single-version-externally-managed
