[1.237s] DEBUG:colcon:Command line arguments: ['/usr/bin/colcon', 'build']
[1.237s] DEBUG:colcon:Parsed command line arguments: Namespace(log_base=None, log_level=None, verb_name='build', build_base='build', install_base='install', merge_install=False, symlink_install=False, test_result_base=None, continue_on_error=False, executor='parallel', parallel_workers=8, event_handlers=None, ignore_user_meta=False, metas=['./colcon.meta'], base_paths=['.'], packages_ignore=None, packages_ignore_regex=None, paths=None, packages_up_to=None, packages_up_to_regex=None, packages_above=None, packages_above_and_dependencies=None, packages_above_depth=None, packages_select_by_dep=None, packages_skip_by_dep=None, packages_skip_up_to=None, packages_select_build_failed=False, packages_skip_build_finished=False, packages_select_test_failures=False, packages_skip_test_passed=False, packages_select=None, packages_skip=None, packages_select_regex=None, packages_skip_regex=None, packages_start=None, packages_end=None, allow_overriding=[], cmake_args=None, cmake_target=None, cmake_target_skip_unavailable=False, cmake_clean_cache=False, cmake_clean_first=False, cmake_force_configure=False, ament_cmake_args=None, catkin_cmake_args=None, catkin_skip_building_tests=False, verb_parser=<colcon_defaults.argument_parser.defaults.DefaultArgumentsDecorator object at 0x7f3d7189fd00>, verb_extension=<colcon_core.verb.build.BuildVerb object at 0x7f3d720bf2e0>, main=<bound method BuildVerb.main of <colcon_core.verb.build.BuildVerb object at 0x7f3d720bf2e0>>)
[1.360s] Level 1:colcon.colcon_core.package_discovery:discover_packages(colcon_meta) check parameters
[1.360s] Level 1:colcon.colcon_core.package_discovery:discover_packages(recursive) check parameters
[1.361s] Level 1:colcon.colcon_core.package_discovery:discover_packages(ignore) check parameters
[1.361s] Level 1:colcon.colcon_core.package_discovery:discover_packages(path) check parameters
[1.361s] Level 1:colcon.colcon_core.package_discovery:discover_packages(colcon_meta) discover
[1.361s] Level 1:colcon.colcon_core.package_discovery:discover_packages(recursive) discover
[1.361s] INFO:colcon.colcon_core.package_discovery:Crawling recursively for packages in '/home/stas/Dron/KNRDron/rosDron'
[1.361s] Level 1:colcon.colcon_core.package_identification:_identify(.) by extensions ['ignore', 'ignore_ament_install']
[1.362s] Level 1:colcon.colcon_core.package_identification:_identify(.) by extension 'ignore'
[1.362s] Level 1:colcon.colcon_core.package_identification:_identify(.) by extension 'ignore_ament_install'
[1.362s] Level 1:colcon.colcon_core.package_identification:_identify(.) by extensions ['colcon_pkg']
[1.362s] Level 1:colcon.colcon_core.package_identification:_identify(.) by extension 'colcon_pkg'
[1.363s] Level 1:colcon.colcon_core.package_identification:_identify(.) by extensions ['colcon_meta']
[1.363s] Level 1:colcon.colcon_core.package_identification:_identify(.) by extension 'colcon_meta'
[1.363s] Level 1:colcon.colcon_core.package_identification:_identify(.) by extensions ['ros']
[1.363s] Level 1:colcon.colcon_core.package_identification:_identify(.) by extension 'ros'
[1.404s] Level 1:colcon.colcon_core.package_identification:_identify(.) by extensions ['cmake', 'python']
[1.404s] Level 1:colcon.colcon_core.package_identification:_identify(.) by extension 'cmake'
[1.405s] Level 1:colcon.colcon_core.package_identification:_identify(.) by extension 'python'
[1.405s] Level 1:colcon.colcon_core.package_identification:_identify(.) by extensions ['python_setup_py']
[1.405s] Level 1:colcon.colcon_core.package_identification:_identify(.) by extension 'python_setup_py'
[1.405s] Level 1:colcon.colcon_core.package_identification:_identify(build) by extensions ['ignore', 'ignore_ament_install']
[1.406s] Level 1:colcon.colcon_core.package_identification:_identify(build) by extension 'ignore'
[1.406s] Level 1:colcon.colcon_core.package_identification:_identify(build) ignored
[1.406s] Level 1:colcon.colcon_core.package_identification:_identify(install) by extensions ['ignore', 'ignore_ament_install']
[1.407s] Level 1:colcon.colcon_core.package_identification:_identify(install) by extension 'ignore'
[1.407s] Level 1:colcon.colcon_core.package_identification:_identify(install) ignored
[1.407s] Level 1:colcon.colcon_core.package_identification:_identify(log) by extensions ['ignore', 'ignore_ament_install']
[1.407s] Level 1:colcon.colcon_core.package_identification:_identify(log) by extension 'ignore'
[1.408s] Level 1:colcon.colcon_core.package_identification:_identify(log) ignored
[1.408s] Level 1:colcon.colcon_core.package_identification:_identify(src) by extensions ['ignore', 'ignore_ament_install']
[1.408s] Level 1:colcon.colcon_core.package_identification:_identify(src) by extension 'ignore'
[1.408s] Level 1:colcon.colcon_core.package_identification:_identify(src) by extension 'ignore_ament_install'
[1.409s] Level 1:colcon.colcon_core.package_identification:_identify(src) by extensions ['colcon_pkg']
[1.409s] Level 1:colcon.colcon_core.package_identification:_identify(src) by extension 'colcon_pkg'
[1.409s] Level 1:colcon.colcon_core.package_identification:_identify(src) by extensions ['colcon_meta']
[1.409s] Level 1:colcon.colcon_core.package_identification:_identify(src) by extension 'colcon_meta'
[1.409s] Level 1:colcon.colcon_core.package_identification:_identify(src) by extensions ['ros']
[1.409s] Level 1:colcon.colcon_core.package_identification:_identify(src) by extension 'ros'
[1.410s] Level 1:colcon.colcon_core.package_identification:_identify(src) by extensions ['cmake', 'python']
[1.410s] Level 1:colcon.colcon_core.package_identification:_identify(src) by extension 'cmake'
[1.410s] Level 1:colcon.colcon_core.package_identification:_identify(src) by extension 'python'
[1.410s] Level 1:colcon.colcon_core.package_identification:_identify(src) by extensions ['python_setup_py']
[1.410s] Level 1:colcon.colcon_core.package_identification:_identify(src) by extension 'python_setup_py'
[1.411s] Level 1:colcon.colcon_core.package_identification:_identify(src/drone_detector) by extensions ['ignore', 'ignore_ament_install']
[1.411s] Level 1:colcon.colcon_core.package_identification:_identify(src/drone_detector) by extension 'ignore'
[1.411s] Level 1:colcon.colcon_core.package_identification:_identify(src/drone_detector) by extension 'ignore_ament_install'
[1.412s] Level 1:colcon.colcon_core.package_identification:_identify(src/drone_detector) by extensions ['colcon_pkg']
[1.412s] Level 1:colcon.colcon_core.package_identification:_identify(src/drone_detector) by extension 'colcon_pkg'
[1.412s] Level 1:colcon.colcon_core.package_identification:_identify(src/drone_detector) by extensions ['colcon_meta']
[1.412s] Level 1:colcon.colcon_core.package_identification:_identify(src/drone_detector) by extension 'colcon_meta'
[1.413s] Level 1:colcon.colcon_core.package_identification:_identify(src/drone_detector) by extensions ['ros']
[1.413s] Level 1:colcon.colcon_core.package_identification:_identify(src/drone_detector) by extension 'ros'
[1.423s] DEBUG:colcon.colcon_core.package_identification:Package 'src/drone_detector' with type 'ros.ament_python' and name 'drone_detector'
[1.424s] Level 1:colcon.colcon_core.package_discovery:discover_packages(recursive) using defaults
[1.424s] Level 1:colcon.colcon_core.package_discovery:discover_packages(ignore) discover
[1.424s] Level 1:colcon.colcon_core.package_discovery:discover_packages(ignore) using defaults
[1.424s] Level 1:colcon.colcon_core.package_discovery:discover_packages(path) discover
[1.424s] Level 1:colcon.colcon_core.package_discovery:discover_packages(path) using defaults
[1.503s] Level 1:colcon.colcon_core.package_discovery:discover_packages(prefix_path) check parameters
[1.503s] Level 1:colcon.colcon_core.package_discovery:discover_packages(prefix_path) discover
[1.598s] DEBUG:colcon.colcon_installed_package_information.package_discovery:Found 3 installed packages in /home/stas/ros2_ws/install
[1.605s] DEBUG:colcon.colcon_installed_package_information.package_discovery:Found 270 installed packages in /opt/ros/humble
[1.609s] Level 1:colcon.colcon_core.package_discovery:discover_packages(prefix_path) using defaults
[1.825s] Level 5:colcon.colcon_core.verb:set package 'drone_detector' build argument 'cmake_args' from command line to 'None'
[1.825s] Level 5:colcon.colcon_core.verb:set package 'drone_detector' build argument 'cmake_target' from command line to 'None'
[1.825s] Level 5:colcon.colcon_core.verb:set package 'drone_detector' build argument 'cmake_target_skip_unavailable' from command line to 'False'
[1.826s] Level 5:colcon.colcon_core.verb:set package 'drone_detector' build argument 'cmake_clean_cache' from command line to 'False'
[1.826s] Level 5:colcon.colcon_core.verb:set package 'drone_detector' build argument 'cmake_clean_first' from command line to 'False'
[1.826s] Level 5:colcon.colcon_core.verb:set package 'drone_detector' build argument 'cmake_force_configure' from command line to 'False'
[1.826s] Level 5:colcon.colcon_core.verb:set package 'drone_detector' build argument 'ament_cmake_args' from command line to 'None'
[1.826s] Level 5:colcon.colcon_core.verb:set package 'drone_detector' build argument 'catkin_cmake_args' from command line to 'None'
[1.826s] Level 5:colcon.colcon_core.verb:set package 'drone_detector' build argument 'catkin_skip_building_tests' from command line to 'False'
[1.826s] DEBUG:colcon.colcon_core.verb:Building package 'drone_detector' with the following arguments: {'ament_cmake_args': None, 'build_base': '/home/stas/Dron/KNRDron/rosDron/build/drone_detector', 'catkin_cmake_args': None, 'catkin_skip_building_tests': False, 'cmake_args': None, 'cmake_clean_cache': False, 'cmake_clean_first': False, 'cmake_force_configure': False, 'cmake_target': None, 'cmake_target_skip_unavailable': False, 'install_base': '/home/stas/Dron/KNRDron/rosDron/install/drone_detector', 'merge_install': False, 'path': '/home/stas/Dron/KNRDron/rosDron/src/drone_detector', 'symlink_install': False, 'test_result_base': None}
[1.828s] INFO:colcon.colcon_core.executor:Executing jobs using 'parallel' executor
[1.838s] DEBUG:colcon.colcon_parallel_executor.executor.parallel:run_until_complete
[1.839s] INFO:colcon.colcon_ros.task.ament_python.build:Building ROS package in '/home/stas/Dron/KNRDron/rosDron/src/drone_detector' with build type 'ament_python'
[1.839s] Level 1:colcon.colcon_core.shell:create_environment_hook('drone_detector', 'ament_prefix_path')
[1.853s] INFO:colcon.colcon_core.plugin_system:Skipping extension 'colcon_core.shell.bat': Not used on non-Windows systems
[1.854s] INFO:colcon.colcon_core.shell:Creating environment hook '/home/stas/Dron/KNRDron/rosDron/install/drone_detector/share/drone_detector/hook/ament_prefix_path.ps1'
[1.856s] INFO:colcon.colcon_core.shell:Creating environment descriptor '/home/stas/Dron/KNRDron/rosDron/install/drone_detector/share/drone_detector/hook/ament_prefix_path.dsv'
[1.857s] INFO:colcon.colcon_core.shell:Creating environment hook '/home/stas/Dron/KNRDron/rosDron/install/drone_detector/share/drone_detector/hook/ament_prefix_path.sh'
[1.862s] INFO:colcon.colcon_core.shell:Skip shell extension 'powershell' for command environment: Not usable outside of PowerShell
[1.862s] DEBUG:colcon.colcon_core.shell:Skip shell extension 'dsv' for command environment
[2.451s] INFO:colcon.colcon_core.task.python.build:Building Python package in '/home/stas/Dron/KNRDron/rosDron/src/drone_detector'
[2.452s] INFO:colcon.colcon_core.shell:Skip shell extension 'powershell' for command environment: Not usable outside of PowerShell
[2.452s] DEBUG:colcon.colcon_core.shell:Skip shell extension 'dsv' for command environment
[3.238s] DEBUG:colcon.colcon_core.event_handler.log_command:Invoking command in '/home/stas/Dron/KNRDron/rosDron/src/drone_detector': CONDA_PROMPT_MODIFIER=(Dron) PYTHONPATH=/home/stas/Dron/KNRDron/rosDron/build/drone_detector/prefix_override:/home/stas/Dron/KNRDron/rosDron/install/drone_detector/lib/python3.10/site-packages:${PYTHONPATH} /usr/bin/python3 setup.py egg_info --egg-base ../../build/drone_detector build --build-base /home/stas/Dron/KNRDron/rosDron/build/drone_detector/build install --record /home/stas/Dron/KNRDron/rosDron/build/drone_detector/install.log --single-version-externally-managed
[3.728s] DEBUG:colcon.colcon_core.event_handler.log_command:Invoked command in '/home/stas/Dron/KNRDron/rosDron/src/drone_detector' returned '0': CONDA_PROMPT_MODIFIER=(Dron) PYTHONPATH=/home/stas/Dron/KNRDron/rosDron/build/drone_detector/prefix_override:/home/stas/Dron/KNRDron/rosDron/install/drone_detector/lib/python3.10/site-packages:${PYTHONPATH} /usr/bin/python3 setup.py egg_info --egg-base ../../build/drone_detector build --build-base /home/stas/Dron/KNRDron/rosDron/build/drone_detector/build install --record /home/stas/Dron/KNRDron/rosDron/build/drone_detector/install.log --single-version-externally-managed
[3.734s] Level 1:colcon.colcon_core.environment:checking '/home/stas/Dron/KNRDron/rosDron/install/drone_detector' for CMake module files
[3.734s] Level 1:colcon.colcon_core.environment:checking '/home/stas/Dron/KNRDron/rosDron/install/drone_detector' for CMake config files
[3.735s] Level 1:colcon.colcon_core.environment:checking '/home/stas/Dron/KNRDron/rosDron/install/drone_detector/lib'
[3.736s] Level 1:colcon.colcon_core.environment:checking '/home/stas/Dron/KNRDron/rosDron/install/drone_detector/bin'
[3.736s] Level 1:colcon.colcon_core.environment:checking '/home/stas/Dron/KNRDron/rosDron/install/drone_detector/lib/pkgconfig/drone_detector.pc'
[3.736s] Level 1:colcon.colcon_core.environment:checking '/home/stas/Dron/KNRDron/rosDron/install/drone_detector/lib/python3.10/site-packages'
[3.736s] Level 1:colcon.colcon_core.shell:create_environment_hook('drone_detector', 'pythonpath')
[3.738s] INFO:colcon.colcon_core.shell:Creating environment hook '/home/stas/Dron/KNRDron/rosDron/install/drone_detector/share/drone_detector/hook/pythonpath.ps1'
[3.739s] INFO:colcon.colcon_core.shell:Creating environment descriptor '/home/stas/Dron/KNRDron/rosDron/install/drone_detector/share/drone_detector/hook/pythonpath.dsv'
[3.739s] INFO:colcon.colcon_core.shell:Creating environment hook '/home/stas/Dron/KNRDron/rosDron/install/drone_detector/share/drone_detector/hook/pythonpath.sh'
[3.740s] Level 1:colcon.colcon_core.environment:checking '/home/stas/Dron/KNRDron/rosDron/install/drone_detector/bin'
[3.740s] Level 1:colcon.colcon_core.environment:create_environment_scripts_only(drone_detector)
[3.741s] INFO:colcon.colcon_core.shell:Creating package script '/home/stas/Dron/KNRDron/rosDron/install/drone_detector/share/drone_detector/package.ps1'
[3.743s] INFO:colcon.colcon_core.shell:Creating package descriptor '/home/stas/Dron/KNRDron/rosDron/install/drone_detector/share/drone_detector/package.dsv'
[3.743s] INFO:colcon.colcon_core.shell:Creating package script '/home/stas/Dron/KNRDron/rosDron/install/drone_detector/share/drone_detector/package.sh'
[3.744s] INFO:colcon.colcon_core.shell:Creating package script '/home/stas/Dron/KNRDron/rosDron/install/drone_detector/share/drone_detector/package.bash'
[3.745s] INFO:colcon.colcon_core.shell:Creating package script '/home/stas/Dron/KNRDron/rosDron/install/drone_detector/share/drone_detector/package.zsh'
[3.747s] Level 1:colcon.colcon_core.environment:create_file_with_runtime_dependencies(/home/stas/Dron/KNRDron/rosDron/install/drone_detector/share/colcon-core/packages/drone_detector)
[3.747s] DEBUG:colcon.colcon_parallel_executor.executor.parallel:closing loop
[3.748s] DEBUG:colcon.colcon_parallel_executor.executor.parallel:loop closed
[3.748s] DEBUG:colcon.colcon_parallel_executor.executor.parallel:run_until_complete finished with '0'
[3.748s] DEBUG:colcon.colcon_core.event_reactor:joining thread
[3.809s] INFO:colcon.colcon_core.plugin_system:Skipping extension 'colcon_notification.desktop_notification.terminal_notifier': Not used on non-Darwin systems
[3.809s] INFO:colcon.colcon_core.plugin_system:Skipping extension 'colcon_notification.desktop_notification.win32': Not used on non-Windows systems
[3.810s] INFO:colcon.colcon_notification.desktop_notification:Sending desktop notification using 'notify2'
[3.854s] DEBUG:colcon.colcon_core.event_reactor:joined thread
[3.860s] INFO:colcon.colcon_core.shell:Creating prefix script '/home/stas/Dron/KNRDron/rosDron/install/local_setup.ps1'
[3.865s] INFO:colcon.colcon_core.shell:Creating prefix util module '/home/stas/Dron/KNRDron/rosDron/install/_local_setup_util_ps1.py'
[3.869s] INFO:colcon.colcon_core.shell:Creating prefix chain script '/home/stas/Dron/KNRDron/rosDron/install/setup.ps1'
[3.874s] INFO:colcon.colcon_core.shell:Creating prefix script '/home/stas/Dron/KNRDron/rosDron/install/local_setup.sh'
[3.877s] INFO:colcon.colcon_core.shell:Creating prefix util module '/home/stas/Dron/KNRDron/rosDron/install/_local_setup_util_sh.py'
[3.879s] INFO:colcon.colcon_core.shell:Creating prefix chain script '/home/stas/Dron/KNRDron/rosDron/install/setup.sh'
[3.885s] INFO:colcon.colcon_core.shell:Creating prefix script '/home/stas/Dron/KNRDron/rosDron/install/local_setup.bash'
[3.886s] INFO:colcon.colcon_core.shell:Creating prefix chain script '/home/stas/Dron/KNRDron/rosDron/install/setup.bash'
[3.891s] INFO:colcon.colcon_core.shell:Creating prefix script '/home/stas/Dron/KNRDron/rosDron/install/local_setup.zsh'
[3.893s] INFO:colcon.colcon_core.shell:Creating prefix chain script '/home/stas/Dron/KNRDron/rosDron/install/setup.zsh'
