running egg_info
writing ../../build/drone_detector/drone_detector.egg-info/PKG-INFO
writing dependency_links to ../../build/drone_detector/drone_detector.egg-info/dependency_links.txt
writing entry points to ../../build/drone_detector/drone_detector.egg-info/entry_points.txt
writing requirements to ../../build/drone_detector/drone_detector.egg-info/requires.txt
writing top-level names to ../../build/drone_detector/drone_detector.egg-info/top_level.txt
reading manifest file '../../build/drone_detector/drone_detector.egg-info/SOURCES.txt'
writing manifest file '../../build/drone_detector/drone_detector.egg-info/SOURCES.txt'
running build
running build_py
running install
running install_lib
running install_data
copying launch/image_demo.launch.py -> /home/stas/Dron/KNRDron/rosDron/install/drone_detector/share/drone_detector
running install_egg_info
removing '/home/stas/Dron/KNRDron/rosDron/install/drone_detector/lib/python3.10/site-packages/drone_detector-0.0.0-py3.10.egg-info' (and everything under it)
Copying ../../build/drone_detector/drone_detector.egg-info to /home/stas/Dron/KNRDron/rosDron/install/drone_detector/lib/python3.10/site-packages/drone_detector-0.0.0-py3.10.egg-info
running install_scripts
Installing image_publisher script to /home/stas/Dron/KNRDron/rosDron/install/drone_detector/lib/drone_detector
Installing image_subscriber script to /home/stas/Dron/KNRDron/rosDron/install/drone_detector/lib/drone_detector
writing list of installed files to '/home/stas/Dron/KNRDron/rosDron/build/drone_detector/install.log'
