[0.282s] DEBUG:colcon:Command line arguments: ['/usr/bin/colcon', 'build']
[0.282s] DEBUG:colcon:Parsed command line arguments: Namespace(log_base=None, log_level=None, verb_name='build', build_base='build', install_base='install', merge_install=False, symlink_install=False, test_result_base=None, continue_on_error=False, executor='parallel', parallel_workers=8, event_handlers=None, ignore_user_meta=False, metas=['./colcon.meta'], base_paths=['.'], packages_ignore=None, packages_ignore_regex=None, paths=None, packages_up_to=None, packages_up_to_regex=None, packages_above=None, packages_above_and_dependencies=None, packages_above_depth=None, packages_select_by_dep=None, packages_skip_by_dep=None, packages_skip_up_to=None, packages_select_build_failed=False, packages_skip_build_finished=False, packages_select_test_failures=False, packages_skip_test_passed=False, packages_select=None, packages_skip=None, packages_select_regex=None, packages_skip_regex=None, packages_start=None, packages_end=None, allow_overriding=[], cmake_args=None, cmake_target=None, cmake_target_skip_unavailable=False, cmake_clean_cache=False, cmake_clean_first=False, cmake_force_configure=False, ament_cmake_args=None, catkin_cmake_args=None, catkin_skip_building_tests=False, verb_parser=<colcon_defaults.argument_parser.defaults.DefaultArgumentsDecorator object at 0x7f7280757f40>, verb_extension=<colcon_core.verb.build.BuildVerb object at 0x7f72806bfee0>, main=<bound method BuildVerb.main of <colcon_core.verb.build.BuildVerb object at 0x7f72806bfee0>>)
[0.311s] Level 1:colcon.colcon_core.package_discovery:discover_packages(colcon_meta) check parameters
[0.311s] Level 1:colcon.colcon_core.package_discovery:discover_packages(recursive) check parameters
[0.311s] Level 1:colcon.colcon_core.package_discovery:discover_packages(ignore) check parameters
[0.311s] Level 1:colcon.colcon_core.package_discovery:discover_packages(path) check parameters
[0.311s] Level 1:colcon.colcon_core.package_discovery:discover_packages(colcon_meta) discover
[0.311s] Level 1:colcon.colcon_core.package_discovery:discover_packages(recursive) discover
[0.311s] INFO:colcon.colcon_core.package_discovery:Crawling recursively for packages in '/home/stas/Dron/KNRDron/rosDron'
[0.311s] Level 1:colcon.colcon_core.package_identification:_identify(.) by extensions ['ignore', 'ignore_ament_install']
[0.311s] Level 1:colcon.colcon_core.package_identification:_identify(.) by extension 'ignore'
[0.311s] Level 1:colcon.colcon_core.package_identification:_identify(.) by extension 'ignore_ament_install'
[0.311s] Level 1:colcon.colcon_core.package_identification:_identify(.) by extensions ['colcon_pkg']
[0.311s] Level 1:colcon.colcon_core.package_identification:_identify(.) by extension 'colcon_pkg'
[0.311s] Level 1:colcon.colcon_core.package_identification:_identify(.) by extensions ['colcon_meta']
[0.311s] Level 1:colcon.colcon_core.package_identification:_identify(.) by extension 'colcon_meta'
[0.311s] Level 1:colcon.colcon_core.package_identification:_identify(.) by extensions ['ros']
[0.311s] Level 1:colcon.colcon_core.package_identification:_identify(.) by extension 'ros'
[0.322s] Level 1:colcon.colcon_core.package_identification:_identify(.) by extensions ['cmake', 'python']
[0.322s] Level 1:colcon.colcon_core.package_identification:_identify(.) by extension 'cmake'
[0.322s] Level 1:colcon.colcon_core.package_identification:_identify(.) by extension 'python'
[0.322s] Level 1:colcon.colcon_core.package_identification:_identify(.) by extensions ['python_setup_py']
[0.322s] Level 1:colcon.colcon_core.package_identification:_identify(.) by extension 'python_setup_py'
[0.322s] Level 1:colcon.colcon_core.package_identification:_identify(build) by extensions ['ignore', 'ignore_ament_install']
[0.322s] Level 1:colcon.colcon_core.package_identification:_identify(build) by extension 'ignore'
[0.322s] Level 1:colcon.colcon_core.package_identification:_identify(build) ignored
[0.322s] Level 1:colcon.colcon_core.package_identification:_identify(install) by extensions ['ignore', 'ignore_ament_install']
[0.322s] Level 1:colcon.colcon_core.package_identification:_identify(install) by extension 'ignore'
[0.323s] Level 1:colcon.colcon_core.package_identification:_identify(install) ignored
[0.323s] Level 1:colcon.colcon_core.package_identification:_identify(log) by extensions ['ignore', 'ignore_ament_install']
[0.323s] Level 1:colcon.colcon_core.package_identification:_identify(log) by extension 'ignore'
[0.323s] Level 1:colcon.colcon_core.package_identification:_identify(log) ignored
[0.323s] Level 1:colcon.colcon_core.package_identification:_identify(src) by extensions ['ignore', 'ignore_ament_install']
[0.323s] Level 1:colcon.colcon_core.package_identification:_identify(src) by extension 'ignore'
[0.323s] Level 1:colcon.colcon_core.package_identification:_identify(src) by extension 'ignore_ament_install'
[0.323s] Level 1:colcon.colcon_core.package_identification:_identify(src) by extensions ['colcon_pkg']
[0.323s] Level 1:colcon.colcon_core.package_identification:_identify(src) by extension 'colcon_pkg'
[0.323s] Level 1:colcon.colcon_core.package_identification:_identify(src) by extensions ['colcon_meta']
[0.323s] Level 1:colcon.colcon_core.package_identification:_identify(src) by extension 'colcon_meta'
[0.323s] Level 1:colcon.colcon_core.package_identification:_identify(src) by extensions ['ros']
[0.323s] Level 1:colcon.colcon_core.package_identification:_identify(src) by extension 'ros'
[0.323s] Level 1:colcon.colcon_core.package_identification:_identify(src) by extensions ['cmake', 'python']
[0.323s] Level 1:colcon.colcon_core.package_identification:_identify(src) by extension 'cmake'
[0.323s] Level 1:colcon.colcon_core.package_identification:_identify(src) by extension 'python'
[0.323s] Level 1:colcon.colcon_core.package_identification:_identify(src) by extensions ['python_setup_py']
[0.323s] Level 1:colcon.colcon_core.package_identification:_identify(src) by extension 'python_setup_py'
[0.324s] Level 1:colcon.colcon_core.package_identification:_identify(src/drone_detector) by extensions ['ignore', 'ignore_ament_install']
[0.324s] Level 1:colcon.colcon_core.package_identification:_identify(src/drone_detector) by extension 'ignore'
[0.324s] Level 1:colcon.colcon_core.package_identification:_identify(src/drone_detector) by extension 'ignore_ament_install'
[0.324s] Level 1:colcon.colcon_core.package_identification:_identify(src/drone_detector) by extensions ['colcon_pkg']
[0.324s] Level 1:colcon.colcon_core.package_identification:_identify(src/drone_detector) by extension 'colcon_pkg'
[0.324s] Level 1:colcon.colcon_core.package_identification:_identify(src/drone_detector) by extensions ['colcon_meta']
[0.324s] Level 1:colcon.colcon_core.package_identification:_identify(src/drone_detector) by extension 'colcon_meta'
[0.324s] Level 1:colcon.colcon_core.package_identification:_identify(src/drone_detector) by extensions ['ros']
[0.324s] Level 1:colcon.colcon_core.package_identification:_identify(src/drone_detector) by extension 'ros'
[0.326s] DEBUG:colcon.colcon_core.package_identification:Package 'src/drone_detector' with type 'ros.ament_python' and name 'drone_detector'
[0.326s] Level 1:colcon.colcon_core.package_identification:_identify(src/drone_interfaces) by extensions ['ignore', 'ignore_ament_install']
[0.326s] Level 1:colcon.colcon_core.package_identification:_identify(src/drone_interfaces) by extension 'ignore'
[0.327s] Level 1:colcon.colcon_core.package_identification:_identify(src/drone_interfaces) by extension 'ignore_ament_install'
[0.327s] Level 1:colcon.colcon_core.package_identification:_identify(src/drone_interfaces) by extensions ['colcon_pkg']
[0.327s] Level 1:colcon.colcon_core.package_identification:_identify(src/drone_interfaces) by extension 'colcon_pkg'
[0.327s] Level 1:colcon.colcon_core.package_identification:_identify(src/drone_interfaces) by extensions ['colcon_meta']
[0.327s] Level 1:colcon.colcon_core.package_identification:_identify(src/drone_interfaces) by extension 'colcon_meta'
[0.327s] Level 1:colcon.colcon_core.package_identification:_identify(src/drone_interfaces) by extensions ['ros']
[0.327s] Level 1:colcon.colcon_core.package_identification:_identify(src/drone_interfaces) by extension 'ros'
[0.327s] DEBUG:colcon.colcon_core.package_identification:Package 'src/drone_interfaces' with type 'ros.ament_cmake' and name 'drone_interfaces'
[0.327s] Level 1:colcon.colcon_core.package_discovery:discover_packages(recursive) using defaults
[0.327s] Level 1:colcon.colcon_core.package_discovery:discover_packages(ignore) discover
[0.327s] Level 1:colcon.colcon_core.package_discovery:discover_packages(ignore) using defaults
[0.327s] Level 1:colcon.colcon_core.package_discovery:discover_packages(path) discover
[0.327s] Level 1:colcon.colcon_core.package_discovery:discover_packages(path) using defaults
[0.349s] Level 1:colcon.colcon_core.package_discovery:discover_packages(prefix_path) check parameters
[0.349s] Level 1:colcon.colcon_core.package_discovery:discover_packages(prefix_path) discover
[0.352s] DEBUG:colcon.colcon_installed_package_information.package_discovery:Found 3 installed packages in /home/stas/ros2_ws/install
[0.353s] DEBUG:colcon.colcon_installed_package_information.package_discovery:Found 271 installed packages in /opt/ros/humble
[0.354s] Level 1:colcon.colcon_core.package_discovery:discover_packages(prefix_path) using defaults
[0.410s] Level 5:colcon.colcon_core.verb:set package 'drone_detector' build argument 'cmake_args' from command line to 'None'
[0.411s] Level 5:colcon.colcon_core.verb:set package 'drone_detector' build argument 'cmake_target' from command line to 'None'
[0.411s] Level 5:colcon.colcon_core.verb:set package 'drone_detector' build argument 'cmake_target_skip_unavailable' from command line to 'False'
[0.411s] Level 5:colcon.colcon_core.verb:set package 'drone_detector' build argument 'cmake_clean_cache' from command line to 'False'
[0.411s] Level 5:colcon.colcon_core.verb:set package 'drone_detector' build argument 'cmake_clean_first' from command line to 'False'
[0.411s] Level 5:colcon.colcon_core.verb:set package 'drone_detector' build argument 'cmake_force_configure' from command line to 'False'
[0.411s] Level 5:colcon.colcon_core.verb:set package 'drone_detector' build argument 'ament_cmake_args' from command line to 'None'
[0.411s] Level 5:colcon.colcon_core.verb:set package 'drone_detector' build argument 'catkin_cmake_args' from command line to 'None'
[0.411s] Level 5:colcon.colcon_core.verb:set package 'drone_detector' build argument 'catkin_skip_building_tests' from command line to 'False'
[0.411s] DEBUG:colcon.colcon_core.verb:Building package 'drone_detector' with the following arguments: {'ament_cmake_args': None, 'build_base': '/home/stas/Dron/KNRDron/rosDron/build/drone_detector', 'catkin_cmake_args': None, 'catkin_skip_building_tests': False, 'cmake_args': None, 'cmake_clean_cache': False, 'cmake_clean_first': False, 'cmake_force_configure': False, 'cmake_target': None, 'cmake_target_skip_unavailable': False, 'install_base': '/home/stas/Dron/KNRDron/rosDron/install/drone_detector', 'merge_install': False, 'path': '/home/stas/Dron/KNRDron/rosDron/src/drone_detector', 'symlink_install': False, 'test_result_base': None}
[0.412s] Level 5:colcon.colcon_core.verb:set package 'drone_interfaces' build argument 'cmake_args' from command line to 'None'
[0.412s] Level 5:colcon.colcon_core.verb:set package 'drone_interfaces' build argument 'cmake_target' from command line to 'None'
[0.412s] Level 5:colcon.colcon_core.verb:set package 'drone_interfaces' build argument 'cmake_target_skip_unavailable' from command line to 'False'
[0.412s] Level 5:colcon.colcon_core.verb:set package 'drone_interfaces' build argument 'cmake_clean_cache' from command line to 'False'
[0.412s] Level 5:colcon.colcon_core.verb:set package 'drone_interfaces' build argument 'cmake_clean_first' from command line to 'False'
[0.412s] Level 5:colcon.colcon_core.verb:set package 'drone_interfaces' build argument 'cmake_force_configure' from command line to 'False'
[0.412s] Level 5:colcon.colcon_core.verb:set package 'drone_interfaces' build argument 'ament_cmake_args' from command line to 'None'
[0.412s] Level 5:colcon.colcon_core.verb:set package 'drone_interfaces' build argument 'catkin_cmake_args' from command line to 'None'
[0.412s] Level 5:colcon.colcon_core.verb:set package 'drone_interfaces' build argument 'catkin_skip_building_tests' from command line to 'False'
[0.412s] DEBUG:colcon.colcon_core.verb:Building package 'drone_interfaces' with the following arguments: {'ament_cmake_args': None, 'build_base': '/home/stas/Dron/KNRDron/rosDron/build/drone_interfaces', 'catkin_cmake_args': None, 'catkin_skip_building_tests': False, 'cmake_args': None, 'cmake_clean_cache': False, 'cmake_clean_first': False, 'cmake_force_configure': False, 'cmake_target': None, 'cmake_target_skip_unavailable': False, 'install_base': '/home/stas/Dron/KNRDron/rosDron/install/drone_interfaces', 'merge_install': False, 'path': '/home/stas/Dron/KNRDron/rosDron/src/drone_interfaces', 'symlink_install': False, 'test_result_base': None}
[0.413s] INFO:colcon.colcon_core.executor:Executing jobs using 'parallel' executor
[0.416s] DEBUG:colcon.colcon_parallel_executor.executor.parallel:run_until_complete
[0.417s] INFO:colcon.colcon_ros.task.ament_python.build:Building ROS package in '/home/stas/Dron/KNRDron/rosDron/src/drone_detector' with build type 'ament_python'
[0.417s] Level 1:colcon.colcon_core.shell:create_environment_hook('drone_detector', 'ament_prefix_path')
[0.421s] INFO:colcon.colcon_core.plugin_system:Skipping extension 'colcon_core.shell.bat': Not used on non-Windows systems
[0.421s] INFO:colcon.colcon_core.shell:Creating environment hook '/home/stas/Dron/KNRDron/rosDron/install/drone_detector/share/drone_detector/hook/ament_prefix_path.ps1'
[0.421s] INFO:colcon.colcon_core.shell:Creating environment descriptor '/home/stas/Dron/KNRDron/rosDron/install/drone_detector/share/drone_detector/hook/ament_prefix_path.dsv'
[0.422s] INFO:colcon.colcon_core.shell:Creating environment hook '/home/stas/Dron/KNRDron/rosDron/install/drone_detector/share/drone_detector/hook/ament_prefix_path.sh'
[0.423s] INFO:colcon.colcon_core.shell:Skip shell extension 'powershell' for command environment: Not usable outside of PowerShell
[0.423s] DEBUG:colcon.colcon_core.shell:Skip shell extension 'dsv' for command environment
[0.427s] INFO:colcon.colcon_ros.task.ament_cmake.build:Building ROS package in '/home/stas/Dron/KNRDron/rosDron/src/drone_interfaces' with build type 'ament_cmake'
[0.427s] INFO:colcon.colcon_cmake.task.cmake.build:Building CMake package in '/home/stas/Dron/KNRDron/rosDron/src/drone_interfaces'
[0.429s] INFO:colcon.colcon_core.shell:Skip shell extension 'powershell' for command environment: Not usable outside of PowerShell
[0.429s] DEBUG:colcon.colcon_core.shell:Skip shell extension 'dsv' for command environment
[0.659s] INFO:colcon.colcon_core.task.python.build:Building Python package in '/home/stas/Dron/KNRDron/rosDron/src/drone_detector'
[0.660s] INFO:colcon.colcon_core.shell:Skip shell extension 'powershell' for command environment: Not usable outside of PowerShell
[0.660s] DEBUG:colcon.colcon_core.shell:Skip shell extension 'dsv' for command environment
[0.667s] DEBUG:colcon.colcon_core.event_handler.log_command:Invoking command in '/home/stas/Dron/KNRDron/rosDron/build/drone_interfaces': CMAKE_PREFIX_PATH=${CMAKE_PREFIX_PATH}:/home/stas/ros2_ws/install/turtlesim_pd_pkg:/home/stas/ros2_ws/install/my_py_pkg:/opt/ros/humble CONDA_PROMPT_MODIFIER=(Dron) /usr/bin/cmake /home/stas/Dron/KNRDron/rosDron/src/drone_interfaces -DCMAKE_INSTALL_PREFIX=/home/stas/Dron/KNRDron/rosDron/install/drone_interfaces
[0.979s] DEBUG:colcon.colcon_core.event_handler.log_command:Invoking command in '/home/stas/Dron/KNRDron/rosDron/src/drone_detector': CONDA_PROMPT_MODIFIER=(Dron) PYTHONPATH=/home/stas/Dron/KNRDron/rosDron/build/drone_detector/prefix_override:/home/stas/Dron/KNRDron/rosDron/install/drone_detector/lib/python3.10/site-packages:${PYTHONPATH} /usr/bin/python3 setup.py egg_info --egg-base ../../build/drone_detector build --build-base /home/stas/Dron/KNRDron/rosDron/build/drone_detector/build install --record /home/stas/Dron/KNRDron/rosDron/build/drone_detector/install.log --single-version-externally-managed
[1.274s] DEBUG:colcon.colcon_core.event_handler.log_command:Invoked command in '/home/stas/Dron/KNRDron/rosDron/src/drone_detector' returned '0': CONDA_PROMPT_MODIFIER=(Dron) PYTHONPATH=/home/stas/Dron/KNRDron/rosDron/build/drone_detector/prefix_override:/home/stas/Dron/KNRDron/rosDron/install/drone_detector/lib/python3.10/site-packages:${PYTHONPATH} /usr/bin/python3 setup.py egg_info --egg-base ../../build/drone_detector build --build-base /home/stas/Dron/KNRDron/rosDron/build/drone_detector/build install --record /home/stas/Dron/KNRDron/rosDron/build/drone_detector/install.log --single-version-externally-managed
[1.278s] Level 1:colcon.colcon_core.environment:checking '/home/stas/Dron/KNRDron/rosDron/install/drone_detector' for CMake module files
[1.279s] Level 1:colcon.colcon_core.environment:checking '/home/stas/Dron/KNRDron/rosDron/install/drone_detector' for CMake config files
[1.280s] Level 1:colcon.colcon_core.environment:checking '/home/stas/Dron/KNRDron/rosDron/install/drone_detector/lib'
[1.280s] Level 1:colcon.colcon_core.environment:checking '/home/stas/Dron/KNRDron/rosDron/install/drone_detector/bin'
[1.280s] Level 1:colcon.colcon_core.environment:checking '/home/stas/Dron/KNRDron/rosDron/install/drone_detector/lib/pkgconfig/drone_detector.pc'
[1.280s] Level 1:colcon.colcon_core.environment:checking '/home/stas/Dron/KNRDron/rosDron/install/drone_detector/lib/python3.10/site-packages'
[1.280s] Level 1:colcon.colcon_core.shell:create_environment_hook('drone_detector', 'pythonpath')
[1.281s] INFO:colcon.colcon_core.shell:Creating environment hook '/home/stas/Dron/KNRDron/rosDron/install/drone_detector/share/drone_detector/hook/pythonpath.ps1'
[1.282s] INFO:colcon.colcon_core.shell:Creating environment descriptor '/home/stas/Dron/KNRDron/rosDron/install/drone_detector/share/drone_detector/hook/pythonpath.dsv'
[1.282s] INFO:colcon.colcon_core.shell:Creating environment hook '/home/stas/Dron/KNRDron/rosDron/install/drone_detector/share/drone_detector/hook/pythonpath.sh'
[1.283s] Level 1:colcon.colcon_core.environment:checking '/home/stas/Dron/KNRDron/rosDron/install/drone_detector/bin'
[1.283s] Level 1:colcon.colcon_core.environment:create_environment_scripts_only(drone_detector)
[1.284s] INFO:colcon.colcon_core.shell:Creating package script '/home/stas/Dron/KNRDron/rosDron/install/drone_detector/share/drone_detector/package.ps1'
[1.285s] INFO:colcon.colcon_core.shell:Creating package descriptor '/home/stas/Dron/KNRDron/rosDron/install/drone_detector/share/drone_detector/package.dsv'
[1.286s] INFO:colcon.colcon_core.shell:Creating package script '/home/stas/Dron/KNRDron/rosDron/install/drone_detector/share/drone_detector/package.sh'
[1.286s] INFO:colcon.colcon_core.shell:Creating package script '/home/stas/Dron/KNRDron/rosDron/install/drone_detector/share/drone_detector/package.bash'
[1.287s] INFO:colcon.colcon_core.shell:Creating package script '/home/stas/Dron/KNRDron/rosDron/install/drone_detector/share/drone_detector/package.zsh'
[1.288s] Level 1:colcon.colcon_core.environment:create_file_with_runtime_dependencies(/home/stas/Dron/KNRDron/rosDron/install/drone_detector/share/colcon-core/packages/drone_detector)
[4.224s] DEBUG:colcon.colcon_core.event_handler.log_command:Invoked command in '/home/stas/Dron/KNRDron/rosDron/build/drone_interfaces' returned '1': CMAKE_PREFIX_PATH=${CMAKE_PREFIX_PATH}:/home/stas/ros2_ws/install/turtlesim_pd_pkg:/home/stas/ros2_ws/install/my_py_pkg:/opt/ros/humble CONDA_PROMPT_MODIFIER=(Dron) /usr/bin/cmake /home/stas/Dron/KNRDron/rosDron/src/drone_interfaces -DCMAKE_INSTALL_PREFIX=/home/stas/Dron/KNRDron/rosDron/install/drone_interfaces
[4.239s] Level 1:colcon.colcon_core.environment:create_environment_scripts_only(drone_interfaces)
[4.242s] Level 1:colcon.colcon_core.environment:checking '/home/stas/Dron/KNRDron/rosDron/install/drone_interfaces' for CMake module files
[4.243s] Level 1:colcon.colcon_core.environment:checking '/home/stas/Dron/KNRDron/rosDron/install/drone_interfaces' for CMake config files
[4.243s] Level 1:colcon.colcon_core.environment:checking '/home/stas/Dron/KNRDron/rosDron/install/drone_interfaces/bin'
[4.243s] Level 1:colcon.colcon_core.environment:checking '/home/stas/Dron/KNRDron/rosDron/install/drone_interfaces/lib/pkgconfig/drone_interfaces.pc'
[4.243s] Level 1:colcon.colcon_core.environment:checking '/home/stas/Dron/KNRDron/rosDron/install/drone_interfaces/lib/python3.10/site-packages'
[4.244s] Level 1:colcon.colcon_core.environment:checking '/home/stas/Dron/KNRDron/rosDron/install/drone_interfaces/bin'
[4.245s] INFO:colcon.colcon_core.shell:Creating package script '/home/stas/Dron/KNRDron/rosDron/install/drone_interfaces/share/drone_interfaces/package.ps1'
[4.246s] INFO:colcon.colcon_core.shell:Creating package descriptor '/home/stas/Dron/KNRDron/rosDron/install/drone_interfaces/share/drone_interfaces/package.dsv'
[4.246s] INFO:colcon.colcon_core.shell:Creating package script '/home/stas/Dron/KNRDron/rosDron/install/drone_interfaces/share/drone_interfaces/package.sh'
[4.246s] INFO:colcon.colcon_core.shell:Creating package script '/home/stas/Dron/KNRDron/rosDron/install/drone_interfaces/share/drone_interfaces/package.bash'
[4.247s] INFO:colcon.colcon_core.shell:Creating package script '/home/stas/Dron/KNRDron/rosDron/install/drone_interfaces/share/drone_interfaces/package.zsh'
[4.247s] Level 1:colcon.colcon_core.environment:create_file_with_runtime_dependencies(/home/stas/Dron/KNRDron/rosDron/install/drone_interfaces/share/colcon-core/packages/drone_interfaces)
[4.258s] DEBUG:colcon.colcon_parallel_executor.executor.parallel:closing loop
[4.258s] DEBUG:colcon.colcon_parallel_executor.executor.parallel:loop closed
[4.258s] DEBUG:colcon.colcon_parallel_executor.executor.parallel:run_until_complete finished with '1'
[4.258s] DEBUG:colcon.colcon_core.event_reactor:joining thread
[4.264s] INFO:colcon.colcon_core.plugin_system:Skipping extension 'colcon_notification.desktop_notification.terminal_notifier': Not used on non-Darwin systems
[4.264s] INFO:colcon.colcon_core.plugin_system:Skipping extension 'colcon_notification.desktop_notification.win32': Not used on non-Windows systems
[4.264s] INFO:colcon.colcon_notification.desktop_notification:Sending desktop notification using 'notify2'
[4.276s] DEBUG:colcon.colcon_core.event_reactor:joined thread
[4.278s] INFO:colcon.colcon_core.shell:Creating prefix script '/home/stas/Dron/KNRDron/rosDron/install/local_setup.ps1'
[4.278s] INFO:colcon.colcon_core.shell:Creating prefix util module '/home/stas/Dron/KNRDron/rosDron/install/_local_setup_util_ps1.py'
[4.280s] INFO:colcon.colcon_core.shell:Creating prefix chain script '/home/stas/Dron/KNRDron/rosDron/install/setup.ps1'
[4.282s] INFO:colcon.colcon_core.shell:Creating prefix script '/home/stas/Dron/KNRDron/rosDron/install/local_setup.sh'
[4.282s] INFO:colcon.colcon_core.shell:Creating prefix util module '/home/stas/Dron/KNRDron/rosDron/install/_local_setup_util_sh.py'
[4.283s] INFO:colcon.colcon_core.shell:Creating prefix chain script '/home/stas/Dron/KNRDron/rosDron/install/setup.sh'
[4.285s] INFO:colcon.colcon_core.shell:Creating prefix script '/home/stas/Dron/KNRDron/rosDron/install/local_setup.bash'
[4.286s] INFO:colcon.colcon_core.shell:Creating prefix chain script '/home/stas/Dron/KNRDron/rosDron/install/setup.bash'
[4.287s] INFO:colcon.colcon_core.shell:Creating prefix script '/home/stas/Dron/KNRDron/rosDron/install/local_setup.zsh'
[4.288s] INFO:colcon.colcon_core.shell:Creating prefix chain script '/home/stas/Dron/KNRDron/rosDron/install/setup.zsh'
