[0.228s] Invoking command in '/home/stas/Dron/KNRDron/rosDron/build/drone_interfaces': CMAKE_PREFIX_PATH=${CMAKE_PREFIX_PATH}:/home/stas/ros2_ws/install/turtlesim_pd_pkg:/home/stas/ros2_ws/install/my_py_pkg:/opt/ros/humble CONDA_PROMPT_MODIFIER=(base) /usr/bin/cmake --build /home/stas/Dron/KNRDron/rosDron/build/drone_interfaces -- -j8 -l8
[0.247s] -- Found ament_cmake: 1.3.3 (/opt/ros/humble/share/ament_cmake/cmake)
[0.367s] -- Found rosidl_default_generators: 1.2.0 (/opt/ros/humble/share/rosidl_default_generators/cmake)
[0.369s] -- Using all available rosidl_typesupport_c: rosidl_typesupport_fastrtps_c;rosidl_typesupport_introspection_c
[0.372s] -- Found rosidl_adapter: 3.1.4 (/opt/ros/humble/share/rosidl_adapter/cmake)
[0.400s] -- Using all available rosidl_typesupport_cpp: rosidl_typesupport_fastrtps_cpp;rosidl_typesupport_introspection_cpp
[0.526s] [31mCMake Error at /opt/ros/humble/share/rosidl_adapter/cmake/rosidl_adapt_interfaces.cmake:59 (message):
[0.527s]   execute_process(/home/stas/miniconda3/envs/Dron/bin/python3.10 -m
[0.527s]   rosidl_adapter --package-name drone_interfaces --arguments-file
[0.527s]   /home/stas/Dron/KNRDron/rosDron/build/drone_interfaces/rosidl_adapter__arguments__drone_interfaces.json
[0.527s]   --output-dir
[0.527s]   /home/stas/Dron/KNRDron/rosDron/build/drone_interfaces/rosidl_adapter/drone_interfaces
[0.527s]   --output-file
[0.527s]   /home/stas/Dron/KNRDron/rosDron/build/drone_interfaces/rosidl_adapter/drone_interfaces.idls)
[0.527s]   returned error code 1:
[0.527s] 
[0.527s]   Error processing 'bounding_box[] DetectionsList' of
[0.527s]   'drone_interfaces/DetectionsList': ''bounding_box' is an invalid message
[0.527s]   name.  It should have the pattern '^[A-Z][A-Za-z0-9]*$''
[0.527s] 
[0.527s]   Traceback (most recent call last):
[0.527s] 
[0.528s]     File "/home/stas/miniconda3/envs/Dron/lib/python3.10/runpy.py", line 196, in _run_module_as_main
[0.528s]       return _run_code(code, main_globals, None,
[0.528s]     File "/home/stas/miniconda3/envs/Dron/lib/python3.10/runpy.py", line 86, in _run_code
[0.528s]       exec(code, run_globals)
[0.528s]     File "/opt/ros/humble/local/lib/python3.10/dist-packages/rosidl_adapter/__main__.py", line 19, in <module>
[0.528s]       sys.exit(main())
[0.528s]     File "/opt/ros/humble/local/lib/python3.10/dist-packages/rosidl_adapter/main.py", line 53, in main
[0.528s]       abs_idl_file = convert_to_idl(
[0.528s]     File "/opt/ros/humble/local/lib/python3.10/dist-packages/rosidl_adapter/__init__.py", line 19, in convert_to_idl
[0.528s]       return convert_msg_to_idl(
[0.528s]     File "/opt/ros/humble/local/lib/python3.10/dist-packages/rosidl_adapter/msg/__init__.py", line 28, in convert_msg_to_idl
[0.528s]       msg = parse_message_string(package_name, input_file.stem, content)
[0.528s]     File "/opt/ros/humble/local/lib/python3.10/dist-packages/rosidl_adapter/parser.py", line 520, in parse_message_string
[0.528s]       Type(type_string, context_package_name=pkg_name),
[0.528s]     File "/opt/ros/humble/local/lib/python3.10/dist-packages/rosidl_adapter/parser.py", line 277, in __init__
[0.528s]       super(Type, self).__init__(
[0.528s]     File "/opt/ros/humble/local/lib/python3.10/dist-packages/rosidl_adapter/parser.py", line 205, in __init__
[0.529s]       raise InvalidResourceName(
[0.529s] 
[0.529s]   rosidl_adapter.parser.InvalidResourceName: 'bounding_box' is an invalid
[0.529s]   message name.  It should have the pattern '^[A-Z][A-Za-z0-9]*$'
[0.529s] 
[0.529s] Call Stack (most recent call first):
[0.529s]   /opt/ros/humble/share/rosidl_cmake/cmake/rosidl_generate_interfaces.cmake:130 (rosidl_adapt_interfaces)
[0.529s]   CMakeLists.txt:14 (rosidl_generate_interfaces)
[0.529s] 
[0.529s] [0m
[0.529s] -- Configuring incomplete, errors occurred!
[0.529s] See also "/home/stas/Dron/KNRDron/rosDron/build/drone_interfaces/CMakeFiles/CMakeOutput.log".
[0.531s] gmake: *** [Makefile:747: cmake_check_build_system] Error 1
[0.533s] Invoked command in '/home/stas/Dron/KNRDron/rosDron/build/drone_interfaces' returned '2': CMAKE_PREFIX_PATH=${CMAKE_PREFIX_PATH}:/home/stas/ros2_ws/install/turtlesim_pd_pkg:/home/stas/ros2_ws/install/my_py_pkg:/opt/ros/humble CONDA_PROMPT_MODIFIER=(base) /usr/bin/cmake --build /home/stas/Dron/KNRDron/rosDron/build/drone_interfaces -- -j8 -l8
