[  2%] Built target drone_interfaces__cpp
[ 12%] Built target drone_interfaces__rosidl_generator_c
[ 12%] Built target ament_cmake_python_copy_drone_interfaces
[ 33%] Built target drone_interfaces__rosidl_typesupport_introspection_cpp
[ 33%] Built target drone_interfaces__rosidl_typesupport_cpp
[ 43%] Built target drone_interfaces__rosidl_typesupport_c
[ 58%] Built target drone_interfaces__rosidl_typesupport_introspection_c
[ 64%] Built target drone_interfaces__rosidl_typesupport_fastrtps_c
[ 74%] Built target drone_interfaces__rosidl_typesupport_fastrtps_cpp
[ 74%] Built target drone_interfaces
[ 76%] Built target drone_interfaces__py
[ 84%] Built target drone_interfaces__rosidl_generator_py
[ 89%] Built target drone_interfaces__rosidl_typesupport_fastrtps_c__pyext
[ 94%] Built target drone_interfaces__rosidl_typesupport_c__pyext
[100%] Built target drone_interfaces__rosidl_typesupport_introspection_c__pyext
running egg_info
writing drone_interfaces.egg-info/PKG-INFO
writing dependency_links to drone_interfaces.egg-info/dependency_links.txt
writing top-level names to drone_interfaces.egg-info/top_level.txt
reading manifest file 'drone_interfaces.egg-info/SOURCES.txt'
writing manifest file 'drone_interfaces.egg-info/SOURCES.txt'
[100%] Built target ament_cmake_python_build_drone_interfaces_egg
-- Install configuration: ""
-- Up-to-date: /home/stas/Dron/KNRDron/rosDron/install/drone_interfaces/share/ament_index/resource_index/rosidl_interfaces/drone_interfaces
-- Up-to-date: /home/stas/Dron/KNRDron/rosDron/install/drone_interfaces/include/drone_interfaces/drone_interfaces
-- Up-to-date: /home/stas/Dron/KNRDron/rosDron/install/drone_interfaces/include/drone_interfaces/drone_interfaces/msg
-- Up-to-date: /home/stas/Dron/KNRDron/rosDron/install/drone_interfaces/include/drone_interfaces/drone_interfaces/msg/rosidl_generator_c__visibility_control.h
-- Up-to-date: /home/stas/Dron/KNRDron/rosDron/install/drone_interfaces/include/drone_interfaces/drone_interfaces/msg/detections_list.h
-- Up-to-date: /home/stas/Dron/KNRDron/rosDron/install/drone_interfaces/include/drone_interfaces/drone_interfaces/msg/detection.h
-- Up-to-date: /home/stas/Dron/KNRDron/rosDron/install/drone_interfaces/include/drone_interfaces/drone_interfaces/msg/detail
-- Up-to-date: /home/stas/Dron/KNRDron/rosDron/install/drone_interfaces/include/drone_interfaces/drone_interfaces/msg/detail/detections_list__functions.c
-- Up-to-date: /home/stas/Dron/KNRDron/rosDron/install/drone_interfaces/include/drone_interfaces/drone_interfaces/msg/detail/detections_list__functions.h
-- Up-to-date: /home/stas/Dron/KNRDron/rosDron/install/drone_interfaces/include/drone_interfaces/drone_interfaces/msg/detail/detection__functions.c
-- Up-to-date: /home/stas/Dron/KNRDron/rosDron/install/drone_interfaces/include/drone_interfaces/drone_interfaces/msg/detail/detection__type_support.h
-- Up-to-date: /home/stas/Dron/KNRDron/rosDron/install/drone_interfaces/include/drone_interfaces/drone_interfaces/msg/detail/detection__struct.h
-- Up-to-date: /home/stas/Dron/KNRDron/rosDron/install/drone_interfaces/include/drone_interfaces/drone_interfaces/msg/detail/detections_list__type_support.h
-- Up-to-date: /home/stas/Dron/KNRDron/rosDron/install/drone_interfaces/include/drone_interfaces/drone_interfaces/msg/detail/detections_list__struct.h
-- Up-to-date: /home/stas/Dron/KNRDron/rosDron/install/drone_interfaces/include/drone_interfaces/drone_interfaces/msg/detail/detection__functions.h
-- Up-to-date: /home/stas/Dron/KNRDron/rosDron/install/drone_interfaces/share/drone_interfaces/environment/library_path.sh
-- Up-to-date: /home/stas/Dron/KNRDron/rosDron/install/drone_interfaces/share/drone_interfaces/environment/library_path.dsv
-- Up-to-date: /home/stas/Dron/KNRDron/rosDron/install/drone_interfaces/lib/libdrone_interfaces__rosidl_generator_c.so
-- Up-to-date: /home/stas/Dron/KNRDron/rosDron/install/drone_interfaces/include/drone_interfaces/drone_interfaces
-- Up-to-date: /home/stas/Dron/KNRDron/rosDron/install/drone_interfaces/include/drone_interfaces/drone_interfaces/msg
-- Up-to-date: /home/stas/Dron/KNRDron/rosDron/install/drone_interfaces/include/drone_interfaces/drone_interfaces/msg/rosidl_typesupport_fastrtps_c__visibility_control.h
-- Up-to-date: /home/stas/Dron/KNRDron/rosDron/install/drone_interfaces/include/drone_interfaces/drone_interfaces/msg/detail
-- Up-to-date: /home/stas/Dron/KNRDron/rosDron/install/drone_interfaces/include/drone_interfaces/drone_interfaces/msg/detail/detection__rosidl_typesupport_fastrtps_c.h
-- Up-to-date: /home/stas/Dron/KNRDron/rosDron/install/drone_interfaces/include/drone_interfaces/drone_interfaces/msg/detail/detections_list__rosidl_typesupport_fastrtps_c.h
-- Up-to-date: /home/stas/Dron/KNRDron/rosDron/install/drone_interfaces/lib/libdrone_interfaces__rosidl_typesupport_fastrtps_c.so
-- Up-to-date: /home/stas/Dron/KNRDron/rosDron/install/drone_interfaces/include/drone_interfaces/drone_interfaces
-- Up-to-date: /home/stas/Dron/KNRDron/rosDron/install/drone_interfaces/include/drone_interfaces/drone_interfaces/msg
-- Up-to-date: /home/stas/Dron/KNRDron/rosDron/install/drone_interfaces/include/drone_interfaces/drone_interfaces/msg/rosidl_typesupport_introspection_c__visibility_control.h
-- Up-to-date: /home/stas/Dron/KNRDron/rosDron/install/drone_interfaces/include/drone_interfaces/drone_interfaces/msg/detail
-- Up-to-date: /home/stas/Dron/KNRDron/rosDron/install/drone_interfaces/include/drone_interfaces/drone_interfaces/msg/detail/detection__rosidl_typesupport_introspection_c.h
-- Up-to-date: /home/stas/Dron/KNRDron/rosDron/install/drone_interfaces/include/drone_interfaces/drone_interfaces/msg/detail/detection__type_support.c
-- Up-to-date: /home/stas/Dron/KNRDron/rosDron/install/drone_interfaces/include/drone_interfaces/drone_interfaces/msg/detail/detections_list__type_support.c
-- Up-to-date: /home/stas/Dron/KNRDron/rosDron/install/drone_interfaces/include/drone_interfaces/drone_interfaces/msg/detail/detections_list__rosidl_typesupport_introspection_c.h
-- Up-to-date: /home/stas/Dron/KNRDron/rosDron/install/drone_interfaces/lib/libdrone_interfaces__rosidl_typesupport_introspection_c.so
-- Up-to-date: /home/stas/Dron/KNRDron/rosDron/install/drone_interfaces/lib/libdrone_interfaces__rosidl_typesupport_c.so
-- Up-to-date: /home/stas/Dron/KNRDron/rosDron/install/drone_interfaces/include/drone_interfaces/drone_interfaces
-- Up-to-date: /home/stas/Dron/KNRDron/rosDron/install/drone_interfaces/include/drone_interfaces/drone_interfaces/msg
-- Up-to-date: /home/stas/Dron/KNRDron/rosDron/install/drone_interfaces/include/drone_interfaces/drone_interfaces/msg/detection.hpp
-- Up-to-date: /home/stas/Dron/KNRDron/rosDron/install/drone_interfaces/include/drone_interfaces/drone_interfaces/msg/detail
-- Up-to-date: /home/stas/Dron/KNRDron/rosDron/install/drone_interfaces/include/drone_interfaces/drone_interfaces/msg/detail/detection__builder.hpp
-- Up-to-date: /home/stas/Dron/KNRDron/rosDron/install/drone_interfaces/include/drone_interfaces/drone_interfaces/msg/detail/detections_list__traits.hpp
-- Up-to-date: /home/stas/Dron/KNRDron/rosDron/install/drone_interfaces/include/drone_interfaces/drone_interfaces/msg/detail/detections_list__builder.hpp
-- Up-to-date: /home/stas/Dron/KNRDron/rosDron/install/drone_interfaces/include/drone_interfaces/drone_interfaces/msg/detail/detection__traits.hpp
-- Up-to-date: /home/stas/Dron/KNRDron/rosDron/install/drone_interfaces/include/drone_interfaces/drone_interfaces/msg/detail/detections_list__struct.hpp
-- Up-to-date: /home/stas/Dron/KNRDron/rosDron/install/drone_interfaces/include/drone_interfaces/drone_interfaces/msg/detail/detection__struct.hpp
-- Up-to-date: /home/stas/Dron/KNRDron/rosDron/install/drone_interfaces/include/drone_interfaces/drone_interfaces/msg/detections_list.hpp
-- Up-to-date: /home/stas/Dron/KNRDron/rosDron/install/drone_interfaces/include/drone_interfaces/drone_interfaces
-- Up-to-date: /home/stas/Dron/KNRDron/rosDron/install/drone_interfaces/include/drone_interfaces/drone_interfaces/msg
-- Up-to-date: /home/stas/Dron/KNRDron/rosDron/install/drone_interfaces/include/drone_interfaces/drone_interfaces/msg/detail
-- Up-to-date: /home/stas/Dron/KNRDron/rosDron/install/drone_interfaces/include/drone_interfaces/drone_interfaces/msg/detail/dds_fastrtps
-- Up-to-date: /home/stas/Dron/KNRDron/rosDron/install/drone_interfaces/include/drone_interfaces/drone_interfaces/msg/detail/detection__rosidl_typesupport_fastrtps_cpp.hpp
-- Up-to-date: /home/stas/Dron/KNRDron/rosDron/install/drone_interfaces/include/drone_interfaces/drone_interfaces/msg/detail/detections_list__rosidl_typesupport_fastrtps_cpp.hpp
-- Up-to-date: /home/stas/Dron/KNRDron/rosDron/install/drone_interfaces/include/drone_interfaces/drone_interfaces/msg/rosidl_typesupport_fastrtps_cpp__visibility_control.h
-- Up-to-date: /home/stas/Dron/KNRDron/rosDron/install/drone_interfaces/lib/libdrone_interfaces__rosidl_typesupport_fastrtps_cpp.so
-- Up-to-date: /home/stas/Dron/KNRDron/rosDron/install/drone_interfaces/include/drone_interfaces/drone_interfaces
-- Up-to-date: /home/stas/Dron/KNRDron/rosDron/install/drone_interfaces/include/drone_interfaces/drone_interfaces/msg
-- Up-to-date: /home/stas/Dron/KNRDron/rosDron/install/drone_interfaces/include/drone_interfaces/drone_interfaces/msg/detail
-- Up-to-date: /home/stas/Dron/KNRDron/rosDron/install/drone_interfaces/include/drone_interfaces/drone_interfaces/msg/detail/detections_list__type_support.cpp
-- Up-to-date: /home/stas/Dron/KNRDron/rosDron/install/drone_interfaces/include/drone_interfaces/drone_interfaces/msg/detail/detection__rosidl_typesupport_introspection_cpp.hpp
-- Up-to-date: /home/stas/Dron/KNRDron/rosDron/install/drone_interfaces/include/drone_interfaces/drone_interfaces/msg/detail/detections_list__rosidl_typesupport_introspection_cpp.hpp
-- Up-to-date: /home/stas/Dron/KNRDron/rosDron/install/drone_interfaces/include/drone_interfaces/drone_interfaces/msg/detail/detection__type_support.cpp
-- Up-to-date: /home/stas/Dron/KNRDron/rosDron/install/drone_interfaces/lib/libdrone_interfaces__rosidl_typesupport_introspection_cpp.so
-- Up-to-date: /home/stas/Dron/KNRDron/rosDron/install/drone_interfaces/lib/libdrone_interfaces__rosidl_typesupport_cpp.so
-- Up-to-date: /home/stas/Dron/KNRDron/rosDron/install/drone_interfaces/share/drone_interfaces/environment/pythonpath.sh
-- Up-to-date: /home/stas/Dron/KNRDron/rosDron/install/drone_interfaces/share/drone_interfaces/environment/pythonpath.dsv
-- Up-to-date: /home/stas/Dron/KNRDron/rosDron/install/drone_interfaces/lib/python3.10/site-packages/drone_interfaces-0.0.0-py3.10.egg-info
-- Installing: /home/stas/Dron/KNRDron/rosDron/install/drone_interfaces/lib/python3.10/site-packages/drone_interfaces-0.0.0-py3.10.egg-info/top_level.txt
-- Installing: /home/stas/Dron/KNRDron/rosDron/install/drone_interfaces/lib/python3.10/site-packages/drone_interfaces-0.0.0-py3.10.egg-info/dependency_links.txt
-- Installing: /home/stas/Dron/KNRDron/rosDron/install/drone_interfaces/lib/python3.10/site-packages/drone_interfaces-0.0.0-py3.10.egg-info/SOURCES.txt
-- Installing: /home/stas/Dron/KNRDron/rosDron/install/drone_interfaces/lib/python3.10/site-packages/drone_interfaces-0.0.0-py3.10.egg-info/PKG-INFO
-- Up-to-date: /home/stas/Dron/KNRDron/rosDron/install/drone_interfaces/lib/python3.10/site-packages/drone_interfaces
-- Up-to-date: /home/stas/Dron/KNRDron/rosDron/install/drone_interfaces/lib/python3.10/site-packages/drone_interfaces/drone_interfaces_s__rosidl_typesupport_c.cpython-310-x86_64-linux-gnu.so
-- Up-to-date: /home/stas/Dron/KNRDron/rosDron/install/drone_interfaces/lib/python3.10/site-packages/drone_interfaces/_drone_interfaces_s.ep.rosidl_typesupport_c.c
-- Up-to-date: /home/stas/Dron/KNRDron/rosDron/install/drone_interfaces/lib/python3.10/site-packages/drone_interfaces/_drone_interfaces_s.ep.rosidl_typesupport_fastrtps_c.c
-- Up-to-date: /home/stas/Dron/KNRDron/rosDron/install/drone_interfaces/lib/python3.10/site-packages/drone_interfaces/drone_interfaces_s__rosidl_typesupport_fastrtps_c.cpython-310-x86_64-linux-gnu.so
-- Up-to-date: /home/stas/Dron/KNRDron/rosDron/install/drone_interfaces/lib/python3.10/site-packages/drone_interfaces/drone_interfaces_s__rosidl_typesupport_introspection_c.cpython-310-x86_64-linux-gnu.so
-- Up-to-date: /home/stas/Dron/KNRDron/rosDron/install/drone_interfaces/lib/python3.10/site-packages/drone_interfaces/__init__.py
-- Up-to-date: /home/stas/Dron/KNRDron/rosDron/install/drone_interfaces/lib/python3.10/site-packages/drone_interfaces/libdrone_interfaces__rosidl_generator_py.so
-- Up-to-date: /home/stas/Dron/KNRDron/rosDron/install/drone_interfaces/lib/python3.10/site-packages/drone_interfaces/_drone_interfaces_s.ep.rosidl_typesupport_introspection_c.c
-- Up-to-date: /home/stas/Dron/KNRDron/rosDron/install/drone_interfaces/lib/python3.10/site-packages/drone_interfaces/msg
-- Up-to-date: /home/stas/Dron/KNRDron/rosDron/install/drone_interfaces/lib/python3.10/site-packages/drone_interfaces/msg/_detection_s.c
-- Up-to-date: /home/stas/Dron/KNRDron/rosDron/install/drone_interfaces/lib/python3.10/site-packages/drone_interfaces/msg/_detection.py
-- Up-to-date: /home/stas/Dron/KNRDron/rosDron/install/drone_interfaces/lib/python3.10/site-packages/drone_interfaces/msg/_detections_list.py
-- Up-to-date: /home/stas/Dron/KNRDron/rosDron/install/drone_interfaces/lib/python3.10/site-packages/drone_interfaces/msg/_detections_list_s.c
-- Up-to-date: /home/stas/Dron/KNRDron/rosDron/install/drone_interfaces/lib/python3.10/site-packages/drone_interfaces/msg/__init__.py
Listing '/home/stas/Dron/KNRDron/rosDron/install/drone_interfaces/lib/python3.10/site-packages/drone_interfaces'...
Listing '/home/stas/Dron/KNRDron/rosDron/install/drone_interfaces/lib/python3.10/site-packages/drone_interfaces/msg'...
-- Up-to-date: /home/stas/Dron/KNRDron/rosDron/install/drone_interfaces/lib/python3.10/site-packages/drone_interfaces/drone_interfaces_s__rosidl_typesupport_fastrtps_c.cpython-310-x86_64-linux-gnu.so
-- Up-to-date: /home/stas/Dron/KNRDron/rosDron/install/drone_interfaces/lib/python3.10/site-packages/drone_interfaces/drone_interfaces_s__rosidl_typesupport_introspection_c.cpython-310-x86_64-linux-gnu.so
-- Up-to-date: /home/stas/Dron/KNRDron/rosDron/install/drone_interfaces/lib/python3.10/site-packages/drone_interfaces/drone_interfaces_s__rosidl_typesupport_c.cpython-310-x86_64-linux-gnu.so
-- Up-to-date: /home/stas/Dron/KNRDron/rosDron/install/drone_interfaces/lib/libdrone_interfaces__rosidl_generator_py.so
-- Up-to-date: /home/stas/Dron/KNRDron/rosDron/install/drone_interfaces/share/drone_interfaces/msg/Detection.idl
-- Up-to-date: /home/stas/Dron/KNRDron/rosDron/install/drone_interfaces/share/drone_interfaces/msg/DetectionsList.idl
-- Up-to-date: /home/stas/Dron/KNRDron/rosDron/install/drone_interfaces/share/drone_interfaces/msg/Detection.msg
-- Up-to-date: /home/stas/Dron/KNRDron/rosDron/install/drone_interfaces/share/drone_interfaces/msg/DetectionsList.msg
-- Up-to-date: /home/stas/Dron/KNRDron/rosDron/install/drone_interfaces/share/ament_index/resource_index/package_run_dependencies/drone_interfaces
-- Up-to-date: /home/stas/Dron/KNRDron/rosDron/install/drone_interfaces/share/ament_index/resource_index/parent_prefix_path/drone_interfaces
-- Up-to-date: /home/stas/Dron/KNRDron/rosDron/install/drone_interfaces/share/drone_interfaces/environment/ament_prefix_path.sh
-- Up-to-date: /home/stas/Dron/KNRDron/rosDron/install/drone_interfaces/share/drone_interfaces/environment/ament_prefix_path.dsv
-- Up-to-date: /home/stas/Dron/KNRDron/rosDron/install/drone_interfaces/share/drone_interfaces/environment/path.sh
-- Up-to-date: /home/stas/Dron/KNRDron/rosDron/install/drone_interfaces/share/drone_interfaces/environment/path.dsv
-- Up-to-date: /home/stas/Dron/KNRDron/rosDron/install/drone_interfaces/share/drone_interfaces/local_setup.bash
-- Up-to-date: /home/stas/Dron/KNRDron/rosDron/install/drone_interfaces/share/drone_interfaces/local_setup.sh
-- Up-to-date: /home/stas/Dron/KNRDron/rosDron/install/drone_interfaces/share/drone_interfaces/local_setup.zsh
-- Up-to-date: /home/stas/Dron/KNRDron/rosDron/install/drone_interfaces/share/drone_interfaces/local_setup.dsv
-- Installing: /home/stas/Dron/KNRDron/rosDron/install/drone_interfaces/share/drone_interfaces/package.dsv
-- Up-to-date: /home/stas/Dron/KNRDron/rosDron/install/drone_interfaces/share/ament_index/resource_index/packages/drone_interfaces
-- Up-to-date: /home/stas/Dron/KNRDron/rosDron/install/drone_interfaces/share/drone_interfaces/cmake/export_drone_interfaces__rosidl_generator_cExport.cmake
-- Up-to-date: /home/stas/Dron/KNRDron/rosDron/install/drone_interfaces/share/drone_interfaces/cmake/export_drone_interfaces__rosidl_generator_cExport-noconfig.cmake
-- Up-to-date: /home/stas/Dron/KNRDron/rosDron/install/drone_interfaces/share/drone_interfaces/cmake/export_drone_interfaces__rosidl_typesupport_fastrtps_cExport.cmake
-- Up-to-date: /home/stas/Dron/KNRDron/rosDron/install/drone_interfaces/share/drone_interfaces/cmake/export_drone_interfaces__rosidl_typesupport_fastrtps_cExport-noconfig.cmake
-- Up-to-date: /home/stas/Dron/KNRDron/rosDron/install/drone_interfaces/share/drone_interfaces/cmake/drone_interfaces__rosidl_typesupport_introspection_cExport.cmake
-- Up-to-date: /home/stas/Dron/KNRDron/rosDron/install/drone_interfaces/share/drone_interfaces/cmake/drone_interfaces__rosidl_typesupport_introspection_cExport-noconfig.cmake
-- Up-to-date: /home/stas/Dron/KNRDron/rosDron/install/drone_interfaces/share/drone_interfaces/cmake/drone_interfaces__rosidl_typesupport_cExport.cmake
-- Up-to-date: /home/stas/Dron/KNRDron/rosDron/install/drone_interfaces/share/drone_interfaces/cmake/drone_interfaces__rosidl_typesupport_cExport-noconfig.cmake
-- Up-to-date: /home/stas/Dron/KNRDron/rosDron/install/drone_interfaces/share/drone_interfaces/cmake/export_drone_interfaces__rosidl_generator_cppExport.cmake
-- Up-to-date: /home/stas/Dron/KNRDron/rosDron/install/drone_interfaces/share/drone_interfaces/cmake/export_drone_interfaces__rosidl_typesupport_fastrtps_cppExport.cmake
-- Up-to-date: /home/stas/Dron/KNRDron/rosDron/install/drone_interfaces/share/drone_interfaces/cmake/export_drone_interfaces__rosidl_typesupport_fastrtps_cppExport-noconfig.cmake
-- Up-to-date: /home/stas/Dron/KNRDron/rosDron/install/drone_interfaces/share/drone_interfaces/cmake/drone_interfaces__rosidl_typesupport_introspection_cppExport.cmake
-- Up-to-date: /home/stas/Dron/KNRDron/rosDron/install/drone_interfaces/share/drone_interfaces/cmake/drone_interfaces__rosidl_typesupport_introspection_cppExport-noconfig.cmake
-- Up-to-date: /home/stas/Dron/KNRDron/rosDron/install/drone_interfaces/share/drone_interfaces/cmake/drone_interfaces__rosidl_typesupport_cppExport.cmake
-- Up-to-date: /home/stas/Dron/KNRDron/rosDron/install/drone_interfaces/share/drone_interfaces/cmake/drone_interfaces__rosidl_typesupport_cppExport-noconfig.cmake
-- Up-to-date: /home/stas/Dron/KNRDron/rosDron/install/drone_interfaces/share/drone_interfaces/cmake/export_drone_interfaces__rosidl_generator_pyExport.cmake
-- Up-to-date: /home/stas/Dron/KNRDron/rosDron/install/drone_interfaces/share/drone_interfaces/cmake/export_drone_interfaces__rosidl_generator_pyExport-noconfig.cmake
-- Up-to-date: /home/stas/Dron/KNRDron/rosDron/install/drone_interfaces/share/drone_interfaces/cmake/rosidl_cmake-extras.cmake
-- Up-to-date: /home/stas/Dron/KNRDron/rosDron/install/drone_interfaces/share/drone_interfaces/cmake/ament_cmake_export_include_directories-extras.cmake
-- Up-to-date: /home/stas/Dron/KNRDron/rosDron/install/drone_interfaces/share/drone_interfaces/cmake/ament_cmake_export_libraries-extras.cmake
-- Up-to-date: /home/stas/Dron/KNRDron/rosDron/install/drone_interfaces/share/drone_interfaces/cmake/ament_cmake_export_targets-extras.cmake
-- Up-to-date: /home/stas/Dron/KNRDron/rosDron/install/drone_interfaces/share/drone_interfaces/cmake/rosidl_cmake_export_typesupport_targets-extras.cmake
-- Up-to-date: /home/stas/Dron/KNRDron/rosDron/install/drone_interfaces/share/drone_interfaces/cmake/ament_cmake_export_dependencies-extras.cmake
-- Up-to-date: /home/stas/Dron/KNRDron/rosDron/install/drone_interfaces/share/drone_interfaces/cmake/rosidl_cmake_export_typesupport_libraries-extras.cmake
-- Up-to-date: /home/stas/Dron/KNRDron/rosDron/install/drone_interfaces/share/drone_interfaces/cmake/drone_interfacesConfig.cmake
-- Up-to-date: /home/stas/Dron/KNRDron/rosDron/install/drone_interfaces/share/drone_interfaces/cmake/drone_interfacesConfig-version.cmake
-- Up-to-date: /home/stas/Dron/KNRDron/rosDron/install/drone_interfaces/share/drone_interfaces/package.xml
