[0.531s] Invoking command in '/home/stas/Dron/KNRDron/rosDron/src/drone_detector': CONDA_PROMPT_MODIFIER=(base) PYTHONPATH=/home/stas/Dron/KNRDron/rosDron/build/drone_detector/prefix_override:/home/stas/Dron/KNRDron/rosDron/install/drone_detector/lib/python3.10/site-packages:${PYTHONPATH} /usr/bin/python3 setup.py egg_info --egg-base ../../build/drone_detector build --build-base /home/stas/Dron/KNRDron/rosDron/build/drone_detector/build install --record /home/stas/Dron/KNRDron/rosDron/build/drone_detector/install.log --single-version-externally-managed
[0.738s] running egg_info
[0.740s] writing ../../build/drone_detector/drone_detector.egg-info/PKG-INFO
[0.740s] writing dependency_links to ../../build/drone_detector/drone_detector.egg-info/dependency_links.txt
[0.740s] writing entry points to ../../build/drone_detector/drone_detector.egg-info/entry_points.txt
[0.740s] writing requirements to ../../build/drone_detector/drone_detector.egg-info/requires.txt
[0.740s] writing top-level names to ../../build/drone_detector/drone_detector.egg-info/top_level.txt
[0.742s] reading manifest file '../../build/drone_detector/drone_detector.egg-info/SOURCES.txt'
[0.742s] writing manifest file '../../build/drone_detector/drone_detector.egg-info/SOURCES.txt'
[0.743s] running build
[0.743s] running build_py
[0.743s] copying drone_detector/detector.py -> /home/stas/Dron/KNRDron/rosDron/build/drone_detector/build/lib/drone_detector
[0.743s] running install
[0.743s] /usr/lib/python3/dist-packages/setuptools/command/install.py:34: SetuptoolsDeprecationWarning: setup.py install is deprecated. Use build and pip and other standards-based tools.
[0.743s]   warnings.warn(
[0.743s] running install_lib
[0.744s] copying /home/stas/Dron/KNRDron/rosDron/build/drone_detector/build/lib/drone_detector/detector.py -> /home/stas/Dron/KNRDron/rosDron/install/drone_detector/lib/python3.10/site-packages/drone_detector
[0.744s] byte-compiling /home/stas/Dron/KNRDron/rosDron/install/drone_detector/lib/python3.10/site-packages/drone_detector/detector.py to detector.cpython-310.pyc
[0.745s] running install_data
[0.745s] running install_egg_info
[0.747s] removing '/home/stas/Dron/KNRDron/rosDron/install/drone_detector/lib/python3.10/site-packages/drone_detector-0.0.0-py3.10.egg-info' (and everything under it)
[0.747s] Copying ../../build/drone_detector/drone_detector.egg-info to /home/stas/Dron/KNRDron/rosDron/install/drone_detector/lib/python3.10/site-packages/drone_detector-0.0.0-py3.10.egg-info
[0.748s] running install_scripts
[0.765s] Installing image_publisher script to /home/stas/Dron/KNRDron/rosDron/install/drone_detector/lib/drone_detector
[0.765s] Installing image_subscriber script to /home/stas/Dron/KNRDron/rosDron/install/drone_detector/lib/drone_detector
[0.765s] writing list of installed files to '/home/stas/Dron/KNRDron/rosDron/build/drone_detector/install.log'
[0.786s] Invoked command in '/home/stas/Dron/KNRDron/rosDron/src/drone_detector' returned '0': CONDA_PROMPT_MODIFIER=(base) PYTHONPATH=/home/stas/Dron/KNRDron/rosDron/build/drone_detector/prefix_override:/home/stas/Dron/KNRDron/rosDron/install/drone_detector/lib/python3.10/site-packages:${PYTHONPATH} /usr/bin/python3 setup.py egg_info --egg-base ../../build/drone_detector build --build-base /home/stas/Dron/KNRDron/rosDron/build/drone_detector/build install --record /home/stas/Dron/KNRDron/rosDron/build/drone_detector/install.log --single-version-externally-managed
