[0.707s] Invoking command in '/home/stas/Dron/KNRDron/rosDron/src/drone_detector': CONDA_PROMPT_MODIFIER=(Dron) PYTHONPATH=/home/stas/Dron/KNRDron/rosDron/build/drone_detector/prefix_override:/home/stas/Dron/KNRDron/rosDron/install/drone_detector/lib/python3.10/site-packages:${PYTHONPATH} /usr/bin/python3 setup.py egg_info --egg-base ../../build/drone_detector build --build-base /home/stas/Dron/KNRDron/rosDron/build/drone_detector/build install --record /home/stas/Dron/KNRDron/rosDron/build/drone_detector/install.log --single-version-externally-managed
[1.010s] running egg_info
[1.013s] writing ../../build/drone_detector/drone_detector.egg-info/PKG-INFO
[1.014s] writing dependency_links to ../../build/drone_detector/drone_detector.egg-info/dependency_links.txt
[1.014s] writing entry points to ../../build/drone_detector/drone_detector.egg-info/entry_points.txt
[1.015s] writing requirements to ../../build/drone_detector/drone_detector.egg-info/requires.txt
[1.016s] writing top-level names to ../../build/drone_detector/drone_detector.egg-info/top_level.txt
[1.017s] reading manifest file '../../build/drone_detector/drone_detector.egg-info/SOURCES.txt'
[1.018s] writing manifest file '../../build/drone_detector/drone_detector.egg-info/SOURCES.txt'
[1.018s] running build
[1.019s] running build_py
[1.020s] running install
[1.020s] /usr/lib/python3/dist-packages/setuptools/command/install.py:34: SetuptoolsDeprecationWarning: setup.py install is deprecated. Use build and pip and other standards-based tools.
[1.021s]   warnings.warn(
[1.022s] running install_lib
[1.023s] byte-compiling /home/stas/Dron/KNRDron/rosDron/install/drone_detector/lib/python3.10/site-packages/drone_detector/detector.py to detector.cpython-310.pyc
[1.024s] Sorry: IndentationError: unindent does not match any outer indentation level (detector.py, line 12)
[1.024s] running install_data
[1.028s] running install_egg_info
[1.028s] removing '/home/stas/Dron/KNRDron/rosDron/install/drone_detector/lib/python3.10/site-packages/drone_detector-0.0.0-py3.10.egg-info' (and everything under it)
[1.032s] Copying ../../build/drone_detector/drone_detector.egg-info to /home/stas/Dron/KNRDron/rosDron/install/drone_detector/lib/python3.10/site-packages/drone_detector-0.0.0-py3.10.egg-info
[1.034s] running install_scripts
[1.063s] Installing image_publisher script to /home/stas/Dron/KNRDron/rosDron/install/drone_detector/lib/drone_detector
[1.063s] Installing image_subscriber script to /home/stas/Dron/KNRDron/rosDron/install/drone_detector/lib/drone_detector
[1.064s] writing list of installed files to '/home/stas/Dron/KNRDron/rosDron/build/drone_detector/install.log'
[1.117s] Invoked command in '/home/stas/Dron/KNRDron/rosDron/src/drone_detector' returned '0': CONDA_PROMPT_MODIFIER=(Dron) PYTHONPATH=/home/stas/Dron/KNRDron/rosDron/build/drone_detector/prefix_override:/home/stas/Dron/KNRDron/rosDron/install/drone_detector/lib/python3.10/site-packages:${PYTHONPATH} /usr/bin/python3 setup.py egg_info --egg-base ../../build/drone_detector build --build-base /home/stas/Dron/KNRDron/rosDron/build/drone_detector/build install --record /home/stas/Dron/KNRDron/rosDron/build/drone_detector/install.log --single-version-externally-managed
