[0.240s] Invoking command in '/home/stas/Dron/KNRDron/rosDron/build/drone_interfaces': CMAKE_PREFIX_PATH=${CMAKE_PREFIX_PATH}:/home/stas/ros2_ws/install/turtlesim_pd_pkg:/home/stas/ros2_ws/install/my_py_pkg:/opt/ros/humble CONDA_PROMPT_MODIFIER=(Dron) /usr/bin/cmake /home/stas/Dron/KNRDron/rosDron/src/drone_interfaces -DCMAKE_INSTALL_PREFIX=/home/stas/Dron/KNRDron/rosDron/install/drone_interfaces
[0.616s] -- The C compiler identification is GNU 11.3.0
[0.897s] -- The CXX compiler identification is GNU 11.3.0
[1.001s] -- Detecting C compiler ABI info
[1.111s] -- Detecting C compiler ABI info - done
[1.122s] -- Check for working C compiler: /usr/bin/cc - skipped
[1.122s] -- Detecting C compile features
[1.159s] -- Detecting C compile features - done
[1.165s] -- Detecting CXX compiler ABI info
[1.303s] -- Detecting CXX compiler ABI info - done
[1.310s] -- Check for working CXX compiler: /usr/bin/c++ - skipped
[1.310s] -- Detecting CXX compile features
[1.311s] -- Detecting CXX compile features - done
[1.371s] -- Found ament_cmake: 1.3.3 (/opt/ros/humble/share/ament_cmake/cmake)
[2.067s] -- Found Python3: /home/stas/miniconda3/envs/Dron/bin/python3.10 (found version "3.10.9") found components: Interpreter 
[2.802s] -- Found rosidl_default_generators: 1.2.0 (/opt/ros/humble/share/rosidl_default_generators/cmake)
[2.897s] -- Using all available rosidl_typesupport_c: rosidl_typesupport_fastrtps_c;rosidl_typesupport_introspection_c
[3.101s] -- Found rosidl_adapter: 3.1.4 (/opt/ros/humble/share/rosidl_adapter/cmake)
[3.530s] -- Using all available rosidl_typesupport_cpp: rosidl_typesupport_fastrtps_cpp;rosidl_typesupport_introspection_cpp
[3.784s] [31mCMake Error at /opt/ros/humble/share/rosidl_adapter/cmake/rosidl_adapt_interfaces.cmake:59 (message):
[3.784s]   execute_process(/home/stas/miniconda3/envs/Dron/bin/python3.10 -m
[3.784s]   rosidl_adapter --package-name drone_interfaces --arguments-file
[3.784s]   /home/stas/Dron/KNRDron/rosDron/build/drone_interfaces/rosidl_adapter__arguments__drone_interfaces.json
[3.784s]   --output-dir
[3.785s]   /home/stas/Dron/KNRDron/rosDron/build/drone_interfaces/rosidl_adapter/drone_interfaces
[3.785s]   --output-file
[3.785s]   /home/stas/Dron/KNRDron/rosDron/build/drone_interfaces/rosidl_adapter/drone_interfaces.idls)
[3.785s]   returned error code 1:
[3.785s] 
[3.786s]   Traceback (most recent call last):
[3.786s] 
[3.786s]     File "/home/stas/miniconda3/envs/Dron/lib/python3.10/runpy.py", line 196, in _run_module_as_main
[3.786s]       return _run_code(code, main_globals, None,
[3.786s]     File "/home/stas/miniconda3/envs/Dron/lib/python3.10/runpy.py", line 86, in _run_code
[3.786s]       exec(code, run_globals)
[3.787s]     File "/opt/ros/humble/local/lib/python3.10/dist-packages/rosidl_adapter/__main__.py", line 19, in <module>
[3.787s]       sys.exit(main())
[3.787s]     File "/opt/ros/humble/local/lib/python3.10/dist-packages/rosidl_adapter/main.py", line 53, in main
[3.787s]       abs_idl_file = convert_to_idl(
[3.787s]     File "/opt/ros/humble/local/lib/python3.10/dist-packages/rosidl_adapter/__init__.py", line 18, in convert_to_idl
[3.787s]       from rosidl_adapter.msg import convert_msg_to_idl
[3.788s]     File "/opt/ros/humble/local/lib/python3.10/dist-packages/rosidl_adapter/msg/__init__.py", line 16, in <module>
[3.788s]       from rosidl_adapter.resource import expand_template
[3.788s]     File "/opt/ros/humble/local/lib/python3.10/dist-packages/rosidl_adapter/resource/__init__.py", line 19, in <module>
[3.788s]       import em
[3.788s] 
[3.788s]   ModuleNotFoundError: No module named 'em'
[3.789s] 
[3.789s] Call Stack (most recent call first):
[3.789s]   /opt/ros/humble/share/rosidl_cmake/cmake/rosidl_generate_interfaces.cmake:130 (rosidl_adapt_interfaces)
[3.789s]   CMakeLists.txt:15 (rosidl_generate_interfaces)
[3.789s] 
[3.789s] [0m
[3.790s] -- Configuring incomplete, errors occurred!
[3.790s] See also "/home/stas/Dron/KNRDron/rosDron/build/drone_interfaces/CMakeFiles/CMakeOutput.log".
[3.796s] Invoked command in '/home/stas/Dron/KNRDron/rosDron/build/drone_interfaces' returned '1': CMAKE_PREFIX_PATH=${CMAKE_PREFIX_PATH}:/home/stas/ros2_ws/install/turtlesim_pd_pkg:/home/stas/ros2_ws/install/my_py_pkg:/opt/ros/humble CONDA_PROMPT_MODIFIER=(Dron) /usr/bin/cmake /home/stas/Dron/KNRDron/rosDron/src/drone_interfaces -DCMAKE_INSTALL_PREFIX=/home/stas/Dron/KNRDron/rosDron/install/drone_interfaces
