[0.232s] Invoking command in '/home/stas/Dron/KNRDron/rosDron/build/drone_interfaces': CMAKE_PREFIX_PATH=${CMAKE_PREFIX_PATH}:/home/stas/ros2_ws/install/turtlesim_pd_pkg:/home/stas/ros2_ws/install/my_py_pkg:/opt/ros/humble CONDA_PROMPT_MODIFIER=(Dron) /usr/bin/cmake --build /home/stas/Dron/KNRDron/rosDron/build/drone_interfaces -- -j8 -l8
[0.666s] [  2%] Built target drone_interfaces__cpp
[0.698s] [ 12%] Built target drone_interfaces__rosidl_generator_c
[0.781s] [ 23%] Built target drone_interfaces__rosidl_typesupport_c
[0.852s] [ 23%] Built target ament_cmake_python_copy_drone_interfaces
[0.862s] [ 33%] Built target drone_interfaces__rosidl_typesupport_introspection_c
[0.897s] [ 43%] Built target drone_interfaces__rosidl_typesupport_cpp
[0.897s] [ 64%] Built target drone_interfaces__rosidl_typesupport_introspection_cpp
[0.897s] [ 64%] Built target drone_interfaces__rosidl_typesupport_fastrtps_cpp
[0.897s] [ 74%] Built target drone_interfaces__rosidl_typesupport_fastrtps_c
[0.917s] [ 74%] Built target drone_interfaces
[0.937s] [ 76%] Built target drone_interfaces__py
[1.065s] [ 84%] Built target drone_interfaces__rosidl_generator_py
[1.110s] [ 89%] Built target drone_interfaces__rosidl_typesupport_introspection_c__pyext
[1.122s] [ 94%] Built target drone_interfaces__rosidl_typesupport_fastrtps_c__pyext
[1.152s] [100%] Built target drone_interfaces__rosidl_typesupport_c__pyext
[1.278s] running egg_info
[1.286s] writing drone_interfaces.egg-info/PKG-INFO
[1.286s] writing dependency_links to drone_interfaces.egg-info/dependency_links.txt
[1.286s] writing top-level names to drone_interfaces.egg-info/top_level.txt
[1.311s] reading manifest file 'drone_interfaces.egg-info/SOURCES.txt'
[1.321s] writing manifest file 'drone_interfaces.egg-info/SOURCES.txt'
[1.342s] [100%] Built target ament_cmake_python_build_drone_interfaces_egg
[1.354s] Invoked command in '/home/stas/Dron/KNRDron/rosDron/build/drone_interfaces' returned '0': CMAKE_PREFIX_PATH=${CMAKE_PREFIX_PATH}:/home/stas/ros2_ws/install/turtlesim_pd_pkg:/home/stas/ros2_ws/install/my_py_pkg:/opt/ros/humble CONDA_PROMPT_MODIFIER=(Dron) /usr/bin/cmake --build /home/stas/Dron/KNRDron/rosDron/build/drone_interfaces -- -j8 -l8
[1.426s] Invoking command in '/home/stas/Dron/KNRDron/rosDron/build/drone_interfaces': CMAKE_PREFIX_PATH=${CMAKE_PREFIX_PATH}:/home/stas/ros2_ws/install/turtlesim_pd_pkg:/home/stas/ros2_ws/install/my_py_pkg:/opt/ros/humble CONDA_PROMPT_MODIFIER=(Dron) /usr/bin/cmake --install /home/stas/Dron/KNRDron/rosDron/build/drone_interfaces
[1.435s] -- Install configuration: ""
[1.435s] -- Up-to-date: /home/stas/Dron/KNRDron/rosDron/install/drone_interfaces/share/ament_index/resource_index/rosidl_interfaces/drone_interfaces
[1.435s] -- Up-to-date: /home/stas/Dron/KNRDron/rosDron/install/drone_interfaces/include/drone_interfaces/drone_interfaces
[1.436s] -- Up-to-date: /home/stas/Dron/KNRDron/rosDron/install/drone_interfaces/include/drone_interfaces/drone_interfaces/msg
[1.436s] -- Up-to-date: /home/stas/Dron/KNRDron/rosDron/install/drone_interfaces/include/drone_interfaces/drone_interfaces/msg/rosidl_generator_c__visibility_control.h
[1.436s] -- Up-to-date: /home/stas/Dron/KNRDron/rosDron/install/drone_interfaces/include/drone_interfaces/drone_interfaces/msg/detections_list.h
[1.436s] -- Up-to-date: /home/stas/Dron/KNRDron/rosDron/install/drone_interfaces/include/drone_interfaces/drone_interfaces/msg/detection.h
[1.436s] -- Up-to-date: /home/stas/Dron/KNRDron/rosDron/install/drone_interfaces/include/drone_interfaces/drone_interfaces/msg/detail
[1.436s] -- Up-to-date: /home/stas/Dron/KNRDron/rosDron/install/drone_interfaces/include/drone_interfaces/drone_interfaces/msg/detail/detections_list__functions.c
[1.436s] -- Up-to-date: /home/stas/Dron/KNRDron/rosDron/install/drone_interfaces/include/drone_interfaces/drone_interfaces/msg/detail/detections_list__functions.h
[1.436s] -- Up-to-date: /home/stas/Dron/KNRDron/rosDron/install/drone_interfaces/include/drone_interfaces/drone_interfaces/msg/detail/detection__functions.c
[1.436s] -- Up-to-date: /home/stas/Dron/KNRDron/rosDron/install/drone_interfaces/include/drone_interfaces/drone_interfaces/msg/detail/detection__type_support.h
[1.436s] -- Up-to-date: /home/stas/Dron/KNRDron/rosDron/install/drone_interfaces/include/drone_interfaces/drone_interfaces/msg/detail/detection__struct.h
[1.436s] -- Up-to-date: /home/stas/Dron/KNRDron/rosDron/install/drone_interfaces/include/drone_interfaces/drone_interfaces/msg/detail/detections_list__type_support.h
[1.437s] -- Up-to-date: /home/stas/Dron/KNRDron/rosDron/install/drone_interfaces/include/drone_interfaces/drone_interfaces/msg/detail/detections_list__struct.h
[1.437s] -- Up-to-date: /home/stas/Dron/KNRDron/rosDron/install/drone_interfaces/include/drone_interfaces/drone_interfaces/msg/detail/detection__functions.h
[1.437s] -- Up-to-date: /home/stas/Dron/KNRDron/rosDron/install/drone_interfaces/share/drone_interfaces/environment/library_path.sh
[1.437s] -- Up-to-date: /home/stas/Dron/KNRDron/rosDron/install/drone_interfaces/share/drone_interfaces/environment/library_path.dsv
[1.437s] -- Up-to-date: /home/stas/Dron/KNRDron/rosDron/install/drone_interfaces/lib/libdrone_interfaces__rosidl_generator_c.so
[1.437s] -- Up-to-date: /home/stas/Dron/KNRDron/rosDron/install/drone_interfaces/include/drone_interfaces/drone_interfaces
[1.437s] -- Up-to-date: /home/stas/Dron/KNRDron/rosDron/install/drone_interfaces/include/drone_interfaces/drone_interfaces/msg
[1.437s] -- Up-to-date: /home/stas/Dron/KNRDron/rosDron/install/drone_interfaces/include/drone_interfaces/drone_interfaces/msg/rosidl_typesupport_fastrtps_c__visibility_control.h
[1.437s] -- Up-to-date: /home/stas/Dron/KNRDron/rosDron/install/drone_interfaces/include/drone_interfaces/drone_interfaces/msg/detail
[1.438s] -- Up-to-date: /home/stas/Dron/KNRDron/rosDron/install/drone_interfaces/include/drone_interfaces/drone_interfaces/msg/detail/detection__rosidl_typesupport_fastrtps_c.h
[1.438s] -- Up-to-date: /home/stas/Dron/KNRDron/rosDron/install/drone_interfaces/include/drone_interfaces/drone_interfaces/msg/detail/detections_list__rosidl_typesupport_fastrtps_c.h
[1.438s] -- Up-to-date: /home/stas/Dron/KNRDron/rosDron/install/drone_interfaces/lib/libdrone_interfaces__rosidl_typesupport_fastrtps_c.so
[1.438s] -- Up-to-date: /home/stas/Dron/KNRDron/rosDron/install/drone_interfaces/include/drone_interfaces/drone_interfaces
[1.438s] -- Up-to-date: /home/stas/Dron/KNRDron/rosDron/install/drone_interfaces/include/drone_interfaces/drone_interfaces/msg
[1.438s] -- Up-to-date: /home/stas/Dron/KNRDron/rosDron/install/drone_interfaces/include/drone_interfaces/drone_interfaces/msg/rosidl_typesupport_introspection_c__visibility_control.h
[1.438s] -- Up-to-date: /home/stas/Dron/KNRDron/rosDron/install/drone_interfaces/include/drone_interfaces/drone_interfaces/msg/detail
[1.438s] -- Up-to-date: /home/stas/Dron/KNRDron/rosDron/install/drone_interfaces/include/drone_interfaces/drone_interfaces/msg/detail/detection__rosidl_typesupport_introspection_c.h
[1.438s] -- Up-to-date: /home/stas/Dron/KNRDron/rosDron/install/drone_interfaces/include/drone_interfaces/drone_interfaces/msg/detail/detection__type_support.c
[1.438s] -- Up-to-date: /home/stas/Dron/KNRDron/rosDron/install/drone_interfaces/include/drone_interfaces/drone_interfaces/msg/detail/detections_list__type_support.c
[1.439s] -- Up-to-date: /home/stas/Dron/KNRDron/rosDron/install/drone_interfaces/include/drone_interfaces/drone_interfaces/msg/detail/detections_list__rosidl_typesupport_introspection_c.h
[1.439s] -- Up-to-date: /home/stas/Dron/KNRDron/rosDron/install/drone_interfaces/lib/libdrone_interfaces__rosidl_typesupport_introspection_c.so
[1.439s] -- Up-to-date: /home/stas/Dron/KNRDron/rosDron/install/drone_interfaces/lib/libdrone_interfaces__rosidl_typesupport_c.so
[1.439s] -- Up-to-date: /home/stas/Dron/KNRDron/rosDron/install/drone_interfaces/include/drone_interfaces/drone_interfaces
[1.439s] -- Up-to-date: /home/stas/Dron/KNRDron/rosDron/install/drone_interfaces/include/drone_interfaces/drone_interfaces/msg
[1.440s] -- Up-to-date: /home/stas/Dron/KNRDron/rosDron/install/drone_interfaces/include/drone_interfaces/drone_interfaces/msg/detection.hpp
[1.440s] -- Up-to-date: /home/stas/Dron/KNRDron/rosDron/install/drone_interfaces/include/drone_interfaces/drone_interfaces/msg/detail
[1.440s] -- Up-to-date: /home/stas/Dron/KNRDron/rosDron/install/drone_interfaces/include/drone_interfaces/drone_interfaces/msg/detail/detection__builder.hpp
[1.440s] -- Up-to-date: /home/stas/Dron/KNRDron/rosDron/install/drone_interfaces/include/drone_interfaces/drone_interfaces/msg/detail/detections_list__traits.hpp
[1.440s] -- Up-to-date: /home/stas/Dron/KNRDron/rosDron/install/drone_interfaces/include/drone_interfaces/drone_interfaces/msg/detail/detections_list__builder.hpp
[1.440s] -- Up-to-date: /home/stas/Dron/KNRDron/rosDron/install/drone_interfaces/include/drone_interfaces/drone_interfaces/msg/detail/detection__traits.hpp
[1.440s] -- Up-to-date: /home/stas/Dron/KNRDron/rosDron/install/drone_interfaces/include/drone_interfaces/drone_interfaces/msg/detail/detections_list__struct.hpp
[1.440s] -- Up-to-date: /home/stas/Dron/KNRDron/rosDron/install/drone_interfaces/include/drone_interfaces/drone_interfaces/msg/detail/detection__struct.hpp
[1.440s] -- Up-to-date: /home/stas/Dron/KNRDron/rosDron/install/drone_interfaces/include/drone_interfaces/drone_interfaces/msg/detections_list.hpp
[1.440s] -- Up-to-date: /home/stas/Dron/KNRDron/rosDron/install/drone_interfaces/include/drone_interfaces/drone_interfaces
[1.441s] -- Up-to-date: /home/stas/Dron/KNRDron/rosDron/install/drone_interfaces/include/drone_interfaces/drone_interfaces/msg
[1.441s] -- Up-to-date: /home/stas/Dron/KNRDron/rosDron/install/drone_interfaces/include/drone_interfaces/drone_interfaces/msg/detail
[1.441s] -- Up-to-date: /home/stas/Dron/KNRDron/rosDron/install/drone_interfaces/include/drone_interfaces/drone_interfaces/msg/detail/dds_fastrtps
[1.441s] -- Up-to-date: /home/stas/Dron/KNRDron/rosDron/install/drone_interfaces/include/drone_interfaces/drone_interfaces/msg/detail/detection__rosidl_typesupport_fastrtps_cpp.hpp
[1.441s] -- Up-to-date: /home/stas/Dron/KNRDron/rosDron/install/drone_interfaces/include/drone_interfaces/drone_interfaces/msg/detail/detections_list__rosidl_typesupport_fastrtps_cpp.hpp
[1.441s] -- Up-to-date: /home/stas/Dron/KNRDron/rosDron/install/drone_interfaces/include/drone_interfaces/drone_interfaces/msg/rosidl_typesupport_fastrtps_cpp__visibility_control.h
[1.441s] -- Up-to-date: /home/stas/Dron/KNRDron/rosDron/install/drone_interfaces/lib/libdrone_interfaces__rosidl_typesupport_fastrtps_cpp.so
[1.441s] -- Up-to-date: /home/stas/Dron/KNRDron/rosDron/install/drone_interfaces/include/drone_interfaces/drone_interfaces
[1.441s] -- Up-to-date: /home/stas/Dron/KNRDron/rosDron/install/drone_interfaces/include/drone_interfaces/drone_interfaces/msg
[1.442s] -- Up-to-date: /home/stas/Dron/KNRDron/rosDron/install/drone_interfaces/include/drone_interfaces/drone_interfaces/msg/detail
[1.442s] -- Up-to-date: /home/stas/Dron/KNRDron/rosDron/install/drone_interfaces/include/drone_interfaces/drone_interfaces/msg/detail/detections_list__type_support.cpp
[1.442s] -- Up-to-date: /home/stas/Dron/KNRDron/rosDron/install/drone_interfaces/include/drone_interfaces/drone_interfaces/msg/detail/detection__rosidl_typesupport_introspection_cpp.hpp
[1.442s] -- Up-to-date: /home/stas/Dron/KNRDron/rosDron/install/drone_interfaces/include/drone_interfaces/drone_interfaces/msg/detail/detections_list__rosidl_typesupport_introspection_cpp.hpp
[1.442s] -- Up-to-date: /home/stas/Dron/KNRDron/rosDron/install/drone_interfaces/include/drone_interfaces/drone_interfaces/msg/detail/detection__type_support.cpp
[1.442s] -- Up-to-date: /home/stas/Dron/KNRDron/rosDron/install/drone_interfaces/lib/libdrone_interfaces__rosidl_typesupport_introspection_cpp.so
[1.442s] -- Up-to-date: /home/stas/Dron/KNRDron/rosDron/install/drone_interfaces/lib/libdrone_interfaces__rosidl_typesupport_cpp.so
[1.443s] -- Up-to-date: /home/stas/Dron/KNRDron/rosDron/install/drone_interfaces/share/drone_interfaces/environment/pythonpath.sh
[1.443s] -- Up-to-date: /home/stas/Dron/KNRDron/rosDron/install/drone_interfaces/share/drone_interfaces/environment/pythonpath.dsv
[1.443s] -- Up-to-date: /home/stas/Dron/KNRDron/rosDron/install/drone_interfaces/lib/python3.10/site-packages/drone_interfaces-0.0.0-py3.10.egg-info
[1.443s] -- Installing: /home/stas/Dron/KNRDron/rosDron/install/drone_interfaces/lib/python3.10/site-packages/drone_interfaces-0.0.0-py3.10.egg-info/top_level.txt
[1.443s] -- Installing: /home/stas/Dron/KNRDron/rosDron/install/drone_interfaces/lib/python3.10/site-packages/drone_interfaces-0.0.0-py3.10.egg-info/dependency_links.txt
[1.443s] -- Installing: /home/stas/Dron/KNRDron/rosDron/install/drone_interfaces/lib/python3.10/site-packages/drone_interfaces-0.0.0-py3.10.egg-info/SOURCES.txt
[1.443s] -- Installing: /home/stas/Dron/KNRDron/rosDron/install/drone_interfaces/lib/python3.10/site-packages/drone_interfaces-0.0.0-py3.10.egg-info/PKG-INFO
[1.444s] -- Up-to-date: /home/stas/Dron/KNRDron/rosDron/install/drone_interfaces/lib/python3.10/site-packages/drone_interfaces
[1.444s] -- Up-to-date: /home/stas/Dron/KNRDron/rosDron/install/drone_interfaces/lib/python3.10/site-packages/drone_interfaces/drone_interfaces_s__rosidl_typesupport_c.cpython-310-x86_64-linux-gnu.so
[1.444s] -- Up-to-date: /home/stas/Dron/KNRDron/rosDron/install/drone_interfaces/lib/python3.10/site-packages/drone_interfaces/_drone_interfaces_s.ep.rosidl_typesupport_c.c
[1.444s] -- Up-to-date: /home/stas/Dron/KNRDron/rosDron/install/drone_interfaces/lib/python3.10/site-packages/drone_interfaces/_drone_interfaces_s.ep.rosidl_typesupport_fastrtps_c.c
[1.444s] -- Up-to-date: /home/stas/Dron/KNRDron/rosDron/install/drone_interfaces/lib/python3.10/site-packages/drone_interfaces/drone_interfaces_s__rosidl_typesupport_fastrtps_c.cpython-310-x86_64-linux-gnu.so
[1.444s] -- Up-to-date: /home/stas/Dron/KNRDron/rosDron/install/drone_interfaces/lib/python3.10/site-packages/drone_interfaces/drone_interfaces_s__rosidl_typesupport_introspection_c.cpython-310-x86_64-linux-gnu.so
[1.444s] -- Up-to-date: /home/stas/Dron/KNRDron/rosDron/install/drone_interfaces/lib/python3.10/site-packages/drone_interfaces/__init__.py
[1.444s] -- Up-to-date: /home/stas/Dron/KNRDron/rosDron/install/drone_interfaces/lib/python3.10/site-packages/drone_interfaces/libdrone_interfaces__rosidl_generator_py.so
[1.444s] -- Up-to-date: /home/stas/Dron/KNRDron/rosDron/install/drone_interfaces/lib/python3.10/site-packages/drone_interfaces/_drone_interfaces_s.ep.rosidl_typesupport_introspection_c.c
[1.444s] -- Up-to-date: /home/stas/Dron/KNRDron/rosDron/install/drone_interfaces/lib/python3.10/site-packages/drone_interfaces/msg
[1.444s] -- Up-to-date: /home/stas/Dron/KNRDron/rosDron/install/drone_interfaces/lib/python3.10/site-packages/drone_interfaces/msg/_detection_s.c
[1.445s] -- Up-to-date: /home/stas/Dron/KNRDron/rosDron/install/drone_interfaces/lib/python3.10/site-packages/drone_interfaces/msg/_detection.py
[1.445s] -- Up-to-date: /home/stas/Dron/KNRDron/rosDron/install/drone_interfaces/lib/python3.10/site-packages/drone_interfaces/msg/_detections_list.py
[1.445s] -- Up-to-date: /home/stas/Dron/KNRDron/rosDron/install/drone_interfaces/lib/python3.10/site-packages/drone_interfaces/msg/_detections_list_s.c
[1.445s] -- Up-to-date: /home/stas/Dron/KNRDron/rosDron/install/drone_interfaces/lib/python3.10/site-packages/drone_interfaces/msg/__init__.py
[1.510s] Listing '/home/stas/Dron/KNRDron/rosDron/install/drone_interfaces/lib/python3.10/site-packages/drone_interfaces'...
[1.510s] Listing '/home/stas/Dron/KNRDron/rosDron/install/drone_interfaces/lib/python3.10/site-packages/drone_interfaces/msg'...
[1.515s] -- Up-to-date: /home/stas/Dron/KNRDron/rosDron/install/drone_interfaces/lib/python3.10/site-packages/drone_interfaces/drone_interfaces_s__rosidl_typesupport_fastrtps_c.cpython-310-x86_64-linux-gnu.so
[1.516s] -- Up-to-date: /home/stas/Dron/KNRDron/rosDron/install/drone_interfaces/lib/python3.10/site-packages/drone_interfaces/drone_interfaces_s__rosidl_typesupport_introspection_c.cpython-310-x86_64-linux-gnu.so
[1.516s] -- Up-to-date: /home/stas/Dron/KNRDron/rosDron/install/drone_interfaces/lib/python3.10/site-packages/drone_interfaces/drone_interfaces_s__rosidl_typesupport_c.cpython-310-x86_64-linux-gnu.so
[1.517s] -- Up-to-date: /home/stas/Dron/KNRDron/rosDron/install/drone_interfaces/lib/libdrone_interfaces__rosidl_generator_py.so
[1.517s] -- Up-to-date: /home/stas/Dron/KNRDron/rosDron/install/drone_interfaces/share/drone_interfaces/msg/Detection.idl
[1.518s] -- Up-to-date: /home/stas/Dron/KNRDron/rosDron/install/drone_interfaces/share/drone_interfaces/msg/DetectionsList.idl
[1.518s] -- Up-to-date: /home/stas/Dron/KNRDron/rosDron/install/drone_interfaces/share/drone_interfaces/msg/Detection.msg
[1.518s] -- Up-to-date: /home/stas/Dron/KNRDron/rosDron/install/drone_interfaces/share/drone_interfaces/msg/DetectionsList.msg
[1.518s] -- Up-to-date: /home/stas/Dron/KNRDron/rosDron/install/drone_interfaces/share/ament_index/resource_index/package_run_dependencies/drone_interfaces
[1.518s] -- Up-to-date: /home/stas/Dron/KNRDron/rosDron/install/drone_interfaces/share/ament_index/resource_index/parent_prefix_path/drone_interfaces
[1.518s] -- Up-to-date: /home/stas/Dron/KNRDron/rosDron/install/drone_interfaces/share/drone_interfaces/environment/ament_prefix_path.sh
[1.518s] -- Up-to-date: /home/stas/Dron/KNRDron/rosDron/install/drone_interfaces/share/drone_interfaces/environment/ament_prefix_path.dsv
[1.518s] -- Up-to-date: /home/stas/Dron/KNRDron/rosDron/install/drone_interfaces/share/drone_interfaces/environment/path.sh
[1.518s] -- Up-to-date: /home/stas/Dron/KNRDron/rosDron/install/drone_interfaces/share/drone_interfaces/environment/path.dsv
[1.518s] -- Up-to-date: /home/stas/Dron/KNRDron/rosDron/install/drone_interfaces/share/drone_interfaces/local_setup.bash
[1.519s] -- Up-to-date: /home/stas/Dron/KNRDron/rosDron/install/drone_interfaces/share/drone_interfaces/local_setup.sh
[1.519s] -- Up-to-date: /home/stas/Dron/KNRDron/rosDron/install/drone_interfaces/share/drone_interfaces/local_setup.zsh
[1.519s] -- Up-to-date: /home/stas/Dron/KNRDron/rosDron/install/drone_interfaces/share/drone_interfaces/local_setup.dsv
[1.519s] -- Installing: /home/stas/Dron/KNRDron/rosDron/install/drone_interfaces/share/drone_interfaces/package.dsv
[1.519s] -- Up-to-date: /home/stas/Dron/KNRDron/rosDron/install/drone_interfaces/share/ament_index/resource_index/packages/drone_interfaces
[1.526s] -- Up-to-date: /home/stas/Dron/KNRDron/rosDron/install/drone_interfaces/share/drone_interfaces/cmake/export_drone_interfaces__rosidl_generator_cExport.cmake
[1.527s] -- Up-to-date: /home/stas/Dron/KNRDron/rosDron/install/drone_interfaces/share/drone_interfaces/cmake/export_drone_interfaces__rosidl_generator_cExport-noconfig.cmake
[1.528s] -- Up-to-date: /home/stas/Dron/KNRDron/rosDron/install/drone_interfaces/share/drone_interfaces/cmake/export_drone_interfaces__rosidl_typesupport_fastrtps_cExport.cmake
[1.529s] -- Up-to-date: /home/stas/Dron/KNRDron/rosDron/install/drone_interfaces/share/drone_interfaces/cmake/export_drone_interfaces__rosidl_typesupport_fastrtps_cExport-noconfig.cmake
[1.529s] -- Up-to-date: /home/stas/Dron/KNRDron/rosDron/install/drone_interfaces/share/drone_interfaces/cmake/drone_interfaces__rosidl_typesupport_introspection_cExport.cmake
[1.530s] -- Up-to-date: /home/stas/Dron/KNRDron/rosDron/install/drone_interfaces/share/drone_interfaces/cmake/drone_interfaces__rosidl_typesupport_introspection_cExport-noconfig.cmake
[1.530s] -- Up-to-date: /home/stas/Dron/KNRDron/rosDron/install/drone_interfaces/share/drone_interfaces/cmake/drone_interfaces__rosidl_typesupport_cExport.cmake
[1.531s] -- Up-to-date: /home/stas/Dron/KNRDron/rosDron/install/drone_interfaces/share/drone_interfaces/cmake/drone_interfaces__rosidl_typesupport_cExport-noconfig.cmake
[1.531s] -- Up-to-date: /home/stas/Dron/KNRDron/rosDron/install/drone_interfaces/share/drone_interfaces/cmake/export_drone_interfaces__rosidl_generator_cppExport.cmake
[1.532s] -- Up-to-date: /home/stas/Dron/KNRDron/rosDron/install/drone_interfaces/share/drone_interfaces/cmake/export_drone_interfaces__rosidl_typesupport_fastrtps_cppExport.cmake
[1.532s] -- Up-to-date: /home/stas/Dron/KNRDron/rosDron/install/drone_interfaces/share/drone_interfaces/cmake/export_drone_interfaces__rosidl_typesupport_fastrtps_cppExport-noconfig.cmake
[1.533s] -- Up-to-date: /home/stas/Dron/KNRDron/rosDron/install/drone_interfaces/share/drone_interfaces/cmake/drone_interfaces__rosidl_typesupport_introspection_cppExport.cmake
[1.534s] -- Up-to-date: /home/stas/Dron/KNRDron/rosDron/install/drone_interfaces/share/drone_interfaces/cmake/drone_interfaces__rosidl_typesupport_introspection_cppExport-noconfig.cmake
[1.534s] -- Up-to-date: /home/stas/Dron/KNRDron/rosDron/install/drone_interfaces/share/drone_interfaces/cmake/drone_interfaces__rosidl_typesupport_cppExport.cmake
[1.534s] -- Up-to-date: /home/stas/Dron/KNRDron/rosDron/install/drone_interfaces/share/drone_interfaces/cmake/drone_interfaces__rosidl_typesupport_cppExport-noconfig.cmake
[1.535s] -- Up-to-date: /home/stas/Dron/KNRDron/rosDron/install/drone_interfaces/share/drone_interfaces/cmake/export_drone_interfaces__rosidl_generator_pyExport.cmake
[1.535s] -- Up-to-date: /home/stas/Dron/KNRDron/rosDron/install/drone_interfaces/share/drone_interfaces/cmake/export_drone_interfaces__rosidl_generator_pyExport-noconfig.cmake
[1.535s] -- Up-to-date: /home/stas/Dron/KNRDron/rosDron/install/drone_interfaces/share/drone_interfaces/cmake/rosidl_cmake-extras.cmake
[1.535s] -- Up-to-date: /home/stas/Dron/KNRDron/rosDron/install/drone_interfaces/share/drone_interfaces/cmake/ament_cmake_export_include_directories-extras.cmake
[1.535s] -- Up-to-date: /home/stas/Dron/KNRDron/rosDron/install/drone_interfaces/share/drone_interfaces/cmake/ament_cmake_export_libraries-extras.cmake
[1.536s] -- Up-to-date: /home/stas/Dron/KNRDron/rosDron/install/drone_interfaces/share/drone_interfaces/cmake/ament_cmake_export_targets-extras.cmake
[1.536s] -- Up-to-date: /home/stas/Dron/KNRDron/rosDron/install/drone_interfaces/share/drone_interfaces/cmake/rosidl_cmake_export_typesupport_targets-extras.cmake
[1.536s] -- Up-to-date: /home/stas/Dron/KNRDron/rosDron/install/drone_interfaces/share/drone_interfaces/cmake/ament_cmake_export_dependencies-extras.cmake
[1.536s] -- Up-to-date: /home/stas/Dron/KNRDron/rosDron/install/drone_interfaces/share/drone_interfaces/cmake/rosidl_cmake_export_typesupport_libraries-extras.cmake
[1.537s] -- Up-to-date: /home/stas/Dron/KNRDron/rosDron/install/drone_interfaces/share/drone_interfaces/cmake/drone_interfacesConfig.cmake
[1.537s] -- Up-to-date: /home/stas/Dron/KNRDron/rosDron/install/drone_interfaces/share/drone_interfaces/cmake/drone_interfacesConfig-version.cmake
[1.537s] -- Up-to-date: /home/stas/Dron/KNRDron/rosDron/install/drone_interfaces/share/drone_interfaces/package.xml
[1.545s] Invoked command in '/home/stas/Dron/KNRDron/rosDron/build/drone_interfaces' returned '0': CMAKE_PREFIX_PATH=${CMAKE_PREFIX_PATH}:/home/stas/ros2_ws/install/turtlesim_pd_pkg:/home/stas/ros2_ws/install/my_py_pkg:/opt/ros/humble CONDA_PROMPT_MODIFIER=(Dron) /usr/bin/cmake --install /home/stas/Dron/KNRDron/rosDron/build/drone_interfaces
